2018-07-25 05:32:20,751 INFO : Va consultar20 main.main(C:\xampp\htdocs\sailsiadco\admin\cotizacion\alta_cotizacion.php:29)
2018-07-25 05:32:20,758 INFO : valor del $molde_ancho 3 main.main(C:\xampp\htdocs\sailsiadco\admin\cotizacion\alta_cotizacion.php:50)
2018-07-25 05:32:20,762 INFO : 0 main.main(C:\xampp\htdocs\sailsiadco\admin\cotizacion\alta_cotizacion.php:146)
2018-07-25 05:34:05,441 INFO : Va consultar20 main.main(C:\xampp\htdocs\sailsiadco\admin\cotizacion\alta_cotizacion.php:29)
2018-07-25 05:34:05,443 INFO : valor del $molde_ancho 3 main.main(C:\xampp\htdocs\sailsiadco\admin\cotizacion\alta_cotizacion.php:50)
2018-07-25 05:34:05,459 INFO : 0 main.main(C:\xampp\htdocs\sailsiadco\admin\cotizacion\alta_cotizacion.php:146)
2018-07-25 05:35:00,899 INFO : Va consultar20 main.main(C:\xampp\htdocs\sailsiadco\admin\cotizacion\alta_cotizacion.php:29)
2018-07-25 05:35:00,904 INFO : valor del $molde_ancho 3 main.main(C:\xampp\htdocs\sailsiadco\admin\cotizacion\alta_cotizacion.php:50)
2018-07-25 05:35:00,906 INFO : 0 main.main(C:\xampp\htdocs\sailsiadco\admin\cotizacion\alta_cotizacion.php:146)
2018-07-25 05:35:33,323 ERROR: No se agregó colores de #20\n main.main(C:\xampp\htdocs\sailsiadco\admin\cotizacion\up_cotizacion.php:107)
2018-07-25 05:38:25,769 INFO : Va consultar20 main.main(C:\xampp\htdocs\sailsiadco\admin\cotizacion\alta_cotizacion.php:29)
2018-07-25 05:38:25,772 INFO : valor del $molde_ancho 3 main.main(C:\xampp\htdocs\sailsiadco\admin\cotizacion\alta_cotizacion.php:50)
2018-07-25 05:38:25,779 INFO : 0 main.main(C:\xampp\htdocs\sailsiadco\admin\cotizacion\alta_cotizacion.php:146)
2018-07-25 05:39:01,746 INFO : Va consultar20 main.main(C:\xampp\htdocs\sailsiadco\admin\cotizacion\alta_cotizacion.php:29)
2018-07-25 05:39:01,752 INFO : valor del $molde_ancho 3 main.main(C:\xampp\htdocs\sailsiadco\admin\cotizacion\alta_cotizacion.php:50)
2018-07-25 05:39:01,754 INFO : 0 main.main(C:\xampp\htdocs\sailsiadco\admin\cotizacion\alta_cotizacion.php:146)
2018-07-25 05:40:33,003 INFO : Va consultar20 main.main(C:\xampp\htdocs\sailsiadco\admin\cotizacion\alta_cotizacion.php:29)
2018-07-25 05:40:33,008 INFO : valor del $molde_ancho 3 main.main(C:\xampp\htdocs\sailsiadco\admin\cotizacion\alta_cotizacion.php:50)
2018-07-25 05:40:33,009 INFO : 0 main.main(C:\xampp\htdocs\sailsiadco\admin\cotizacion\alta_cotizacion.php:146)
2018-07-25 05:41:09,295 INFO : Agregó colores de #20 main.main(C:\xampp\htdocs\sailsiadco\admin\cotizacion\up_cotizacion.php:105)
2018-07-25 05:41:16,104 INFO : Va consultar20 main.main(C:\xampp\htdocs\sailsiadco\admin\cotizacion\alta_cotizacion.php:29)
2018-07-25 05:41:16,106 INFO : valor del $molde_ancho 3 main.main(C:\xampp\htdocs\sailsiadco\admin\cotizacion\alta_cotizacion.php:50)
2018-07-25 05:41:16,107 INFO : 0 main.main(C:\xampp\htdocs\sailsiadco\admin\cotizacion\alta_cotizacion.php:146)
2018-07-25 05:46:14,339 INFO : Va consultar20 main.main(C:\xampp\htdocs\sailsiadco\admin\cotizacion\alta_cotizacion.php:29)
2018-07-25 05:46:14,341 INFO : valor del $molde_ancho 3 main.main(C:\xampp\htdocs\sailsiadco\admin\cotizacion\alta_cotizacion.php:50)
2018-07-25 05:46:14,343 INFO : 0 main.main(C:\xampp\htdocs\sailsiadco\admin\cotizacion\alta_cotizacion.php:146)
2018-07-25 05:46:32,904 ERROR: No se agregó colores de #20\n main.main(C:\xampp\htdocs\sailsiadco\admin\cotizacion\up_cotizacion.php:107)
2018-07-25 05:48:44,833 INFO : Va consultar20 main.main(C:\xampp\htdocs\sailsiadco\admin\cotizacion\alta_cotizacion.php:29)
2018-07-25 05:48:44,835 INFO : valor del $molde_ancho 3 main.main(C:\xampp\htdocs\sailsiadco\admin\cotizacion\alta_cotizacion.php:50)
2018-07-25 05:48:44,838 INFO : 0 main.main(C:\xampp\htdocs\sailsiadco\admin\cotizacion\alta_cotizacion.php:146)
2018-07-25 05:48:59,363 INFO : Va consultar20 main.main(C:\xampp\htdocs\sailsiadco\admin\cotizacion\alta_cotizacion.php:29)
2018-07-25 05:48:59,365 INFO : valor del $molde_ancho 3 main.main(C:\xampp\htdocs\sailsiadco\admin\cotizacion\alta_cotizacion.php:50)
2018-07-25 05:48:59,389 INFO : 0 main.main(C:\xampp\htdocs\sailsiadco\admin\cotizacion\alta_cotizacion.php:146)
2018-07-25 05:50:14,885 ERROR: No se agregó colores de #20\n main.main(C:\xampp\htdocs\sailsiadco\admin\cotizacion\up_cotizacion.php:107)
2018-07-25 05:55:06,966 INFO : Va consultar20 main.main(C:\xampp\htdocs\sailsiadco\admin\cotizacion\alta_cotizacion.php:29)
2018-07-25 05:55:06,974 INFO : valor del $molde_ancho 3 main.main(C:\xampp\htdocs\sailsiadco\admin\cotizacion\alta_cotizacion.php:50)
2018-07-25 05:55:06,983 INFO : 0 main.main(C:\xampp\htdocs\sailsiadco\admin\cotizacion\alta_cotizacion.php:146)
2018-07-25 05:56:48,293 ERROR: No se agregó colores de #20\n main.main(C:\xampp\htdocs\sailsiadco\admin\cotizacion\up_cotizacion.php:107)
2018-07-25 05:57:42,452 INFO : Va consultar20 main.main(C:\xampp\htdocs\sailsiadco\admin\cotizacion\alta_cotizacion.php:29)
2018-07-25 05:57:42,455 INFO : valor del $molde_ancho 3 main.main(C:\xampp\htdocs\sailsiadco\admin\cotizacion\alta_cotizacion.php:50)
2018-07-25 05:57:42,476 INFO : 0 main.main(C:\xampp\htdocs\sailsiadco\admin\cotizacion\alta_cotizacion.php:146)
2018-07-25 05:58:04,919 ERROR: No se agregó colores de #20\n main.main(C:\xampp\htdocs\sailsiadco\admin\cotizacion\up_cotizacion.php:107)
2018-07-25 06:01:24,354 INFO : Va consultar20 main.main(C:\xampp\htdocs\sailsiadco\admin\cotizacion\alta_cotizacion.php:29)
2018-07-25 06:01:24,356 INFO : valor del $molde_ancho 3 main.main(C:\xampp\htdocs\sailsiadco\admin\cotizacion\alta_cotizacion.php:50)
2018-07-25 06:01:24,359 INFO : 0 main.main(C:\xampp\htdocs\sailsiadco\admin\cotizacion\alta_cotizacion.php:146)
2018-07-25 06:01:45,806 ERROR: No se agregó colores de #20\n main.main(C:\xampp\htdocs\sailsiadco\admin\cotizacion\up_cotizacion.php:107)
2018-07-25 06:02:59,875 INFO : Va consultar20 main.main(C:\xampp\htdocs\sailsiadco\admin\cotizacion\alta_cotizacion.php:29)
2018-07-25 06:02:59,879 INFO : valor del $molde_ancho 3 main.main(C:\xampp\htdocs\sailsiadco\admin\cotizacion\alta_cotizacion.php:50)
2018-07-25 06:02:59,882 INFO : 0 main.main(C:\xampp\htdocs\sailsiadco\admin\cotizacion\alta_cotizacion.php:146)
2018-07-25 06:03:21,485 INFO : Agregó colores de #20 main.main(C:\xampp\htdocs\sailsiadco\admin\cotizacion\up_cotizacion.php:105)
2018-07-25 06:03:39,439 INFO : Va consultar20 main.main(C:\xampp\htdocs\sailsiadco\admin\cotizacion\alta_cotizacion.php:29)
2018-07-25 06:03:39,441 INFO : valor del $molde_ancho 3 main.main(C:\xampp\htdocs\sailsiadco\admin\cotizacion\alta_cotizacion.php:50)
2018-07-25 06:03:39,461 INFO : 0 main.main(C:\xampp\htdocs\sailsiadco\admin\cotizacion\alta_cotizacion.php:146)
2018-07-25 06:04:06,630 INFO : Agregó colores de #20 main.main(C:\xampp\htdocs\sailsiadco\admin\cotizacion\up_cotizacion.php:105)
2018-07-25 06:05:16,200 INFO : Va consultar20 main.main(C:\xampp\htdocs\sailsiadco\admin\cotizacion\alta_cotizacion.php:29)
2018-07-25 06:05:16,202 INFO : valor del $molde_ancho 3 main.main(C:\xampp\htdocs\sailsiadco\admin\cotizacion\alta_cotizacion.php:50)
2018-07-25 06:05:16,204 INFO : 0 main.main(C:\xampp\htdocs\sailsiadco\admin\cotizacion\alta_cotizacion.php:146)
2018-07-25 06:05:21,405 ERROR: No se agregó colores de #20\n main.main(C:\xampp\htdocs\sailsiadco\admin\cotizacion\up_cotizacion.php:107)
2018-07-25 06:06:02,382 INFO : Va consultar20 main.main(C:\xampp\htdocs\sailsiadco\admin\cotizacion\alta_cotizacion.php:29)
2018-07-25 06:06:02,384 INFO : valor del $molde_ancho 3 main.main(C:\xampp\htdocs\sailsiadco\admin\cotizacion\alta_cotizacion.php:50)
2018-07-25 06:06:02,385 INFO : 0 main.main(C:\xampp\htdocs\sailsiadco\admin\cotizacion\alta_cotizacion.php:146)
2018-07-25 06:06:30,394 INFO : Agregó colores de #20 main.main(C:\xampp\htdocs\sailsiadco\admin\cotizacion\up_cotizacion.php:105)
2018-07-25 06:06:45,723 INFO : Va consultar20 main.main(C:\xampp\htdocs\sailsiadco\admin\cotizacion\alta_cotizacion.php:29)
2018-07-25 06:06:45,725 INFO : valor del $molde_ancho 3 main.main(C:\xampp\htdocs\sailsiadco\admin\cotizacion\alta_cotizacion.php:50)
2018-07-25 06:06:45,730 INFO : 0 main.main(C:\xampp\htdocs\sailsiadco\admin\cotizacion\alta_cotizacion.php:146)
2018-07-25 06:08:13,227 INFO : Va consultar20 main.main(C:\xampp\htdocs\sailsiadco\admin\cotizacion\alta_cotizacion.php:29)
2018-07-25 06:08:13,229 INFO : valor del $molde_ancho 3 main.main(C:\xampp\htdocs\sailsiadco\admin\cotizacion\alta_cotizacion.php:50)
2018-07-25 06:08:13,240 INFO : 0 main.main(C:\xampp\htdocs\sailsiadco\admin\cotizacion\alta_cotizacion.php:146)
2018-07-25 06:08:25,325 INFO : Va consultar20 main.main(C:\xampp\htdocs\sailsiadco\admin\cotizacion\alta_cotizacion.php:29)
2018-07-25 06:08:25,327 INFO : valor del $molde_ancho 3 main.main(C:\xampp\htdocs\sailsiadco\admin\cotizacion\alta_cotizacion.php:50)
2018-07-25 06:08:25,328 INFO : 0 main.main(C:\xampp\htdocs\sailsiadco\admin\cotizacion\alta_cotizacion.php:146)
2018-07-25 06:08:43,209 INFO : Va consultar20 main.main(C:\xampp\htdocs\sailsiadco\admin\cotizacion\alta_cotizacion.php:29)
2018-07-25 06:08:43,211 INFO : valor del $molde_ancho 3 main.main(C:\xampp\htdocs\sailsiadco\admin\cotizacion\alta_cotizacion.php:50)
2018-07-25 06:08:43,212 INFO : 0 main.main(C:\xampp\htdocs\sailsiadco\admin\cotizacion\alta_cotizacion.php:146)
2018-07-25 06:09:19,542 INFO : Va consultar20 main.main(C:\xampp\htdocs\sailsiadco\admin\cotizacion\alta_cotizacion.php:29)
2018-07-25 06:09:19,545 INFO : valor del $molde_ancho 3 main.main(C:\xampp\htdocs\sailsiadco\admin\cotizacion\alta_cotizacion.php:50)
2018-07-25 06:09:19,546 INFO : 0 main.main(C:\xampp\htdocs\sailsiadco\admin\cotizacion\alta_cotizacion.php:146)
2018-07-25 06:09:41,693 INFO : Va consultar20 main.main(C:\xampp\htdocs\sailsiadco\admin\cotizacion\alta_cotizacion.php:29)
2018-07-25 06:09:41,696 INFO : valor del $molde_ancho 3 main.main(C:\xampp\htdocs\sailsiadco\admin\cotizacion\alta_cotizacion.php:50)
2018-07-25 06:09:41,697 INFO : 0 main.main(C:\xampp\htdocs\sailsiadco\admin\cotizacion\alta_cotizacion.php:146)
2018-07-25 06:12:47,958 INFO : Va consultar20 main.main(C:\xampp\htdocs\sailsiadco\admin\cotizacion\alta_cotizacion.php:29)
2018-07-25 06:12:47,960 INFO : valor del $molde_ancho 3 main.main(C:\xampp\htdocs\sailsiadco\admin\cotizacion\alta_cotizacion.php:50)
2018-07-25 06:12:47,962 INFO : 0 main.main(C:\xampp\htdocs\sailsiadco\admin\cotizacion\alta_cotizacion.php:146)
