2018-08-14 05:45:06,019 INFO : Va consultar20 main.main(C:\xampp\htdocs\sailsiadco\admin\cotizacion\alta_cotizacion.php:31)
2018-08-14 05:45:06,269 INFO : valor del $molde_ancho 3 main.main(C:\xampp\htdocs\sailsiadco\admin\cotizacion\alta_cotizacion.php:52)
2018-08-14 05:45:06,627 INFO : 0 main.main(C:\xampp\htdocs\sailsiadco\admin\cotizacion\alta_cotizacion.php:148)
2018-08-14 05:46:47,603 INFO : Va consultar20 main.main(C:\xampp\htdocs\sailsiadco\admin\cotizacion\alta_cotizacion.php:31)
2018-08-14 05:46:47,606 INFO : valor del $molde_ancho 3 main.main(C:\xampp\htdocs\sailsiadco\admin\cotizacion\alta_cotizacion.php:52)
2018-08-14 05:46:47,612 INFO : 0 main.main(C:\xampp\htdocs\sailsiadco\admin\cotizacion\alta_cotizacion.php:148)
2018-08-14 05:46:47,652 INFO : Maquina: fklsajfajsdfjls main.main(C:\xampp\htdocs\sailsiadco\admin\cotizacion\alta_cotizacion.php:835)
2018-08-14 05:46:47,652 INFO : Maquina: asdfasf main.main(C:\xampp\htdocs\sailsiadco\admin\cotizacion\alta_cotizacion.php:835)
2018-08-14 05:46:47,653 INFO : Maquina: sdsafdsfas main.main(C:\xampp\htdocs\sailsiadco\admin\cotizacion\alta_cotizacion.php:835)
2018-08-14 05:48:35,215 INFO : Va consultar20 main.main(C:\xampp\htdocs\sailsiadco\admin\cotizacion\alta_cotizacion.php:31)
2018-08-14 05:48:35,217 INFO : valor del $molde_ancho 3 main.main(C:\xampp\htdocs\sailsiadco\admin\cotizacion\alta_cotizacion.php:52)
2018-08-14 05:48:35,228 INFO : 0 main.main(C:\xampp\htdocs\sailsiadco\admin\cotizacion\alta_cotizacion.php:148)
2018-08-14 05:48:35,274 INFO : Maquina: fklsajfajsdfjls main.main(C:\xampp\htdocs\sailsiadco\admin\cotizacion\alta_cotizacion.php:835)
2018-08-14 05:48:35,274 INFO : Maquina: asdfasf main.main(C:\xampp\htdocs\sailsiadco\admin\cotizacion\alta_cotizacion.php:835)
2018-08-14 05:48:35,274 INFO : Maquina: sdsafdsfas main.main(C:\xampp\htdocs\sailsiadco\admin\cotizacion\alta_cotizacion.php:835)
2018-08-14 05:51:28,173 INFO : Va consultar20 main.main(C:\xampp\htdocs\sailsiadco\admin\cotizacion\alta_cotizacion.php:31)
2018-08-14 05:51:28,175 INFO : valor del $molde_ancho 3 main.main(C:\xampp\htdocs\sailsiadco\admin\cotizacion\alta_cotizacion.php:52)
2018-08-14 05:51:28,187 INFO : 0 main.main(C:\xampp\htdocs\sailsiadco\admin\cotizacion\alta_cotizacion.php:148)
2018-08-14 05:51:28,316 INFO : Maquina: fklsajfajsdfjls main.main(C:\xampp\htdocs\sailsiadco\admin\cotizacion\alta_cotizacion.php:835)
2018-08-14 05:51:28,317 INFO : Maquina: asdfasf main.main(C:\xampp\htdocs\sailsiadco\admin\cotizacion\alta_cotizacion.php:835)
2018-08-14 05:51:28,317 INFO : Maquina: sdsafdsfas main.main(C:\xampp\htdocs\sailsiadco\admin\cotizacion\alta_cotizacion.php:835)
2018-08-14 06:00:21,617 INFO : Va consultar20 main.main(C:\xampp\htdocs\sailsiadco\admin\cotizacion\alta_cotizacion.php:31)
2018-08-14 06:00:21,621 INFO : valor del $molde_ancho 3 main.main(C:\xampp\htdocs\sailsiadco\admin\cotizacion\alta_cotizacion.php:52)
2018-08-14 06:00:21,651 INFO : 0 main.main(C:\xampp\htdocs\sailsiadco\admin\cotizacion\alta_cotizacion.php:148)
2018-08-14 06:00:23,025 INFO : Maquina: fklsajfajsdfjls main.main(C:\xampp\htdocs\sailsiadco\admin\cotizacion\alta_cotizacion.php:835)
2018-08-14 06:00:23,025 INFO : Maquina: asdfasf main.main(C:\xampp\htdocs\sailsiadco\admin\cotizacion\alta_cotizacion.php:835)
2018-08-14 06:00:23,026 INFO : Maquina: sdsafdsfas main.main(C:\xampp\htdocs\sailsiadco\admin\cotizacion\alta_cotizacion.php:835)
2018-08-14 06:08:18,966 INFO : Va consultar20 main.main(C:\xampp\htdocs\sailsiadco\admin\cotizacion\alta_cotizacion.php:31)
2018-08-14 06:08:18,968 INFO : valor del $molde_ancho 3 main.main(C:\xampp\htdocs\sailsiadco\admin\cotizacion\alta_cotizacion.php:52)
2018-08-14 06:08:18,970 INFO : 0 main.main(C:\xampp\htdocs\sailsiadco\admin\cotizacion\alta_cotizacion.php:148)
2018-08-14 06:08:19,054 INFO : Maquina: fklsajfajsdfjls main.main(C:\xampp\htdocs\sailsiadco\admin\cotizacion\alta_cotizacion.php:835)
2018-08-14 06:08:19,054 INFO : Maquina: asdfasf main.main(C:\xampp\htdocs\sailsiadco\admin\cotizacion\alta_cotizacion.php:835)
2018-08-14 06:08:19,054 INFO : Maquina: sdsafdsfas main.main(C:\xampp\htdocs\sailsiadco\admin\cotizacion\alta_cotizacion.php:835)
2018-08-14 06:09:40,527 INFO : Va consultar20 main.main(C:\xampp\htdocs\sailsiadco\admin\cotizacion\alta_cotizacion.php:31)
2018-08-14 06:09:40,530 INFO : valor del $molde_ancho 3 main.main(C:\xampp\htdocs\sailsiadco\admin\cotizacion\alta_cotizacion.php:52)
2018-08-14 06:09:40,531 INFO : 0 main.main(C:\xampp\htdocs\sailsiadco\admin\cotizacion\alta_cotizacion.php:148)
2018-08-14 06:09:40,566 INFO : Maquina: fklsajfajsdfjls main.main(C:\xampp\htdocs\sailsiadco\admin\cotizacion\alta_cotizacion.php:835)
2018-08-14 06:09:40,567 INFO : Maquina: asdfasf main.main(C:\xampp\htdocs\sailsiadco\admin\cotizacion\alta_cotizacion.php:835)
2018-08-14 06:09:40,567 INFO : Maquina: sdsafdsfas main.main(C:\xampp\htdocs\sailsiadco\admin\cotizacion\alta_cotizacion.php:835)
2018-08-14 06:18:34,739 INFO : Va consultar20 main.main(C:\xampp\htdocs\sailsiadco\admin\cotizacion\alta_cotizacion.php:31)
2018-08-14 06:18:34,742 INFO : valor del $molde_ancho 3 main.main(C:\xampp\htdocs\sailsiadco\admin\cotizacion\alta_cotizacion.php:52)
2018-08-14 06:18:34,743 INFO : 0 main.main(C:\xampp\htdocs\sailsiadco\admin\cotizacion\alta_cotizacion.php:148)
2018-08-14 06:18:34,807 INFO : Maquina: fklsajfajsdfjls main.main(C:\xampp\htdocs\sailsiadco\admin\cotizacion\alta_cotizacion.php:835)
2018-08-14 06:18:34,808 INFO : Maquina: asdfasf main.main(C:\xampp\htdocs\sailsiadco\admin\cotizacion\alta_cotizacion.php:835)
2018-08-14 06:18:34,808 INFO : Maquina: sdsafdsfas main.main(C:\xampp\htdocs\sailsiadco\admin\cotizacion\alta_cotizacion.php:835)
2018-08-14 06:25:47,632 INFO : Va consultar20 main.main(C:\xampp\htdocs\sailsiadco\admin\cotizacion\alta_cotizacion.php:31)
2018-08-14 06:25:47,636 INFO : valor del $molde_ancho 3 main.main(C:\xampp\htdocs\sailsiadco\admin\cotizacion\alta_cotizacion.php:52)
2018-08-14 06:25:47,641 INFO : 0 main.main(C:\xampp\htdocs\sailsiadco\admin\cotizacion\alta_cotizacion.php:148)
2018-08-14 06:25:47,683 INFO : Maquina: fklsajfajsdfjls main.main(C:\xampp\htdocs\sailsiadco\admin\cotizacion\alta_cotizacion.php:835)
2018-08-14 06:25:47,683 INFO : Maquina: asdfasf main.main(C:\xampp\htdocs\sailsiadco\admin\cotizacion\alta_cotizacion.php:835)
2018-08-14 06:25:47,683 INFO : Maquina: sdsafdsfas main.main(C:\xampp\htdocs\sailsiadco\admin\cotizacion\alta_cotizacion.php:835)
2018-08-14 06:26:40,796 INFO : Va consultar20 main.main(C:\xampp\htdocs\sailsiadco\admin\cotizacion\alta_cotizacion.php:31)
2018-08-14 06:26:40,798 INFO : valor del $molde_ancho 3 main.main(C:\xampp\htdocs\sailsiadco\admin\cotizacion\alta_cotizacion.php:52)
2018-08-14 06:26:40,799 INFO : 0 main.main(C:\xampp\htdocs\sailsiadco\admin\cotizacion\alta_cotizacion.php:148)
2018-08-14 06:26:41,205 INFO : Maquina: fklsajfajsdfjls main.main(C:\xampp\htdocs\sailsiadco\admin\cotizacion\alta_cotizacion.php:835)
2018-08-14 06:26:41,205 INFO : Maquina: asdfasf main.main(C:\xampp\htdocs\sailsiadco\admin\cotizacion\alta_cotizacion.php:835)
2018-08-14 06:26:41,205 INFO : Maquina: sdsafdsfas main.main(C:\xampp\htdocs\sailsiadco\admin\cotizacion\alta_cotizacion.php:835)
2018-08-14 06:27:20,076 INFO : Va consultar20 main.main(C:\xampp\htdocs\sailsiadco\admin\cotizacion\alta_cotizacion.php:31)
2018-08-14 06:27:20,079 INFO : valor del $molde_ancho 3 main.main(C:\xampp\htdocs\sailsiadco\admin\cotizacion\alta_cotizacion.php:52)
2018-08-14 06:27:20,080 INFO : 0 main.main(C:\xampp\htdocs\sailsiadco\admin\cotizacion\alta_cotizacion.php:148)
2018-08-14 06:27:20,125 INFO : Maquina: fklsajfajsdfjls main.main(C:\xampp\htdocs\sailsiadco\admin\cotizacion\alta_cotizacion.php:835)
2018-08-14 06:27:20,127 INFO : Maquina: asdfasf main.main(C:\xampp\htdocs\sailsiadco\admin\cotizacion\alta_cotizacion.php:835)
2018-08-14 06:27:20,127 INFO : Maquina: sdsafdsfas main.main(C:\xampp\htdocs\sailsiadco\admin\cotizacion\alta_cotizacion.php:835)
2018-08-14 06:29:33,625 INFO : Agreg贸 colores de #20 main.main(C:\xampp\htdocs\sailsiadco\admin\cotizacion\up_cotizacion.php:106)
2018-08-14 06:29:33,628 INFO : Prueba de obtener codigo1231231 main.main(C:\xampp\htdocs\sailsiadco\admin\cotizacion\up_cotizacion.php:111)
2018-08-14 06:29:33,636 INFO : Agreg贸 maquinas de #20 main.main(C:\xampp\htdocs\sailsiadco\admin\cotizacion\up_cotizacion.php:113)
2018-08-14 06:49:42,540 INFO : Va consultar20 main.main(C:\xampp\htdocs\sailsiadco\admin\cotizacion\alta_cotizacion.php:31)
2018-08-14 06:49:42,542 INFO : valor del $molde_ancho 3 main.main(C:\xampp\htdocs\sailsiadco\admin\cotizacion\alta_cotizacion.php:52)
2018-08-14 06:49:42,544 INFO : 0 main.main(C:\xampp\htdocs\sailsiadco\admin\cotizacion\alta_cotizacion.php:148)
2018-08-14 06:49:42,582 INFO : Maquina: fklsajfajsdfjls main.main(C:\xampp\htdocs\sailsiadco\admin\cotizacion\alta_cotizacion.php:835)
2018-08-14 06:49:42,583 INFO : Maquina: asdfasf main.main(C:\xampp\htdocs\sailsiadco\admin\cotizacion\alta_cotizacion.php:835)
2018-08-14 06:49:42,583 INFO : Maquina: sdsafdsfas main.main(C:\xampp\htdocs\sailsiadco\admin\cotizacion\alta_cotizacion.php:835)
2018-08-14 06:59:12,059 INFO : Agreg贸 colores de #20 main.main(C:\xampp\htdocs\sailsiadco\admin\cotizacion\up_cotizacion.php:106)
2018-08-14 06:59:12,062 INFO : Prueba de obtener codigo1231231 main.main(C:\xampp\htdocs\sailsiadco\admin\cotizacion\up_cotizacion.php:111)
2018-08-14 06:59:12,071 INFO : Agreg贸 maquinas de #20 main.main(C:\xampp\htdocs\sailsiadco\admin\cotizacion\up_cotizacion.php:113)
