2018-08-22 05:20:13,605 INFO : Va consultar20 main.main(C:\xampp\htdocs\sailsiadco\admin\cotizacion\alta_cotizacion.php:31)
2018-08-22 05:20:13,629 INFO : valor del $molde_ancho 3 main.main(C:\xampp\htdocs\sailsiadco\admin\cotizacion\alta_cotizacion.php:52)
2018-08-22 05:20:13,654 INFO : 0 main.main(C:\xampp\htdocs\sailsiadco\admin\cotizacion\alta_cotizacion.php:148)
2018-08-22 05:20:13,734 INFO : Maquina: fklsajfajsdfjls main.main(C:\xampp\htdocs\sailsiadco\admin\cotizacion\alta_cotizacion.php:835)
2018-08-22 05:20:13,734 INFO : Maquina: asdfasf main.main(C:\xampp\htdocs\sailsiadco\admin\cotizacion\alta_cotizacion.php:835)
2018-08-22 05:20:13,735 INFO : Maquina: sdsafdsfas main.main(C:\xampp\htdocs\sailsiadco\admin\cotizacion\alta_cotizacion.php:835)
2018-08-22 05:20:29,480 INFO : Va consultar20 main.main(C:\xampp\htdocs\sailsiadco\admin\cotizacion\alta_cotizacion.php:31)
2018-08-22 05:20:29,482 INFO : valor del $molde_ancho 3 main.main(C:\xampp\htdocs\sailsiadco\admin\cotizacion\alta_cotizacion.php:52)
2018-08-22 05:20:29,484 INFO : 0 main.main(C:\xampp\htdocs\sailsiadco\admin\cotizacion\alta_cotizacion.php:148)
2018-08-22 05:20:29,555 INFO : Maquina: fklsajfajsdfjls main.main(C:\xampp\htdocs\sailsiadco\admin\cotizacion\alta_cotizacion.php:835)
2018-08-22 05:20:29,555 INFO : Maquina: asdfasf main.main(C:\xampp\htdocs\sailsiadco\admin\cotizacion\alta_cotizacion.php:835)
2018-08-22 05:20:29,555 INFO : Maquina: sdsafdsfas main.main(C:\xampp\htdocs\sailsiadco\admin\cotizacion\alta_cotizacion.php:835)
2018-08-22 05:37:57,443 INFO : Va consultar20 main.main(C:\xampp\htdocs\sailsiadco\admin\cotizacion\alta_cotizacion.php:31)
2018-08-22 05:37:57,446 INFO : valor del $molde_ancho 3 main.main(C:\xampp\htdocs\sailsiadco\admin\cotizacion\alta_cotizacion.php:52)
2018-08-22 05:37:57,447 INFO : 0 main.main(C:\xampp\htdocs\sailsiadco\admin\cotizacion\alta_cotizacion.php:148)
2018-08-22 05:37:58,169 INFO : Maquina: fklsajfajsdfjls main.main(C:\xampp\htdocs\sailsiadco\admin\cotizacion\alta_cotizacion.php:835)
2018-08-22 05:37:58,169 INFO : Maquina: asdfasf main.main(C:\xampp\htdocs\sailsiadco\admin\cotizacion\alta_cotizacion.php:835)
2018-08-22 05:37:58,169 INFO : Maquina: sdsafdsfas main.main(C:\xampp\htdocs\sailsiadco\admin\cotizacion\alta_cotizacion.php:835)
2018-08-22 05:38:29,220 INFO : Va consultar20 main.main(C:\xampp\htdocs\sailsiadco\admin\cotizacion\alta_cotizacion.php:31)
2018-08-22 05:38:29,223 INFO : valor del $molde_ancho 3 main.main(C:\xampp\htdocs\sailsiadco\admin\cotizacion\alta_cotizacion.php:52)
2018-08-22 05:38:29,224 INFO : 0 main.main(C:\xampp\htdocs\sailsiadco\admin\cotizacion\alta_cotizacion.php:148)
2018-08-22 05:38:29,283 INFO : Maquina: fklsajfajsdfjls main.main(C:\xampp\htdocs\sailsiadco\admin\cotizacion\alta_cotizacion.php:835)
2018-08-22 05:38:29,283 INFO : Maquina: asdfasf main.main(C:\xampp\htdocs\sailsiadco\admin\cotizacion\alta_cotizacion.php:835)
2018-08-22 05:38:29,283 INFO : Maquina: sdsafdsfas main.main(C:\xampp\htdocs\sailsiadco\admin\cotizacion\alta_cotizacion.php:835)
2018-08-22 05:39:45,386 INFO : Va consultar20 main.main(C:\xampp\htdocs\sailsiadco\admin\cotizacion\alta_cotizacion.php:31)
2018-08-22 05:39:45,389 INFO : valor del $molde_ancho 3 main.main(C:\xampp\htdocs\sailsiadco\admin\cotizacion\alta_cotizacion.php:52)
2018-08-22 05:39:45,390 INFO : 0 main.main(C:\xampp\htdocs\sailsiadco\admin\cotizacion\alta_cotizacion.php:148)
2018-08-22 05:39:45,429 INFO : Maquina: fklsajfajsdfjls main.main(C:\xampp\htdocs\sailsiadco\admin\cotizacion\alta_cotizacion.php:835)
2018-08-22 05:39:45,429 INFO : Maquina: asdfasf main.main(C:\xampp\htdocs\sailsiadco\admin\cotizacion\alta_cotizacion.php:835)
2018-08-22 05:39:45,429 INFO : Maquina: sdsafdsfas main.main(C:\xampp\htdocs\sailsiadco\admin\cotizacion\alta_cotizacion.php:835)
2018-08-22 05:40:05,774 INFO : Va consultar20 main.main(C:\xampp\htdocs\sailsiadco\admin\cotizacion\alta_cotizacion.php:31)
2018-08-22 05:40:05,776 INFO : valor del $molde_ancho 3 main.main(C:\xampp\htdocs\sailsiadco\admin\cotizacion\alta_cotizacion.php:52)
2018-08-22 05:40:05,778 INFO : 0 main.main(C:\xampp\htdocs\sailsiadco\admin\cotizacion\alta_cotizacion.php:148)
2018-08-22 05:40:05,867 INFO : Maquina: fklsajfajsdfjls main.main(C:\xampp\htdocs\sailsiadco\admin\cotizacion\alta_cotizacion.php:835)
2018-08-22 05:40:05,867 INFO : Maquina: asdfasf main.main(C:\xampp\htdocs\sailsiadco\admin\cotizacion\alta_cotizacion.php:835)
2018-08-22 05:40:05,867 INFO : Maquina: sdsafdsfas main.main(C:\xampp\htdocs\sailsiadco\admin\cotizacion\alta_cotizacion.php:835)
2018-08-22 05:40:51,519 INFO : Va consultar20 main.main(C:\xampp\htdocs\sailsiadco\admin\cotizacion\alta_cotizacion.php:31)
2018-08-22 05:40:51,521 INFO : valor del $molde_ancho 3 main.main(C:\xampp\htdocs\sailsiadco\admin\cotizacion\alta_cotizacion.php:52)
2018-08-22 05:40:51,523 INFO : 0 main.main(C:\xampp\htdocs\sailsiadco\admin\cotizacion\alta_cotizacion.php:148)
2018-08-22 05:40:52,062 INFO : Maquina: fklsajfajsdfjls main.main(C:\xampp\htdocs\sailsiadco\admin\cotizacion\alta_cotizacion.php:835)
2018-08-22 05:40:52,062 INFO : Maquina: asdfasf main.main(C:\xampp\htdocs\sailsiadco\admin\cotizacion\alta_cotizacion.php:835)
2018-08-22 05:40:52,062 INFO : Maquina: sdsafdsfas main.main(C:\xampp\htdocs\sailsiadco\admin\cotizacion\alta_cotizacion.php:835)
2018-08-22 05:44:32,820 INFO : Va consultar20 main.main(C:\xampp\htdocs\sailsiadco\admin\cotizacion\alta_cotizacion.php:31)
2018-08-22 05:44:32,823 INFO : valor del $molde_ancho 3 main.main(C:\xampp\htdocs\sailsiadco\admin\cotizacion\alta_cotizacion.php:52)
2018-08-22 05:44:32,842 INFO : 0 main.main(C:\xampp\htdocs\sailsiadco\admin\cotizacion\alta_cotizacion.php:148)
2018-08-22 05:44:32,888 INFO : Maquina: fklsajfajsdfjls main.main(C:\xampp\htdocs\sailsiadco\admin\cotizacion\alta_cotizacion.php:835)
2018-08-22 05:44:32,888 INFO : Maquina: asdfasf main.main(C:\xampp\htdocs\sailsiadco\admin\cotizacion\alta_cotizacion.php:835)
2018-08-22 05:44:32,888 INFO : Maquina: sdsafdsfas main.main(C:\xampp\htdocs\sailsiadco\admin\cotizacion\alta_cotizacion.php:835)
2018-08-22 05:53:37,729 INFO : Va consultar20 main.main(C:\xampp\htdocs\sailsiadco\admin\cotizacion\alta_cotizacion.php:31)
2018-08-22 05:53:37,732 INFO : valor del $molde_ancho 3 main.main(C:\xampp\htdocs\sailsiadco\admin\cotizacion\alta_cotizacion.php:52)
2018-08-22 05:53:37,747 INFO : 0 main.main(C:\xampp\htdocs\sailsiadco\admin\cotizacion\alta_cotizacion.php:148)
2018-08-22 05:53:38,511 INFO : Maquina: fklsajfajsdfjls main.main(C:\xampp\htdocs\sailsiadco\admin\cotizacion\alta_cotizacion.php:835)
2018-08-22 05:53:38,512 INFO : Maquina: asdfasf main.main(C:\xampp\htdocs\sailsiadco\admin\cotizacion\alta_cotizacion.php:835)
2018-08-22 05:53:38,512 INFO : Maquina: sdsafdsfas main.main(C:\xampp\htdocs\sailsiadco\admin\cotizacion\alta_cotizacion.php:835)
2018-08-22 05:54:16,965 INFO : Agregó colores de #20 main.main(C:\xampp\htdocs\sailsiadco\admin\cotizacion\up_cotizacion.php:106)
2018-08-22 05:54:16,970 INFO : Prueba de obtener codigo1231231 main.main(C:\xampp\htdocs\sailsiadco\admin\cotizacion\up_cotizacion.php:111)
2018-08-22 05:54:17,009 INFO : Agregó maquinas de #20 main.main(C:\xampp\htdocs\sailsiadco\admin\cotizacion\up_cotizacion.php:113)
2018-08-22 05:54:26,626 INFO : Va consultar20 main.main(C:\xampp\htdocs\sailsiadco\admin\cotizacion\alta_cotizacion.php:31)
2018-08-22 05:54:26,628 INFO : valor del $molde_ancho 3 main.main(C:\xampp\htdocs\sailsiadco\admin\cotizacion\alta_cotizacion.php:52)
2018-08-22 05:54:26,648 INFO : 0 main.main(C:\xampp\htdocs\sailsiadco\admin\cotizacion\alta_cotizacion.php:148)
2018-08-22 05:54:26,699 INFO : Maquina: fklsajfajsdfjls main.main(C:\xampp\htdocs\sailsiadco\admin\cotizacion\alta_cotizacion.php:835)
2018-08-22 05:54:26,699 INFO : Maquina: asdfasf main.main(C:\xampp\htdocs\sailsiadco\admin\cotizacion\alta_cotizacion.php:835)
2018-08-22 05:54:26,699 INFO : Maquina: sdsafdsfas main.main(C:\xampp\htdocs\sailsiadco\admin\cotizacion\alta_cotizacion.php:835)
2018-08-22 05:58:31,189 INFO : Va consultar20 main.main(C:\xampp\htdocs\sailsiadco\admin\cotizacion\alta_cotizacion.php:31)
2018-08-22 05:58:31,193 INFO : valor del $molde_ancho 3 main.main(C:\xampp\htdocs\sailsiadco\admin\cotizacion\alta_cotizacion.php:52)
2018-08-22 05:58:31,196 INFO : 0 main.main(C:\xampp\htdocs\sailsiadco\admin\cotizacion\alta_cotizacion.php:148)
2018-08-22 05:58:31,237 INFO : Maquina: fklsajfajsdfjls main.main(C:\xampp\htdocs\sailsiadco\admin\cotizacion\alta_cotizacion.php:835)
2018-08-22 05:58:31,237 INFO : Maquina: asdfasf main.main(C:\xampp\htdocs\sailsiadco\admin\cotizacion\alta_cotizacion.php:835)
2018-08-22 05:58:31,237 INFO : Maquina: sdsafdsfas main.main(C:\xampp\htdocs\sailsiadco\admin\cotizacion\alta_cotizacion.php:835)
2018-08-22 05:59:14,759 INFO : Va consultar20 main.main(C:\xampp\htdocs\sailsiadco\admin\cotizacion\alta_cotizacion.php:31)
2018-08-22 05:59:14,763 INFO : valor del $molde_ancho 3 main.main(C:\xampp\htdocs\sailsiadco\admin\cotizacion\alta_cotizacion.php:52)
2018-08-22 05:59:14,764 INFO : 0 main.main(C:\xampp\htdocs\sailsiadco\admin\cotizacion\alta_cotizacion.php:148)
2018-08-22 05:59:14,796 INFO : Maquina: fklsajfajsdfjls main.main(C:\xampp\htdocs\sailsiadco\admin\cotizacion\alta_cotizacion.php:835)
2018-08-22 05:59:14,796 INFO : Maquina: asdfasf main.main(C:\xampp\htdocs\sailsiadco\admin\cotizacion\alta_cotizacion.php:835)
2018-08-22 05:59:14,796 INFO : Maquina: sdsafdsfas main.main(C:\xampp\htdocs\sailsiadco\admin\cotizacion\alta_cotizacion.php:835)
2018-08-22 06:00:00,009 INFO : Va consultar20 main.main(C:\xampp\htdocs\sailsiadco\admin\cotizacion\alta_cotizacion.php:31)
2018-08-22 06:00:00,011 INFO : valor del $molde_ancho 3 main.main(C:\xampp\htdocs\sailsiadco\admin\cotizacion\alta_cotizacion.php:52)
2018-08-22 06:00:00,012 INFO : 0 main.main(C:\xampp\htdocs\sailsiadco\admin\cotizacion\alta_cotizacion.php:148)
2018-08-22 06:00:00,344 INFO : Maquina: fklsajfajsdfjls main.main(C:\xampp\htdocs\sailsiadco\admin\cotizacion\alta_cotizacion.php:835)
2018-08-22 06:00:00,344 INFO : Maquina: asdfasf main.main(C:\xampp\htdocs\sailsiadco\admin\cotizacion\alta_cotizacion.php:835)
2018-08-22 06:00:00,344 INFO : Maquina: sdsafdsfas main.main(C:\xampp\htdocs\sailsiadco\admin\cotizacion\alta_cotizacion.php:835)
2018-08-22 06:00:13,167 INFO : Va consultar20 main.main(C:\xampp\htdocs\sailsiadco\admin\cotizacion\alta_cotizacion.php:31)
2018-08-22 06:00:13,169 INFO : valor del $molde_ancho 3 main.main(C:\xampp\htdocs\sailsiadco\admin\cotizacion\alta_cotizacion.php:52)
2018-08-22 06:00:13,170 INFO : 0 main.main(C:\xampp\htdocs\sailsiadco\admin\cotizacion\alta_cotizacion.php:148)
2018-08-22 06:00:14,232 INFO : Maquina: fklsajfajsdfjls main.main(C:\xampp\htdocs\sailsiadco\admin\cotizacion\alta_cotizacion.php:835)
2018-08-22 06:00:14,232 INFO : Maquina: asdfasf main.main(C:\xampp\htdocs\sailsiadco\admin\cotizacion\alta_cotizacion.php:835)
2018-08-22 06:00:14,232 INFO : Maquina: sdsafdsfas main.main(C:\xampp\htdocs\sailsiadco\admin\cotizacion\alta_cotizacion.php:835)
2018-08-22 06:01:14,837 INFO : Va consultar20 main.main(C:\xampp\htdocs\sailsiadco\admin\cotizacion\alta_cotizacion.php:31)
2018-08-22 06:01:14,839 INFO : valor del $molde_ancho 3 main.main(C:\xampp\htdocs\sailsiadco\admin\cotizacion\alta_cotizacion.php:52)
2018-08-22 06:01:14,841 INFO : 0 main.main(C:\xampp\htdocs\sailsiadco\admin\cotizacion\alta_cotizacion.php:148)
2018-08-22 06:01:15,453 INFO : Va consultar20 main.main(C:\xampp\htdocs\sailsiadco\admin\cotizacion\alta_cotizacion.php:31)
2018-08-22 06:01:15,456 INFO : valor del $molde_ancho 3 main.main(C:\xampp\htdocs\sailsiadco\admin\cotizacion\alta_cotizacion.php:52)
2018-08-22 06:01:15,457 INFO : 0 main.main(C:\xampp\htdocs\sailsiadco\admin\cotizacion\alta_cotizacion.php:148)
2018-08-22 06:01:15,502 INFO : Maquina: fklsajfajsdfjls main.main(C:\xampp\htdocs\sailsiadco\admin\cotizacion\alta_cotizacion.php:835)
2018-08-22 06:01:15,502 INFO : Maquina: asdfasf main.main(C:\xampp\htdocs\sailsiadco\admin\cotizacion\alta_cotizacion.php:835)
2018-08-22 06:01:15,502 INFO : Maquina: sdsafdsfas main.main(C:\xampp\htdocs\sailsiadco\admin\cotizacion\alta_cotizacion.php:835)
2018-08-22 06:01:35,112 INFO : Va consultar20 main.main(C:\xampp\htdocs\sailsiadco\admin\cotizacion\alta_cotizacion.php:31)
2018-08-22 06:01:35,114 INFO : valor del $molde_ancho 3 main.main(C:\xampp\htdocs\sailsiadco\admin\cotizacion\alta_cotizacion.php:52)
2018-08-22 06:01:35,116 INFO : 0 main.main(C:\xampp\htdocs\sailsiadco\admin\cotizacion\alta_cotizacion.php:148)
2018-08-22 06:01:35,150 INFO : Maquina: fklsajfajsdfjls main.main(C:\xampp\htdocs\sailsiadco\admin\cotizacion\alta_cotizacion.php:835)
2018-08-22 06:01:35,150 INFO : Maquina: asdfasf main.main(C:\xampp\htdocs\sailsiadco\admin\cotizacion\alta_cotizacion.php:835)
2018-08-22 06:01:35,151 INFO : Maquina: sdsafdsfas main.main(C:\xampp\htdocs\sailsiadco\admin\cotizacion\alta_cotizacion.php:835)
2018-08-22 06:03:39,297 INFO : Va consultar20 main.main(C:\xampp\htdocs\sailsiadco\admin\cotizacion\alta_cotizacion.php:31)
2018-08-22 06:03:39,300 INFO : valor del $molde_ancho 3 main.main(C:\xampp\htdocs\sailsiadco\admin\cotizacion\alta_cotizacion.php:52)
2018-08-22 06:03:39,302 INFO : 0 main.main(C:\xampp\htdocs\sailsiadco\admin\cotizacion\alta_cotizacion.php:148)
2018-08-22 06:03:39,685 INFO : Maquina: fklsajfajsdfjls main.main(C:\xampp\htdocs\sailsiadco\admin\cotizacion\alta_cotizacion.php:835)
2018-08-22 06:03:39,685 INFO : Maquina: asdfasf main.main(C:\xampp\htdocs\sailsiadco\admin\cotizacion\alta_cotizacion.php:835)
2018-08-22 06:03:39,685 INFO : Maquina: sdsafdsfas main.main(C:\xampp\htdocs\sailsiadco\admin\cotizacion\alta_cotizacion.php:835)
2018-08-22 06:20:45,109 INFO : Va consultar20 main.main(C:\xampp\htdocs\sailsiadco\admin\cotizacion\alta_cotizacion.php:31)
2018-08-22 06:20:45,111 INFO : valor del $molde_ancho 3 main.main(C:\xampp\htdocs\sailsiadco\admin\cotizacion\alta_cotizacion.php:52)
2018-08-22 06:20:45,180 INFO : 0 main.main(C:\xampp\htdocs\sailsiadco\admin\cotizacion\alta_cotizacion.php:148)
2018-08-22 06:20:45,323 INFO : Maquina: fklsajfajsdfjls main.main(C:\xampp\htdocs\sailsiadco\admin\cotizacion\alta_cotizacion.php:835)
2018-08-22 06:20:45,323 INFO : Maquina: asdfasf main.main(C:\xampp\htdocs\sailsiadco\admin\cotizacion\alta_cotizacion.php:835)
2018-08-22 06:20:45,323 INFO : Maquina: sdsafdsfas main.main(C:\xampp\htdocs\sailsiadco\admin\cotizacion\alta_cotizacion.php:835)
2018-08-22 06:21:08,136 INFO : Va consultar20 main.main(C:\xampp\htdocs\sailsiadco\admin\cotizacion\alta_cotizacion.php:31)
2018-08-22 06:21:08,139 INFO : valor del $molde_ancho 3 main.main(C:\xampp\htdocs\sailsiadco\admin\cotizacion\alta_cotizacion.php:52)
2018-08-22 06:21:08,144 INFO : 0 main.main(C:\xampp\htdocs\sailsiadco\admin\cotizacion\alta_cotizacion.php:148)
2018-08-22 06:21:08,227 INFO : Maquina: fklsajfajsdfjls main.main(C:\xampp\htdocs\sailsiadco\admin\cotizacion\alta_cotizacion.php:835)
2018-08-22 06:21:08,227 INFO : Maquina: asdfasf main.main(C:\xampp\htdocs\sailsiadco\admin\cotizacion\alta_cotizacion.php:835)
2018-08-22 06:21:08,227 INFO : Maquina: sdsafdsfas main.main(C:\xampp\htdocs\sailsiadco\admin\cotizacion\alta_cotizacion.php:835)
2018-08-22 06:22:51,912 INFO : Va consultar20 main.main(C:\xampp\htdocs\sailsiadco\admin\cotizacion\alta_cotizacion.php:31)
2018-08-22 06:22:51,914 INFO : valor del $molde_ancho 3 main.main(C:\xampp\htdocs\sailsiadco\admin\cotizacion\alta_cotizacion.php:52)
2018-08-22 06:22:51,915 INFO : 0 main.main(C:\xampp\htdocs\sailsiadco\admin\cotizacion\alta_cotizacion.php:148)
2018-08-22 06:22:52,885 INFO : Maquina: fklsajfajsdfjls main.main(C:\xampp\htdocs\sailsiadco\admin\cotizacion\alta_cotizacion.php:835)
2018-08-22 06:22:52,886 INFO : Maquina: asdfasf main.main(C:\xampp\htdocs\sailsiadco\admin\cotizacion\alta_cotizacion.php:835)
2018-08-22 06:22:52,886 INFO : Maquina: sdsafdsfas main.main(C:\xampp\htdocs\sailsiadco\admin\cotizacion\alta_cotizacion.php:835)
2018-08-22 06:24:44,053 INFO : Va consultar20 main.main(C:\xampp\htdocs\sailsiadco\admin\cotizacion\alta_cotizacion.php:31)
2018-08-22 06:24:44,056 INFO : valor del $molde_ancho 3 main.main(C:\xampp\htdocs\sailsiadco\admin\cotizacion\alta_cotizacion.php:52)
2018-08-22 06:24:44,058 INFO : 0 main.main(C:\xampp\htdocs\sailsiadco\admin\cotizacion\alta_cotizacion.php:148)
2018-08-22 06:24:44,116 INFO : Maquina: fklsajfajsdfjls main.main(C:\xampp\htdocs\sailsiadco\admin\cotizacion\alta_cotizacion.php:835)
2018-08-22 06:24:44,116 INFO : Maquina: asdfasf main.main(C:\xampp\htdocs\sailsiadco\admin\cotizacion\alta_cotizacion.php:835)
2018-08-22 06:24:44,116 INFO : Maquina: sdsafdsfas main.main(C:\xampp\htdocs\sailsiadco\admin\cotizacion\alta_cotizacion.php:835)
2018-08-22 06:25:06,272 INFO : Agregó colores de #20 main.main(C:\xampp\htdocs\sailsiadco\admin\cotizacion\up_cotizacion.php:106)
2018-08-22 06:25:06,275 INFO : Prueba de obtener codigo1231231 main.main(C:\xampp\htdocs\sailsiadco\admin\cotizacion\up_cotizacion.php:111)
2018-08-22 06:25:06,287 INFO : Agregó maquinas de #20 main.main(C:\xampp\htdocs\sailsiadco\admin\cotizacion\up_cotizacion.php:113)
2018-08-22 06:25:14,898 INFO : Va consultar20 main.main(C:\xampp\htdocs\sailsiadco\admin\cotizacion\alta_cotizacion.php:31)
2018-08-22 06:25:14,900 INFO : valor del $molde_ancho 3 main.main(C:\xampp\htdocs\sailsiadco\admin\cotizacion\alta_cotizacion.php:52)
2018-08-22 06:25:14,972 INFO : 0 main.main(C:\xampp\htdocs\sailsiadco\admin\cotizacion\alta_cotizacion.php:148)
2018-08-22 06:25:16,077 INFO : Maquina: fklsajfajsdfjls main.main(C:\xampp\htdocs\sailsiadco\admin\cotizacion\alta_cotizacion.php:835)
2018-08-22 06:25:16,078 INFO : Maquina: asdfasf main.main(C:\xampp\htdocs\sailsiadco\admin\cotizacion\alta_cotizacion.php:835)
2018-08-22 06:25:16,078 INFO : Maquina: sdsafdsfas main.main(C:\xampp\htdocs\sailsiadco\admin\cotizacion\alta_cotizacion.php:835)
2018-08-22 06:28:33,180 INFO : Va consultar20 main.main(C:\xampp\htdocs\sailsiadco\admin\cotizacion\alta_cotizacion.php:31)
2018-08-22 06:28:33,182 INFO : valor del $molde_ancho 3 main.main(C:\xampp\htdocs\sailsiadco\admin\cotizacion\alta_cotizacion.php:52)
2018-08-22 06:28:33,184 INFO : 0 main.main(C:\xampp\htdocs\sailsiadco\admin\cotizacion\alta_cotizacion.php:148)
2018-08-22 06:28:33,223 INFO : Maquina: fklsajfajsdfjls main.main(C:\xampp\htdocs\sailsiadco\admin\cotizacion\alta_cotizacion.php:835)
2018-08-22 06:28:33,224 INFO : Maquina: asdfasf main.main(C:\xampp\htdocs\sailsiadco\admin\cotizacion\alta_cotizacion.php:835)
2018-08-22 06:28:33,224 INFO : Maquina: sdsafdsfas main.main(C:\xampp\htdocs\sailsiadco\admin\cotizacion\alta_cotizacion.php:835)
2018-08-22 06:29:29,451 INFO : Agregó colores de #20 main.main(C:\xampp\htdocs\sailsiadco\admin\cotizacion\up_cotizacion.php:106)
2018-08-22 06:29:29,454 INFO : Prueba de obtener codigo1231231 main.main(C:\xampp\htdocs\sailsiadco\admin\cotizacion\up_cotizacion.php:111)
2018-08-22 06:29:29,463 INFO : Agregó maquinas de #20 main.main(C:\xampp\htdocs\sailsiadco\admin\cotizacion\up_cotizacion.php:113)
2018-08-22 06:30:41,266 INFO : Va consultar20 main.main(C:\xampp\htdocs\sailsiadco\admin\cotizacion\alta_cotizacion.php:31)
2018-08-22 06:30:41,268 INFO : valor del $molde_ancho 3 main.main(C:\xampp\htdocs\sailsiadco\admin\cotizacion\alta_cotizacion.php:52)
2018-08-22 06:30:41,269 INFO : 0 main.main(C:\xampp\htdocs\sailsiadco\admin\cotizacion\alta_cotizacion.php:148)
2018-08-22 06:30:42,337 INFO : Maquina: fklsajfajsdfjls main.main(C:\xampp\htdocs\sailsiadco\admin\cotizacion\alta_cotizacion.php:835)
2018-08-22 06:30:42,337 INFO : Maquina: sdsafdsfas main.main(C:\xampp\htdocs\sailsiadco\admin\cotizacion\alta_cotizacion.php:835)
2018-08-22 06:32:32,553 INFO : Va consultar20 main.main(C:\xampp\htdocs\sailsiadco\admin\cotizacion\alta_cotizacion.php:31)
2018-08-22 06:32:32,568 INFO : valor del $molde_ancho 3 main.main(C:\xampp\htdocs\sailsiadco\admin\cotizacion\alta_cotizacion.php:52)
2018-08-22 06:32:32,570 INFO : 0 main.main(C:\xampp\htdocs\sailsiadco\admin\cotizacion\alta_cotizacion.php:148)
2018-08-22 06:32:32,613 INFO : Maquina: fklsajfajsdfjls main.main(C:\xampp\htdocs\sailsiadco\admin\cotizacion\alta_cotizacion.php:835)
2018-08-22 06:32:32,613 INFO : Maquina: sdsafdsfas main.main(C:\xampp\htdocs\sailsiadco\admin\cotizacion\alta_cotizacion.php:835)
2018-08-22 06:37:51,425 INFO : Va consultar20 main.main(C:\xampp\htdocs\sailsiadco\admin\cotizacion\alta_cotizacion.php:31)
2018-08-22 06:37:51,513 INFO : valor del $molde_ancho 3 main.main(C:\xampp\htdocs\sailsiadco\admin\cotizacion\alta_cotizacion.php:52)
2018-08-22 06:37:51,518 INFO : 0 main.main(C:\xampp\htdocs\sailsiadco\admin\cotizacion\alta_cotizacion.php:148)
2018-08-22 06:37:51,805 INFO : Maquina: fklsajfajsdfjls main.main(C:\xampp\htdocs\sailsiadco\admin\cotizacion\alta_cotizacion.php:835)
2018-08-22 06:37:51,806 INFO : Maquina: sdsafdsfas main.main(C:\xampp\htdocs\sailsiadco\admin\cotizacion\alta_cotizacion.php:835)
