2018-07-07 05:59:31,342 INFO : Guardó cotización #20 main.main(C:\xampp\htdocs\sailsiadco\admin\cotizacion\ins_cotizacion.php:35)
2018-07-07 06:08:04,247 INFO : Guardó cotización #20 main.main(C:\xampp\htdocs\sailsiadco\admin\cotizacion\ins_cotizacion.php:35)
2018-07-07 06:10:35,060 INFO : Guardó cotización #20 main.main(C:\xampp\htdocs\sailsiadco\admin\cotizacion\ins_cotizacion.php:35)
2018-07-07 06:10:35,065 INFO : Guardó detalle cotización #20 main.main(C:\xampp\htdocs\sailsiadco\admin\cotizacion\ins_cotizacion.php:61)
2018-07-07 06:10:35,065 INFO : Guardó cotización #20 main.main(C:\xampp\htdocs\sailsiadco\admin\cotizacion\ins_cotizacion.php:67)
2018-07-07 06:12:39,593 INFO : 0 main.main(C:\xampp\htdocs\sailsiadco\admin\cotizacion\alta_cotizacion.php:123)
2018-07-07 06:13:46,177 INFO : 0 main.main(C:\xampp\htdocs\sailsiadco\admin\cotizacion\alta_cotizacion.php:123)
2018-07-07 06:19:06,395 INFO : 0 main.main(C:\xampp\htdocs\sailsiadco\admin\cotizacion\alta_cotizacion.php:123)
2018-07-07 06:25:28,671 INFO : Va consultar20 main.main(C:\xampp\htdocs\sailsiadco\admin\cotizacion\alta_cotizacion.php:27)
2018-07-07 06:25:28,678 INFO : 0 main.main(C:\xampp\htdocs\sailsiadco\admin\cotizacion\alta_cotizacion.php:124)
2018-07-07 06:27:42,797 INFO : Va consultar20 main.main(C:\xampp\htdocs\sailsiadco\admin\cotizacion\alta_cotizacion.php:27)
2018-07-07 06:27:42,799 INFO : valor del molde_ancho  main.main(C:\xampp\htdocs\sailsiadco\admin\cotizacion\alta_cotizacion.php:49)
2018-07-07 06:27:42,802 INFO : 0 main.main(C:\xampp\htdocs\sailsiadco\admin\cotizacion\alta_cotizacion.php:125)
2018-07-07 06:29:05,421 INFO : Va consultar20 main.main(C:\xampp\htdocs\sailsiadco\admin\cotizacion\alta_cotizacion.php:27)
2018-07-07 06:29:05,424 INFO : valor del molde_ancho  main.main(C:\xampp\htdocs\sailsiadco\admin\cotizacion\alta_cotizacion.php:48)
2018-07-07 06:29:05,431 INFO : 0 main.main(C:\xampp\htdocs\sailsiadco\admin\cotizacion\alta_cotizacion.php:126)
2018-07-07 06:40:30,481 INFO : Va consultar20 main.main(C:\xampp\htdocs\sailsiadco\admin\cotizacion\alta_cotizacion.php:27)
2018-07-07 06:40:30,485 INFO : valor del $lados_imprimir  main.main(C:\xampp\htdocs\sailsiadco\admin\cotizacion\alta_cotizacion.php:48)
2018-07-07 06:40:30,486 INFO : 0 main.main(C:\xampp\htdocs\sailsiadco\admin\cotizacion\alta_cotizacion.php:126)
2018-07-07 06:41:55,033 INFO : Va consultar20 main.main(C:\xampp\htdocs\sailsiadco\admin\cotizacion\alta_cotizacion.php:27)
2018-07-07 06:41:55,036 INFO : valor del $lados_imprimir  main.main(C:\xampp\htdocs\sailsiadco\admin\cotizacion\alta_cotizacion.php:48)
2018-07-07 06:41:55,038 INFO : 0 main.main(C:\xampp\htdocs\sailsiadco\admin\cotizacion\alta_cotizacion.php:126)
2018-07-07 06:42:27,123 INFO : Va consultar20 main.main(C:\xampp\htdocs\sailsiadco\admin\cotizacion\alta_cotizacion.php:27)
2018-07-07 06:56:03,408 INFO : Va consultar20 main.main(C:\xampp\htdocs\sailsiadco\admin\cotizacion\alta_cotizacion.php:27)
2018-07-07 06:56:36,086 INFO : Va consultar20 main.main(C:\xampp\htdocs\sailsiadco\admin\cotizacion\alta_cotizacion.php:27)
2018-07-07 06:56:36,089 INFO : valor del $molde_ancho  main.main(C:\xampp\htdocs\sailsiadco\admin\cotizacion\alta_cotizacion.php:48)
2018-07-07 06:56:36,093 INFO : 0 main.main(C:\xampp\htdocs\sailsiadco\admin\cotizacion\alta_cotizacion.php:146)
2018-07-07 07:00:34,226 INFO : Va consultar20 main.main(C:\xampp\htdocs\sailsiadco\admin\cotizacion\alta_cotizacion.php:27)
2018-07-07 07:00:34,229 INFO : valor del $molde_ancho 2 main.main(C:\xampp\htdocs\sailsiadco\admin\cotizacion\alta_cotizacion.php:48)
2018-07-07 07:00:34,231 INFO : 0 main.main(C:\xampp\htdocs\sailsiadco\admin\cotizacion\alta_cotizacion.php:146)
2018-07-07 07:02:24,464 INFO : Va consultar20 main.main(C:\xampp\htdocs\sailsiadco\admin\cotizacion\alta_cotizacion.php:27)
2018-07-07 07:02:24,467 INFO : valor del $molde_ancho 2 main.main(C:\xampp\htdocs\sailsiadco\admin\cotizacion\alta_cotizacion.php:48)
2018-07-07 07:02:24,469 INFO : 0 main.main(C:\xampp\htdocs\sailsiadco\admin\cotizacion\alta_cotizacion.php:146)
2018-07-07 07:29:43,304 INFO : Va consultar20 main.main(C:\xampp\htdocs\sailsiadco\admin\cotizacion\alta_cotizacion.php:27)
2018-07-07 07:29:43,306 INFO : valor del $molde_ancho 2 main.main(C:\xampp\htdocs\sailsiadco\admin\cotizacion\alta_cotizacion.php:48)
2018-07-07 07:29:43,307 INFO : 0 main.main(C:\xampp\htdocs\sailsiadco\admin\cotizacion\alta_cotizacion.php:146)
2018-07-07 07:31:02,326 INFO : Actualizó cotización #20 main.main(C:\xampp\htdocs\sailsiadco\admin\cotizacion\up_cotizacion.php:16)
2018-07-07 07:33:04,502 INFO : Actualizó cotización #20 main.main(C:\xampp\htdocs\sailsiadco\admin\cotizacion\up_cotizacion.php:16)
2018-07-07 07:33:24,165 INFO : Actualizó cotización #20 main.main(C:\xampp\htdocs\sailsiadco\admin\cotizacion\up_cotizacion.php:16)
2018-07-07 07:33:24,210 INFO : Editó detalle cotización #20 main.main(C:\xampp\htdocs\sailsiadco\admin\cotizacion\up_cotizacion.php:57)
2018-07-07 07:33:42,255 INFO : Actualizó cotización #20 main.main(C:\xampp\htdocs\sailsiadco\admin\cotizacion\up_cotizacion.php:16)
2018-07-07 07:33:42,342 INFO : Editó detalle cotización #20 main.main(C:\xampp\htdocs\sailsiadco\admin\cotizacion\up_cotizacion.php:57)
2018-07-07 07:33:54,716 INFO : Va consultar20 main.main(C:\xampp\htdocs\sailsiadco\admin\cotizacion\alta_cotizacion.php:27)
2018-07-07 07:33:54,718 INFO : valor del $molde_ancho 2 main.main(C:\xampp\htdocs\sailsiadco\admin\cotizacion\alta_cotizacion.php:48)
2018-07-07 07:33:54,720 INFO : 0 main.main(C:\xampp\htdocs\sailsiadco\admin\cotizacion\alta_cotizacion.php:146)
2018-07-07 07:34:41,688 INFO : Actualizó cotización #20 main.main(C:\xampp\htdocs\sailsiadco\admin\cotizacion\up_cotizacion.php:16)
2018-07-07 07:34:41,732 INFO : Editó detalle cotización #20 main.main(C:\xampp\htdocs\sailsiadco\admin\cotizacion\up_cotizacion.php:57)
2018-07-07 07:34:50,257 INFO : Va consultar20 main.main(C:\xampp\htdocs\sailsiadco\admin\cotizacion\alta_cotizacion.php:27)
2018-07-07 07:34:50,259 INFO : valor del $molde_ancho 2 main.main(C:\xampp\htdocs\sailsiadco\admin\cotizacion\alta_cotizacion.php:48)
2018-07-07 07:34:50,260 INFO : 0 main.main(C:\xampp\htdocs\sailsiadco\admin\cotizacion\alta_cotizacion.php:146)
2018-07-07 07:35:16,321 INFO : Actualizó cotización #20 main.main(C:\xampp\htdocs\sailsiadco\admin\cotizacion\up_cotizacion.php:16)
2018-07-07 07:35:16,403 INFO : Editó detalle cotización #20 main.main(C:\xampp\htdocs\sailsiadco\admin\cotizacion\up_cotizacion.php:57)
2018-07-07 07:35:24,204 INFO : Va consultar20 main.main(C:\xampp\htdocs\sailsiadco\admin\cotizacion\alta_cotizacion.php:27)
2018-07-07 07:35:24,206 INFO : valor del $molde_ancho 3 main.main(C:\xampp\htdocs\sailsiadco\admin\cotizacion\alta_cotizacion.php:48)
2018-07-07 07:35:24,208 INFO : 0 main.main(C:\xampp\htdocs\sailsiadco\admin\cotizacion\alta_cotizacion.php:146)
2018-07-07 07:35:49,380 INFO : Actualizó cotización #20 main.main(C:\xampp\htdocs\sailsiadco\admin\cotizacion\up_cotizacion.php:16)
2018-07-07 07:35:49,480 INFO : Editó detalle cotización #20 main.main(C:\xampp\htdocs\sailsiadco\admin\cotizacion\up_cotizacion.php:57)
2018-07-07 07:35:58,998 INFO : Va consultar20 main.main(C:\xampp\htdocs\sailsiadco\admin\cotizacion\alta_cotizacion.php:27)
2018-07-07 07:35:59,008 INFO : valor del $molde_ancho 3 main.main(C:\xampp\htdocs\sailsiadco\admin\cotizacion\alta_cotizacion.php:48)
2018-07-07 07:35:59,011 INFO : 0 main.main(C:\xampp\htdocs\sailsiadco\admin\cotizacion\alta_cotizacion.php:146)
2018-07-07 07:36:20,474 INFO : Actualizó cotización #20 main.main(C:\xampp\htdocs\sailsiadco\admin\cotizacion\up_cotizacion.php:16)
2018-07-07 07:36:20,509 INFO : Editó detalle cotización #20 main.main(C:\xampp\htdocs\sailsiadco\admin\cotizacion\up_cotizacion.php:57)
2018-07-07 07:36:27,958 INFO : Va consultar20 main.main(C:\xampp\htdocs\sailsiadco\admin\cotizacion\alta_cotizacion.php:27)
2018-07-07 07:36:27,964 INFO : valor del $molde_ancho 3 main.main(C:\xampp\htdocs\sailsiadco\admin\cotizacion\alta_cotizacion.php:48)
2018-07-07 07:36:28,078 INFO : 0 main.main(C:\xampp\htdocs\sailsiadco\admin\cotizacion\alta_cotizacion.php:146)
2018-07-07 07:38:49,905 INFO : Actualizó cotización #20 main.main(C:\xampp\htdocs\sailsiadco\admin\cotizacion\up_cotizacion.php:16)
2018-07-07 07:38:49,974 INFO : Editó detalle cotización #20 main.main(C:\xampp\htdocs\sailsiadco\admin\cotizacion\up_cotizacion.php:57)
2018-07-07 07:39:00,921 INFO : Va consultar20 main.main(C:\xampp\htdocs\sailsiadco\admin\cotizacion\alta_cotizacion.php:27)
2018-07-07 07:39:00,923 INFO : valor del $molde_ancho 3 main.main(C:\xampp\htdocs\sailsiadco\admin\cotizacion\alta_cotizacion.php:48)
2018-07-07 07:39:00,924 INFO : 0 main.main(C:\xampp\htdocs\sailsiadco\admin\cotizacion\alta_cotizacion.php:146)
2018-07-07 07:39:21,114 INFO : Actualizó cotización #20 main.main(C:\xampp\htdocs\sailsiadco\admin\cotizacion\up_cotizacion.php:16)
2018-07-07 07:39:21,214 INFO : Editó detalle cotización #20 main.main(C:\xampp\htdocs\sailsiadco\admin\cotizacion\up_cotizacion.php:57)
2018-07-07 07:39:29,242 INFO : Va consultar20 main.main(C:\xampp\htdocs\sailsiadco\admin\cotizacion\alta_cotizacion.php:27)
2018-07-07 07:39:29,244 INFO : valor del $molde_ancho 3 main.main(C:\xampp\htdocs\sailsiadco\admin\cotizacion\alta_cotizacion.php:48)
2018-07-07 07:39:29,247 INFO : 0 main.main(C:\xampp\htdocs\sailsiadco\admin\cotizacion\alta_cotizacion.php:146)
