2018-08-21 04:36:12,941 INFO : Va consultar20 main.main(C:\xampp\htdocs\sailsiadco\admin\cotizacion\alta_cotizacion.php:31)
2018-08-21 04:36:13,124 INFO : valor del $molde_ancho 3 main.main(C:\xampp\htdocs\sailsiadco\admin\cotizacion\alta_cotizacion.php:52)
2018-08-21 04:36:13,360 INFO : 0 main.main(C:\xampp\htdocs\sailsiadco\admin\cotizacion\alta_cotizacion.php:148)
2018-08-21 04:36:15,504 INFO : Maquina: fklsajfajsdfjls main.main(C:\xampp\htdocs\sailsiadco\admin\cotizacion\alta_cotizacion.php:835)
2018-08-21 04:36:15,505 INFO : Maquina: asdfasf main.main(C:\xampp\htdocs\sailsiadco\admin\cotizacion\alta_cotizacion.php:835)
2018-08-21 04:36:15,505 INFO : Maquina: sdsafdsfas main.main(C:\xampp\htdocs\sailsiadco\admin\cotizacion\alta_cotizacion.php:835)
2018-08-21 04:37:18,049 INFO : Va consultar20 main.main(C:\xampp\htdocs\sailsiadco\admin\cotizacion\alta_cotizacion.php:31)
2018-08-21 04:37:18,051 INFO : valor del $molde_ancho 3 main.main(C:\xampp\htdocs\sailsiadco\admin\cotizacion\alta_cotizacion.php:52)
2018-08-21 04:37:18,053 INFO : 0 main.main(C:\xampp\htdocs\sailsiadco\admin\cotizacion\alta_cotizacion.php:148)
2018-08-21 04:37:18,088 INFO : Maquina: fklsajfajsdfjls main.main(C:\xampp\htdocs\sailsiadco\admin\cotizacion\alta_cotizacion.php:835)
2018-08-21 04:37:18,088 INFO : Maquina: asdfasf main.main(C:\xampp\htdocs\sailsiadco\admin\cotizacion\alta_cotizacion.php:835)
2018-08-21 04:37:18,089 INFO : Maquina: sdsafdsfas main.main(C:\xampp\htdocs\sailsiadco\admin\cotizacion\alta_cotizacion.php:835)
2018-08-21 05:13:45,615 INFO : Va consultar20 main.main(C:\xampp\htdocs\sailsiadco\admin\cotizacion\alta_cotizacion.php:31)
2018-08-21 05:13:45,646 INFO : valor del $molde_ancho 3 main.main(C:\xampp\htdocs\sailsiadco\admin\cotizacion\alta_cotizacion.php:52)
2018-08-21 05:13:45,648 INFO : 0 main.main(C:\xampp\htdocs\sailsiadco\admin\cotizacion\alta_cotizacion.php:148)
2018-08-21 05:13:45,688 INFO : Maquina: fklsajfajsdfjls main.main(C:\xampp\htdocs\sailsiadco\admin\cotizacion\alta_cotizacion.php:835)
2018-08-21 05:13:45,688 INFO : Maquina: asdfasf main.main(C:\xampp\htdocs\sailsiadco\admin\cotizacion\alta_cotizacion.php:835)
2018-08-21 05:13:45,689 INFO : Maquina: sdsafdsfas main.main(C:\xampp\htdocs\sailsiadco\admin\cotizacion\alta_cotizacion.php:835)
2018-08-21 05:18:56,798 INFO : Va consultar20 main.main(C:\xampp\htdocs\sailsiadco\admin\cotizacion\alta_cotizacion.php:31)
2018-08-21 05:18:56,801 INFO : valor del $molde_ancho 3 main.main(C:\xampp\htdocs\sailsiadco\admin\cotizacion\alta_cotizacion.php:52)
2018-08-21 05:18:56,802 INFO : 0 main.main(C:\xampp\htdocs\sailsiadco\admin\cotizacion\alta_cotizacion.php:148)
2018-08-21 05:18:56,868 INFO : Maquina: fklsajfajsdfjls main.main(C:\xampp\htdocs\sailsiadco\admin\cotizacion\alta_cotizacion.php:835)
2018-08-21 05:18:56,869 INFO : Maquina: asdfasf main.main(C:\xampp\htdocs\sailsiadco\admin\cotizacion\alta_cotizacion.php:835)
2018-08-21 05:18:56,869 INFO : Maquina: sdsafdsfas main.main(C:\xampp\htdocs\sailsiadco\admin\cotizacion\alta_cotizacion.php:835)
2018-08-21 05:22:03,559 INFO : Va consultar20 main.main(C:\xampp\htdocs\sailsiadco\admin\cotizacion\alta_cotizacion.php:31)
2018-08-21 05:22:03,563 INFO : valor del $molde_ancho 3 main.main(C:\xampp\htdocs\sailsiadco\admin\cotizacion\alta_cotizacion.php:52)
2018-08-21 05:22:03,568 INFO : 0 main.main(C:\xampp\htdocs\sailsiadco\admin\cotizacion\alta_cotizacion.php:148)
2018-08-21 05:22:03,611 INFO : Maquina: fklsajfajsdfjls main.main(C:\xampp\htdocs\sailsiadco\admin\cotizacion\alta_cotizacion.php:835)
2018-08-21 05:22:03,611 INFO : Maquina: asdfasf main.main(C:\xampp\htdocs\sailsiadco\admin\cotizacion\alta_cotizacion.php:835)
2018-08-21 05:22:03,612 INFO : Maquina: sdsafdsfas main.main(C:\xampp\htdocs\sailsiadco\admin\cotizacion\alta_cotizacion.php:835)
2018-08-21 05:31:09,759 INFO : Va consultar20 main.main(C:\xampp\htdocs\sailsiadco\admin\cotizacion\alta_cotizacion.php:31)
2018-08-21 05:31:09,762 INFO : valor del $molde_ancho 3 main.main(C:\xampp\htdocs\sailsiadco\admin\cotizacion\alta_cotizacion.php:52)
2018-08-21 05:31:09,764 INFO : 0 main.main(C:\xampp\htdocs\sailsiadco\admin\cotizacion\alta_cotizacion.php:148)
2018-08-21 05:31:24,507 INFO : Va consultar20 main.main(C:\xampp\htdocs\sailsiadco\admin\cotizacion\alta_cotizacion.php:31)
2018-08-21 05:31:24,509 INFO : valor del $molde_ancho 3 main.main(C:\xampp\htdocs\sailsiadco\admin\cotizacion\alta_cotizacion.php:52)
2018-08-21 05:31:24,511 INFO : 0 main.main(C:\xampp\htdocs\sailsiadco\admin\cotizacion\alta_cotizacion.php:148)
2018-08-21 05:34:14,553 INFO : Va consultar20 main.main(C:\xampp\htdocs\sailsiadco\admin\cotizacion\alta_cotizacion.php:31)
2018-08-21 05:34:14,905 INFO : valor del $molde_ancho 3 main.main(C:\xampp\htdocs\sailsiadco\admin\cotizacion\alta_cotizacion.php:52)
2018-08-21 05:34:15,105 INFO : 0 main.main(C:\xampp\htdocs\sailsiadco\admin\cotizacion\alta_cotizacion.php:148)
2018-08-21 05:49:08,095 INFO : Va consultar20 main.main(C:\xampp\htdocs\sailsiadco\admin\cotizacion\alta_cotizacion.php:31)
2018-08-21 05:49:08,314 INFO : valor del $molde_ancho 3 main.main(C:\xampp\htdocs\sailsiadco\admin\cotizacion\alta_cotizacion.php:52)
2018-08-21 05:49:08,316 INFO : 0 main.main(C:\xampp\htdocs\sailsiadco\admin\cotizacion\alta_cotizacion.php:148)
2018-08-21 05:49:09,282 INFO : Maquina: fklsajfajsdfjls main.main(C:\xampp\htdocs\sailsiadco\admin\cotizacion\alta_cotizacion.php:835)
2018-08-21 05:49:09,283 INFO : Maquina: asdfasf main.main(C:\xampp\htdocs\sailsiadco\admin\cotizacion\alta_cotizacion.php:835)
2018-08-21 05:49:09,283 INFO : Maquina: sdsafdsfas main.main(C:\xampp\htdocs\sailsiadco\admin\cotizacion\alta_cotizacion.php:835)
2018-08-21 05:51:19,509 INFO : Agregó colores de #20 main.main(C:\xampp\htdocs\sailsiadco\admin\cotizacion\up_cotizacion.php:106)
2018-08-21 05:51:19,516 INFO : Prueba de obtener codigo1231231 main.main(C:\xampp\htdocs\sailsiadco\admin\cotizacion\up_cotizacion.php:111)
2018-08-21 05:51:19,552 INFO : Agregó maquinas de #20 main.main(C:\xampp\htdocs\sailsiadco\admin\cotizacion\up_cotizacion.php:113)
2018-08-21 05:52:01,595 INFO : Va consultar20 main.main(C:\xampp\htdocs\sailsiadco\admin\cotizacion\alta_cotizacion.php:31)
2018-08-21 05:52:01,599 INFO : valor del $molde_ancho 3 main.main(C:\xampp\htdocs\sailsiadco\admin\cotizacion\alta_cotizacion.php:52)
2018-08-21 05:52:01,657 INFO : 0 main.main(C:\xampp\htdocs\sailsiadco\admin\cotizacion\alta_cotizacion.php:148)
2018-08-21 05:52:01,732 INFO : Maquina: fklsajfajsdfjls main.main(C:\xampp\htdocs\sailsiadco\admin\cotizacion\alta_cotizacion.php:835)
2018-08-21 05:52:01,732 INFO : Maquina: asdfasf main.main(C:\xampp\htdocs\sailsiadco\admin\cotizacion\alta_cotizacion.php:835)
2018-08-21 05:52:01,732 INFO : Maquina: sdsafdsfas main.main(C:\xampp\htdocs\sailsiadco\admin\cotizacion\alta_cotizacion.php:835)
2018-08-21 06:07:18,884 INFO : Va consultar20 main.main(C:\xampp\htdocs\sailsiadco\admin\cotizacion\alta_cotizacion.php:31)
2018-08-21 06:07:18,887 INFO : valor del $molde_ancho 3 main.main(C:\xampp\htdocs\sailsiadco\admin\cotizacion\alta_cotizacion.php:52)
2018-08-21 06:07:18,888 INFO : 0 main.main(C:\xampp\htdocs\sailsiadco\admin\cotizacion\alta_cotizacion.php:148)
2018-08-21 06:07:18,938 INFO : Maquina: fklsajfajsdfjls main.main(C:\xampp\htdocs\sailsiadco\admin\cotizacion\alta_cotizacion.php:835)
2018-08-21 06:07:18,939 INFO : Maquina: asdfasf main.main(C:\xampp\htdocs\sailsiadco\admin\cotizacion\alta_cotizacion.php:835)
2018-08-21 06:07:18,939 INFO : Maquina: sdsafdsfas main.main(C:\xampp\htdocs\sailsiadco\admin\cotizacion\alta_cotizacion.php:835)
2018-08-21 06:13:03,568 INFO : Va consultar20 main.main(C:\xampp\htdocs\sailsiadco\admin\cotizacion\alta_cotizacion.php:31)
2018-08-21 06:13:03,571 INFO : valor del $molde_ancho 3 main.main(C:\xampp\htdocs\sailsiadco\admin\cotizacion\alta_cotizacion.php:52)
2018-08-21 06:13:03,572 INFO : 0 main.main(C:\xampp\htdocs\sailsiadco\admin\cotizacion\alta_cotizacion.php:148)
2018-08-21 06:13:03,606 INFO : Maquina: fklsajfajsdfjls main.main(C:\xampp\htdocs\sailsiadco\admin\cotizacion\alta_cotizacion.php:835)
2018-08-21 06:13:03,606 INFO : Maquina: asdfasf main.main(C:\xampp\htdocs\sailsiadco\admin\cotizacion\alta_cotizacion.php:835)
2018-08-21 06:13:03,606 INFO : Maquina: sdsafdsfas main.main(C:\xampp\htdocs\sailsiadco\admin\cotizacion\alta_cotizacion.php:835)
2018-08-21 06:14:17,398 INFO : Agregó colores de #20 main.main(C:\xampp\htdocs\sailsiadco\admin\cotizacion\up_cotizacion.php:106)
2018-08-21 06:14:17,402 INFO : Prueba de obtener codigo1231231 main.main(C:\xampp\htdocs\sailsiadco\admin\cotizacion\up_cotizacion.php:111)
2018-08-21 06:15:20,984 ERROR: Error intentando ingresar sin formulario desde: 192.168.148.1 main.main(C:\xampp\htdocs\sailsiadco\admin\cotizacion\up_cotizacion.php:147)
2018-08-21 06:15:29,657 INFO : Va consultar20 main.main(C:\xampp\htdocs\sailsiadco\admin\cotizacion\alta_cotizacion.php:31)
2018-08-21 06:15:29,659 INFO : valor del $molde_ancho 3 main.main(C:\xampp\htdocs\sailsiadco\admin\cotizacion\alta_cotizacion.php:52)
2018-08-21 06:15:29,660 INFO : 0 main.main(C:\xampp\htdocs\sailsiadco\admin\cotizacion\alta_cotizacion.php:148)
2018-08-21 06:15:55,162 INFO : Va consultar20 main.main(C:\xampp\htdocs\sailsiadco\admin\cotizacion\alta_cotizacion.php:31)
2018-08-21 06:15:55,163 INFO : valor del $molde_ancho 3 main.main(C:\xampp\htdocs\sailsiadco\admin\cotizacion\alta_cotizacion.php:52)
2018-08-21 06:15:55,165 INFO : 0 main.main(C:\xampp\htdocs\sailsiadco\admin\cotizacion\alta_cotizacion.php:148)
2018-08-21 06:16:24,390 INFO : Agregó colores de #20 main.main(C:\xampp\htdocs\sailsiadco\admin\cotizacion\up_cotizacion.php:106)
2018-08-21 06:16:24,395 INFO : Prueba de obtener codigo1231231 main.main(C:\xampp\htdocs\sailsiadco\admin\cotizacion\up_cotizacion.php:111)
2018-08-21 06:17:37,693 INFO : Agregó colores de #20 main.main(C:\xampp\htdocs\sailsiadco\admin\cotizacion\up_cotizacion.php:106)
2018-08-21 06:17:37,700 INFO : Prueba de obtener codigo1231231 main.main(C:\xampp\htdocs\sailsiadco\admin\cotizacion\up_cotizacion.php:111)
2018-08-21 06:17:37,708 INFO : Agregó maquinas de #20 main.main(C:\xampp\htdocs\sailsiadco\admin\cotizacion\up_cotizacion.php:113)
2018-08-21 06:17:45,556 INFO : Va consultar20 main.main(C:\xampp\htdocs\sailsiadco\admin\cotizacion\alta_cotizacion.php:31)
2018-08-21 06:17:45,558 INFO : valor del $molde_ancho 3 main.main(C:\xampp\htdocs\sailsiadco\admin\cotizacion\alta_cotizacion.php:52)
2018-08-21 06:17:45,559 INFO : 0 main.main(C:\xampp\htdocs\sailsiadco\admin\cotizacion\alta_cotizacion.php:148)
2018-08-21 06:17:45,972 INFO : Maquina: fklsajfajsdfjls main.main(C:\xampp\htdocs\sailsiadco\admin\cotizacion\alta_cotizacion.php:835)
2018-08-21 06:17:45,972 INFO : Maquina: asdfasf main.main(C:\xampp\htdocs\sailsiadco\admin\cotizacion\alta_cotizacion.php:835)
2018-08-21 06:17:45,972 INFO : Maquina: sdsafdsfas main.main(C:\xampp\htdocs\sailsiadco\admin\cotizacion\alta_cotizacion.php:835)
2018-08-21 06:20:41,084 INFO : Va consultar20 main.main(C:\xampp\htdocs\sailsiadco\admin\cotizacion\alta_cotizacion.php:31)
2018-08-21 06:20:41,088 INFO : valor del $molde_ancho 3 main.main(C:\xampp\htdocs\sailsiadco\admin\cotizacion\alta_cotizacion.php:52)
2018-08-21 06:20:41,090 INFO : 0 main.main(C:\xampp\htdocs\sailsiadco\admin\cotizacion\alta_cotizacion.php:148)
2018-08-21 06:20:41,125 INFO : Maquina: fklsajfajsdfjls main.main(C:\xampp\htdocs\sailsiadco\admin\cotizacion\alta_cotizacion.php:835)
2018-08-21 06:20:41,125 INFO : Maquina: asdfasf main.main(C:\xampp\htdocs\sailsiadco\admin\cotizacion\alta_cotizacion.php:835)
2018-08-21 06:20:41,126 INFO : Maquina: sdsafdsfas main.main(C:\xampp\htdocs\sailsiadco\admin\cotizacion\alta_cotizacion.php:835)
2018-08-21 06:22:06,608 INFO : Va consultar20 main.main(C:\xampp\htdocs\sailsiadco\admin\cotizacion\alta_cotizacion.php:31)
2018-08-21 06:22:06,611 INFO : valor del $molde_ancho 3 main.main(C:\xampp\htdocs\sailsiadco\admin\cotizacion\alta_cotizacion.php:52)
2018-08-21 06:22:06,613 INFO : 0 main.main(C:\xampp\htdocs\sailsiadco\admin\cotizacion\alta_cotizacion.php:148)
2018-08-21 06:22:06,653 INFO : Maquina: fklsajfajsdfjls main.main(C:\xampp\htdocs\sailsiadco\admin\cotizacion\alta_cotizacion.php:835)
2018-08-21 06:22:06,654 INFO : Maquina: asdfasf main.main(C:\xampp\htdocs\sailsiadco\admin\cotizacion\alta_cotizacion.php:835)
2018-08-21 06:22:06,654 INFO : Maquina: sdsafdsfas main.main(C:\xampp\htdocs\sailsiadco\admin\cotizacion\alta_cotizacion.php:835)
2018-08-21 06:22:59,469 INFO : Va consultar20 main.main(C:\xampp\htdocs\sailsiadco\admin\cotizacion\alta_cotizacion.php:31)
2018-08-21 06:22:59,471 INFO : valor del $molde_ancho 3 main.main(C:\xampp\htdocs\sailsiadco\admin\cotizacion\alta_cotizacion.php:52)
2018-08-21 06:22:59,473 INFO : 0 main.main(C:\xampp\htdocs\sailsiadco\admin\cotizacion\alta_cotizacion.php:148)
2018-08-21 06:22:59,506 INFO : Maquina: fklsajfajsdfjls main.main(C:\xampp\htdocs\sailsiadco\admin\cotizacion\alta_cotizacion.php:835)
2018-08-21 06:22:59,506 INFO : Maquina: asdfasf main.main(C:\xampp\htdocs\sailsiadco\admin\cotizacion\alta_cotizacion.php:835)
2018-08-21 06:22:59,506 INFO : Maquina: sdsafdsfas main.main(C:\xampp\htdocs\sailsiadco\admin\cotizacion\alta_cotizacion.php:835)
2018-08-21 06:24:05,757 INFO : Va consultar20 main.main(C:\xampp\htdocs\sailsiadco\admin\cotizacion\alta_cotizacion.php:31)
2018-08-21 06:24:05,760 INFO : valor del $molde_ancho 3 main.main(C:\xampp\htdocs\sailsiadco\admin\cotizacion\alta_cotizacion.php:52)
2018-08-21 06:24:05,761 INFO : 0 main.main(C:\xampp\htdocs\sailsiadco\admin\cotizacion\alta_cotizacion.php:148)
2018-08-21 06:24:05,915 INFO : Maquina: fklsajfajsdfjls main.main(C:\xampp\htdocs\sailsiadco\admin\cotizacion\alta_cotizacion.php:835)
2018-08-21 06:24:05,915 INFO : Maquina: asdfasf main.main(C:\xampp\htdocs\sailsiadco\admin\cotizacion\alta_cotizacion.php:835)
2018-08-21 06:24:05,915 INFO : Maquina: sdsafdsfas main.main(C:\xampp\htdocs\sailsiadco\admin\cotizacion\alta_cotizacion.php:835)
2018-08-21 06:25:08,561 INFO : Va consultar20 main.main(C:\xampp\htdocs\sailsiadco\admin\cotizacion\alta_cotizacion.php:31)
2018-08-21 06:25:08,563 INFO : valor del $molde_ancho 3 main.main(C:\xampp\htdocs\sailsiadco\admin\cotizacion\alta_cotizacion.php:52)
2018-08-21 06:25:08,565 INFO : 0 main.main(C:\xampp\htdocs\sailsiadco\admin\cotizacion\alta_cotizacion.php:148)
2018-08-21 06:25:08,601 INFO : Maquina: fklsajfajsdfjls main.main(C:\xampp\htdocs\sailsiadco\admin\cotizacion\alta_cotizacion.php:835)
2018-08-21 06:25:08,601 INFO : Maquina: asdfasf main.main(C:\xampp\htdocs\sailsiadco\admin\cotizacion\alta_cotizacion.php:835)
2018-08-21 06:25:08,602 INFO : Maquina: sdsafdsfas main.main(C:\xampp\htdocs\sailsiadco\admin\cotizacion\alta_cotizacion.php:835)
2018-08-21 06:30:11,523 INFO : Va consultar20 main.main(C:\xampp\htdocs\sailsiadco\admin\cotizacion\alta_cotizacion.php:31)
2018-08-21 06:30:11,527 INFO : valor del $molde_ancho 3 main.main(C:\xampp\htdocs\sailsiadco\admin\cotizacion\alta_cotizacion.php:52)
2018-08-21 06:30:11,530 INFO : 0 main.main(C:\xampp\htdocs\sailsiadco\admin\cotizacion\alta_cotizacion.php:148)
2018-08-21 06:30:11,570 INFO : Maquina: fklsajfajsdfjls main.main(C:\xampp\htdocs\sailsiadco\admin\cotizacion\alta_cotizacion.php:835)
2018-08-21 06:30:11,570 INFO : Maquina: asdfasf main.main(C:\xampp\htdocs\sailsiadco\admin\cotizacion\alta_cotizacion.php:835)
2018-08-21 06:30:11,570 INFO : Maquina: sdsafdsfas main.main(C:\xampp\htdocs\sailsiadco\admin\cotizacion\alta_cotizacion.php:835)
2018-08-21 06:30:26,144 INFO : Va consultar20 main.main(C:\xampp\htdocs\sailsiadco\admin\cotizacion\alta_cotizacion.php:31)
2018-08-21 06:30:26,146 INFO : valor del $molde_ancho 3 main.main(C:\xampp\htdocs\sailsiadco\admin\cotizacion\alta_cotizacion.php:52)
2018-08-21 06:30:26,148 INFO : 0 main.main(C:\xampp\htdocs\sailsiadco\admin\cotizacion\alta_cotizacion.php:148)
2018-08-21 06:30:26,184 INFO : Maquina: fklsajfajsdfjls main.main(C:\xampp\htdocs\sailsiadco\admin\cotizacion\alta_cotizacion.php:835)
2018-08-21 06:30:26,184 INFO : Maquina: asdfasf main.main(C:\xampp\htdocs\sailsiadco\admin\cotizacion\alta_cotizacion.php:835)
2018-08-21 06:30:26,184 INFO : Maquina: sdsafdsfas main.main(C:\xampp\htdocs\sailsiadco\admin\cotizacion\alta_cotizacion.php:835)
2018-08-21 06:34:03,882 INFO : Va consultar20 main.main(C:\xampp\htdocs\sailsiadco\admin\cotizacion\alta_cotizacion.php:31)
2018-08-21 06:34:03,885 INFO : valor del $molde_ancho 3 main.main(C:\xampp\htdocs\sailsiadco\admin\cotizacion\alta_cotizacion.php:52)
2018-08-21 06:34:03,888 INFO : 0 main.main(C:\xampp\htdocs\sailsiadco\admin\cotizacion\alta_cotizacion.php:148)
2018-08-21 06:34:03,925 INFO : Maquina: fklsajfajsdfjls main.main(C:\xampp\htdocs\sailsiadco\admin\cotizacion\alta_cotizacion.php:835)
2018-08-21 06:34:03,925 INFO : Maquina: asdfasf main.main(C:\xampp\htdocs\sailsiadco\admin\cotizacion\alta_cotizacion.php:835)
2018-08-21 06:34:03,925 INFO : Maquina: sdsafdsfas main.main(C:\xampp\htdocs\sailsiadco\admin\cotizacion\alta_cotizacion.php:835)
2018-08-21 06:34:44,506 INFO : Agregó colores de #20 main.main(C:\xampp\htdocs\sailsiadco\admin\cotizacion\up_cotizacion.php:106)
2018-08-21 06:34:44,511 INFO : Prueba de obtener codigo1231231 main.main(C:\xampp\htdocs\sailsiadco\admin\cotizacion\up_cotizacion.php:111)
2018-08-21 06:34:44,519 INFO : Agregó maquinas de #20 main.main(C:\xampp\htdocs\sailsiadco\admin\cotizacion\up_cotizacion.php:113)
2018-08-21 06:40:59,727 INFO : Va consultar20 main.main(C:\xampp\htdocs\sailsiadco\admin\cotizacion\alta_cotizacion.php:31)
2018-08-21 06:40:59,729 INFO : valor del $molde_ancho 3 main.main(C:\xampp\htdocs\sailsiadco\admin\cotizacion\alta_cotizacion.php:52)
2018-08-21 06:40:59,730 INFO : 0 main.main(C:\xampp\htdocs\sailsiadco\admin\cotizacion\alta_cotizacion.php:148)
2018-08-21 06:40:59,760 INFO : Maquina: fklsajfajsdfjls main.main(C:\xampp\htdocs\sailsiadco\admin\cotizacion\alta_cotizacion.php:835)
2018-08-21 06:40:59,760 INFO : Maquina: asdfasf main.main(C:\xampp\htdocs\sailsiadco\admin\cotizacion\alta_cotizacion.php:835)
2018-08-21 06:40:59,760 INFO : Maquina: sdsafdsfas main.main(C:\xampp\htdocs\sailsiadco\admin\cotizacion\alta_cotizacion.php:835)
2018-08-21 06:43:19,891 INFO : Va consultar20 main.main(C:\xampp\htdocs\sailsiadco\admin\cotizacion\alta_cotizacion.php:31)
2018-08-21 06:43:19,894 INFO : valor del $molde_ancho 3 main.main(C:\xampp\htdocs\sailsiadco\admin\cotizacion\alta_cotizacion.php:52)
2018-08-21 06:43:19,924 INFO : 0 main.main(C:\xampp\htdocs\sailsiadco\admin\cotizacion\alta_cotizacion.php:148)
2018-08-21 06:43:19,975 INFO : Maquina: fklsajfajsdfjls main.main(C:\xampp\htdocs\sailsiadco\admin\cotizacion\alta_cotizacion.php:835)
2018-08-21 06:43:19,975 INFO : Maquina: asdfasf main.main(C:\xampp\htdocs\sailsiadco\admin\cotizacion\alta_cotizacion.php:835)
2018-08-21 06:43:19,975 INFO : Maquina: sdsafdsfas main.main(C:\xampp\htdocs\sailsiadco\admin\cotizacion\alta_cotizacion.php:835)
2018-08-21 06:46:02,450 INFO : Va consultar20 main.main(C:\xampp\htdocs\sailsiadco\admin\cotizacion\alta_cotizacion.php:31)
2018-08-21 06:46:02,452 INFO : valor del $molde_ancho 3 main.main(C:\xampp\htdocs\sailsiadco\admin\cotizacion\alta_cotizacion.php:52)
2018-08-21 06:46:02,456 INFO : 0 main.main(C:\xampp\htdocs\sailsiadco\admin\cotizacion\alta_cotizacion.php:148)
2018-08-21 06:46:02,494 INFO : Maquina: fklsajfajsdfjls main.main(C:\xampp\htdocs\sailsiadco\admin\cotizacion\alta_cotizacion.php:835)
2018-08-21 06:46:02,495 INFO : Maquina: asdfasf main.main(C:\xampp\htdocs\sailsiadco\admin\cotizacion\alta_cotizacion.php:835)
2018-08-21 06:46:02,495 INFO : Maquina: sdsafdsfas main.main(C:\xampp\htdocs\sailsiadco\admin\cotizacion\alta_cotizacion.php:835)
