2018-08-11 22:12:35,578 INFO : Va consultar20 main.main(C:\xampp\htdocs\sailsiadco\admin\cotizacion\alta_cotizacion.php:31)
2018-08-11 22:12:35,581 INFO : valor del $molde_ancho 3 main.main(C:\xampp\htdocs\sailsiadco\admin\cotizacion\alta_cotizacion.php:52)
2018-08-11 22:12:35,583 INFO : 0 main.main(C:\xampp\htdocs\sailsiadco\admin\cotizacion\alta_cotizacion.php:148)
2018-08-11 22:12:45,848 INFO : Agregó colores de #20 main.main(C:\xampp\htdocs\sailsiadco\admin\cotizacion\up_cotizacion.php:106)
2018-08-11 22:12:45,851 INFO : Prueba de obtener codigo main.main(C:\xampp\htdocs\sailsiadco\admin\cotizacion\up_cotizacion.php:111)
2018-08-11 22:12:45,864 ERROR: No se agregó maquinas de #20\nGTO*,*3*,*3*,*3*,*3*,*3*,*3*,*3*,*3*,*3*,*3*,*on*,*on*,*on*,*0*;*asdfasf*,*3*,*3*,*3*,*3*,*3*,*3*,*3*,*3*,*3*,*3*,*on*,*on*,*on*,*0*;*sdsafdsfas*,*3*,*3*,*3*,*3*,*3*,*3*,*3*,*3*,*3*,*3*,*on*,*on*,*on*,*0 main.main(C:\xampp\htdocs\sailsiadco\admin\cotizacion\up_cotizacion.php:115)
2018-08-11 22:14:06,913 INFO : Va consultar20 main.main(C:\xampp\htdocs\sailsiadco\admin\cotizacion\alta_cotizacion.php:31)
2018-08-11 22:14:06,916 INFO : valor del $molde_ancho 3 main.main(C:\xampp\htdocs\sailsiadco\admin\cotizacion\alta_cotizacion.php:52)
2018-08-11 22:14:06,917 INFO : 0 main.main(C:\xampp\htdocs\sailsiadco\admin\cotizacion\alta_cotizacion.php:148)
2018-08-11 22:14:17,907 INFO : Agregó colores de #20 main.main(C:\xampp\htdocs\sailsiadco\admin\cotizacion\up_cotizacion.php:106)
2018-08-11 22:14:17,910 INFO : Prueba de obtener codigo1231231 main.main(C:\xampp\htdocs\sailsiadco\admin\cotizacion\up_cotizacion.php:111)
2018-08-11 22:14:17,921 INFO : Agregó maquinas de #20 main.main(C:\xampp\htdocs\sailsiadco\admin\cotizacion\up_cotizacion.php:113)
2018-08-11 22:14:55,752 INFO : Va consultar20 main.main(C:\xampp\htdocs\sailsiadco\admin\cotizacion\alta_cotizacion.php:31)
2018-08-11 22:14:55,754 INFO : valor del $molde_ancho 3 main.main(C:\xampp\htdocs\sailsiadco\admin\cotizacion\alta_cotizacion.php:52)
2018-08-11 22:14:55,756 INFO : 0 main.main(C:\xampp\htdocs\sailsiadco\admin\cotizacion\alta_cotizacion.php:148)
2018-08-11 22:14:55,869 INFO : Maquina: fklsajfajsdfjls main.main(C:\xampp\htdocs\sailsiadco\admin\cotizacion\alta_cotizacion.php:835)
2018-08-11 22:15:05,685 INFO : Agregó colores de #20 main.main(C:\xampp\htdocs\sailsiadco\admin\cotizacion\up_cotizacion.php:106)
2018-08-11 22:15:05,688 INFO : Prueba de obtener codigo1231231 main.main(C:\xampp\htdocs\sailsiadco\admin\cotizacion\up_cotizacion.php:111)
2018-08-11 22:15:05,698 INFO : Agregó maquinas de #20 main.main(C:\xampp\htdocs\sailsiadco\admin\cotizacion\up_cotizacion.php:113)
2018-08-11 22:16:32,394 INFO : Va consultar20 main.main(C:\xampp\htdocs\sailsiadco\admin\cotizacion\alta_cotizacion.php:31)
2018-08-11 22:16:32,397 INFO : valor del $molde_ancho 3 main.main(C:\xampp\htdocs\sailsiadco\admin\cotizacion\alta_cotizacion.php:52)
2018-08-11 22:16:32,404 INFO : 0 main.main(C:\xampp\htdocs\sailsiadco\admin\cotizacion\alta_cotizacion.php:148)
2018-08-11 22:19:07,187 INFO : Va consultar20 main.main(C:\xampp\htdocs\sailsiadco\admin\cotizacion\alta_cotizacion.php:31)
2018-08-11 22:19:07,190 INFO : valor del $molde_ancho 3 main.main(C:\xampp\htdocs\sailsiadco\admin\cotizacion\alta_cotizacion.php:52)
2018-08-11 22:19:07,191 INFO : 0 main.main(C:\xampp\htdocs\sailsiadco\admin\cotizacion\alta_cotizacion.php:148)
2018-08-11 22:19:07,231 INFO : Maquina: fklsajfajsdfjls main.main(C:\xampp\htdocs\sailsiadco\admin\cotizacion\alta_cotizacion.php:835)
2018-08-11 22:19:07,231 INFO : Maquina: asdfasf main.main(C:\xampp\htdocs\sailsiadco\admin\cotizacion\alta_cotizacion.php:835)
2018-08-11 22:19:07,231 INFO : Maquina: sdsafdsfas main.main(C:\xampp\htdocs\sailsiadco\admin\cotizacion\alta_cotizacion.php:835)
