2018-07-15 07:18:28,076 INFO : 2 main.main(C:\xampp\htdocs\sailsiadco\admin\cotizacion\up_cotizacion.php:22)
2018-07-15 07:18:28,181 INFO : Antes de consulta en cotización #20 main.main(C:\xampp\htdocs\sailsiadco\admin\cotizacion\up_cotizacion.php:26)
2018-07-15 07:18:28,220 INFO : Actualizó cotización #20 main.main(C:\xampp\htdocs\sailsiadco\admin\cotizacion\up_cotizacion.php:32)
2018-07-15 07:18:28,299 INFO : Actualizó cotización #20 main.main(C:\xampp\htdocs\sailsiadco\admin\cotizacion\up_cotizacion.php:39)
2018-07-15 07:25:36,467 INFO : 2 main.main(C:\xampp\htdocs\sailsiadco\admin\cotizacion\up_cotizacion.php:22)
2018-07-15 07:25:36,510 INFO : Antes de consulta en cotización #20 main.main(C:\xampp\htdocs\sailsiadco\admin\cotizacion\up_cotizacion.php:26)
2018-07-15 07:25:36,579 INFO : Actualizó cotización #20 main.main(C:\xampp\htdocs\sailsiadco\admin\cotizacion\up_cotizacion.php:32)
2018-07-15 07:25:36,665 INFO : Actualizó cotización #20 main.main(C:\xampp\htdocs\sailsiadco\admin\cotizacion\up_cotizacion.php:39)
2018-07-15 07:26:29,240 INFO : 2 main.main(C:\xampp\htdocs\sailsiadco\admin\cotizacion\up_cotizacion.php:22)
2018-07-15 07:26:29,244 INFO : Antes de consulta en cotización #20 main.main(C:\xampp\htdocs\sailsiadco\admin\cotizacion\up_cotizacion.php:26)
2018-07-15 07:26:29,245 INFO : Actualizó cotización #20 main.main(C:\xampp\htdocs\sailsiadco\admin\cotizacion\up_cotizacion.php:32)
2018-07-15 07:26:29,313 INFO : Actualizó cotización #20 main.main(C:\xampp\htdocs\sailsiadco\admin\cotizacion\up_cotizacion.php:39)
2018-07-15 07:26:29,431 INFO :  main.main(C:\xampp\htdocs\sailsiadco\admin\cotizacion\up_cotizacion.php:92)
2018-07-15 07:26:29,431 INFO : Editó detalle cotización #20 main.main(C:\xampp\htdocs\sailsiadco\admin\cotizacion\up_cotizacion.php:106)
2018-07-15 07:27:33,987 INFO : Va consultar20 main.main(C:\xampp\htdocs\sailsiadco\admin\cotizacion\alta_cotizacion.php:27)
2018-07-15 07:27:33,989 INFO : valor del $molde_ancho 3 main.main(C:\xampp\htdocs\sailsiadco\admin\cotizacion\alta_cotizacion.php:48)
2018-07-15 07:27:33,990 INFO : 0 main.main(C:\xampp\htdocs\sailsiadco\admin\cotizacion\alta_cotizacion.php:146)
2018-07-15 07:27:46,278 INFO : 2 main.main(C:\xampp\htdocs\sailsiadco\admin\cotizacion\up_cotizacion.php:22)
2018-07-15 07:27:46,280 INFO : Antes de consulta en cotización #20 main.main(C:\xampp\htdocs\sailsiadco\admin\cotizacion\up_cotizacion.php:26)
2018-07-15 07:27:46,281 INFO : Actualizó cotización #20 main.main(C:\xampp\htdocs\sailsiadco\admin\cotizacion\up_cotizacion.php:32)
2018-07-15 07:27:46,320 INFO : Actualizó cotización #20 main.main(C:\xampp\htdocs\sailsiadco\admin\cotizacion\up_cotizacion.php:39)
2018-07-15 07:27:46,352 INFO :  main.main(C:\xampp\htdocs\sailsiadco\admin\cotizacion\up_cotizacion.php:91)
2018-07-15 07:27:46,352 INFO : 1 main.main(C:\xampp\htdocs\sailsiadco\admin\cotizacion\up_cotizacion.php:91)
2018-07-15 07:27:46,353 INFO : 2 main.main(C:\xampp\htdocs\sailsiadco\admin\cotizacion\up_cotizacion.php:91)
2018-07-15 07:27:46,353 INFO : 3 main.main(C:\xampp\htdocs\sailsiadco\admin\cotizacion\up_cotizacion.php:91)
2018-07-15 07:27:46,353 INFO : 4 main.main(C:\xampp\htdocs\sailsiadco\admin\cotizacion\up_cotizacion.php:91)
2018-07-15 07:27:46,353 INFO : 5 main.main(C:\xampp\htdocs\sailsiadco\admin\cotizacion\up_cotizacion.php:91)
2018-07-15 07:27:46,353 INFO : 6 main.main(C:\xampp\htdocs\sailsiadco\admin\cotizacion\up_cotizacion.php:91)
2018-07-15 07:27:46,353 INFO : 7 main.main(C:\xampp\htdocs\sailsiadco\admin\cotizacion\up_cotizacion.php:91)
2018-07-15 07:27:46,353 INFO : 8 main.main(C:\xampp\htdocs\sailsiadco\admin\cotizacion\up_cotizacion.php:91)
2018-07-15 07:27:46,353 INFO : 9 main.main(C:\xampp\htdocs\sailsiadco\admin\cotizacion\up_cotizacion.php:91)
2018-07-15 07:27:46,354 INFO : 10 main.main(C:\xampp\htdocs\sailsiadco\admin\cotizacion\up_cotizacion.php:91)
2018-07-15 07:27:46,354 INFO : 11 main.main(C:\xampp\htdocs\sailsiadco\admin\cotizacion\up_cotizacion.php:91)
2018-07-15 07:27:46,354 INFO : 12 main.main(C:\xampp\htdocs\sailsiadco\admin\cotizacion\up_cotizacion.php:91)
2018-07-15 07:27:46,354 INFO : 13 main.main(C:\xampp\htdocs\sailsiadco\admin\cotizacion\up_cotizacion.php:91)
2018-07-15 07:27:46,354 INFO : 14 main.main(C:\xampp\htdocs\sailsiadco\admin\cotizacion\up_cotizacion.php:91)
2018-07-15 07:27:46,354 INFO :  main.main(C:\xampp\htdocs\sailsiadco\admin\cotizacion\up_cotizacion.php:93)
2018-07-15 07:27:46,354 INFO : Editó detalle cotización #20 main.main(C:\xampp\htdocs\sailsiadco\admin\cotizacion\up_cotizacion.php:107)
2018-07-15 07:33:58,393 INFO : Va consultar20 main.main(C:\xampp\htdocs\sailsiadco\admin\cotizacion\alta_cotizacion.php:27)
2018-07-15 07:33:58,395 INFO : valor del $molde_ancho 3 main.main(C:\xampp\htdocs\sailsiadco\admin\cotizacion\alta_cotizacion.php:48)
2018-07-15 07:33:58,398 INFO : 0 main.main(C:\xampp\htdocs\sailsiadco\admin\cotizacion\alta_cotizacion.php:146)
2018-07-15 07:35:10,950 INFO : 2 main.main(C:\xampp\htdocs\sailsiadco\admin\cotizacion\up_cotizacion.php:22)
2018-07-15 07:35:10,957 INFO : Antes de consulta en cotización #20 main.main(C:\xampp\htdocs\sailsiadco\admin\cotizacion\up_cotizacion.php:26)
2018-07-15 07:35:10,959 INFO : Actualizó cotización #20 main.main(C:\xampp\htdocs\sailsiadco\admin\cotizacion\up_cotizacion.php:32)
2018-07-15 07:35:11,010 INFO : Actualizó cotización #20 main.main(C:\xampp\htdocs\sailsiadco\admin\cotizacion\up_cotizacion.php:39)
2018-07-15 07:35:11,245 INFO : 120manusc main.main(C:\xampp\htdocs\sailsiadco\admin\cotizacion\up_cotizacion.php:96)
2018-07-15 07:35:11,246 ERROR: Error guardando lista check:  main.main(C:\xampp\htdocs\sailsiadco\admin\cotizacion\up_cotizacion.php:97)
2018-07-15 07:35:11,247 INFO : Editó lista check #20 main.main(C:\xampp\htdocs\sailsiadco\admin\cotizacion\up_cotizacion.php:100)
2018-07-15 07:35:11,248 INFO : 120textos main.main(C:\xampp\htdocs\sailsiadco\admin\cotizacion\up_cotizacion.php:96)
2018-07-15 07:35:11,248 ERROR: Error guardando lista check:  main.main(C:\xampp\htdocs\sailsiadco\admin\cotizacion\up_cotizacion.php:97)
2018-07-15 07:35:11,249 INFO : Editó lista check #20 main.main(C:\xampp\htdocs\sailsiadco\admin\cotizacion\up_cotizacion.php:100)
2018-07-15 07:35:11,250 INFO : 120negativos main.main(C:\xampp\htdocs\sailsiadco\admin\cotizacion\up_cotizacion.php:96)
2018-07-15 07:35:11,250 ERROR: Error guardando lista check:  main.main(C:\xampp\htdocs\sailsiadco\admin\cotizacion\up_cotizacion.php:97)
2018-07-15 07:35:11,316 INFO : Editó lista check #20 main.main(C:\xampp\htdocs\sailsiadco\admin\cotizacion\up_cotizacion.php:100)
2018-07-15 07:35:11,317 INFO : 120montajes main.main(C:\xampp\htdocs\sailsiadco\admin\cotizacion\up_cotizacion.php:96)
2018-07-15 07:35:11,317 ERROR: Error guardando lista check:  main.main(C:\xampp\htdocs\sailsiadco\admin\cotizacion\up_cotizacion.php:97)
2018-07-15 07:35:11,319 INFO : Editó lista check #20 main.main(C:\xampp\htdocs\sailsiadco\admin\cotizacion\up_cotizacion.php:100)
2018-07-15 07:35:11,323 INFO : 120espec_escr main.main(C:\xampp\htdocs\sailsiadco\admin\cotizacion\up_cotizacion.php:96)
2018-07-15 07:35:11,323 ERROR: Error guardando lista check:  main.main(C:\xampp\htdocs\sailsiadco\admin\cotizacion\up_cotizacion.php:97)
2018-07-15 07:35:11,324 INFO : Editó lista check #20 main.main(C:\xampp\htdocs\sailsiadco\admin\cotizacion\up_cotizacion.php:100)
2018-07-15 07:35:11,324 INFO : Editó detalle cotización #20 main.main(C:\xampp\htdocs\sailsiadco\admin\cotizacion\up_cotizacion.php:107)
2018-07-15 07:36:04,460 INFO : Va consultar20 main.main(C:\xampp\htdocs\sailsiadco\admin\cotizacion\alta_cotizacion.php:27)
2018-07-15 07:36:04,462 INFO : valor del $molde_ancho 3 main.main(C:\xampp\htdocs\sailsiadco\admin\cotizacion\alta_cotizacion.php:48)
2018-07-15 07:36:04,463 INFO : 0 main.main(C:\xampp\htdocs\sailsiadco\admin\cotizacion\alta_cotizacion.php:146)
2018-07-15 07:36:17,126 INFO : 2 main.main(C:\xampp\htdocs\sailsiadco\admin\cotizacion\up_cotizacion.php:22)
2018-07-15 07:36:17,134 INFO : Antes de consulta en cotización #20 main.main(C:\xampp\htdocs\sailsiadco\admin\cotizacion\up_cotizacion.php:26)
2018-07-15 07:36:17,134 INFO : Actualizó cotización #20 main.main(C:\xampp\htdocs\sailsiadco\admin\cotizacion\up_cotizacion.php:32)
2018-07-15 07:36:17,191 INFO : Actualizó cotización #20 main.main(C:\xampp\htdocs\sailsiadco\admin\cotizacion\up_cotizacion.php:39)
2018-07-15 07:36:17,208 INFO : 120manusc main.main(C:\xampp\htdocs\sailsiadco\admin\cotizacion\up_cotizacion.php:96)
2018-07-15 07:36:17,208 ERROR: Error guardando lista check: Column count doesn't match value count at row 1 main.main(C:\xampp\htdocs\sailsiadco\admin\cotizacion\up_cotizacion.php:97)
2018-07-15 07:36:41,998 INFO : 2 main.main(C:\xampp\htdocs\sailsiadco\admin\cotizacion\up_cotizacion.php:22)
2018-07-15 07:36:42,000 INFO : Antes de consulta en cotización #20 main.main(C:\xampp\htdocs\sailsiadco\admin\cotizacion\up_cotizacion.php:26)
2018-07-15 07:36:42,001 INFO : Actualizó cotización #20 main.main(C:\xampp\htdocs\sailsiadco\admin\cotizacion\up_cotizacion.php:32)
2018-07-15 07:36:42,057 INFO : Actualizó cotización #20 main.main(C:\xampp\htdocs\sailsiadco\admin\cotizacion\up_cotizacion.php:39)
2018-07-15 07:36:42,061 INFO : 120manusc main.main(C:\xampp\htdocs\sailsiadco\admin\cotizacion\up_cotizacion.php:96)
2018-07-15 07:36:42,061 ERROR: Error guardando lista check: Column count doesn't match value count at row 1 main.main(C:\xampp\htdocs\sailsiadco\admin\cotizacion\up_cotizacion.php:97)
2018-07-15 07:38:51,717 INFO : 2 main.main(C:\xampp\htdocs\sailsiadco\admin\cotizacion\up_cotizacion.php:22)
2018-07-15 07:38:51,758 INFO : Antes de consulta en cotización #20 main.main(C:\xampp\htdocs\sailsiadco\admin\cotizacion\up_cotizacion.php:26)
2018-07-15 07:38:51,832 INFO : Actualizó cotización #20 main.main(C:\xampp\htdocs\sailsiadco\admin\cotizacion\up_cotizacion.php:32)
2018-07-15 07:38:51,912 INFO : Actualizó cotización #20 main.main(C:\xampp\htdocs\sailsiadco\admin\cotizacion\up_cotizacion.php:39)
2018-07-15 07:38:51,934 INFO : 120manusc main.main(C:\xampp\htdocs\sailsiadco\admin\cotizacion\up_cotizacion.php:96)
2018-07-15 07:38:51,935 ERROR: Error guardando lista check:  main.main(C:\xampp\htdocs\sailsiadco\admin\cotizacion\up_cotizacion.php:97)
2018-07-15 07:38:52,025 INFO : Editó lista check #20 main.main(C:\xampp\htdocs\sailsiadco\admin\cotizacion\up_cotizacion.php:100)
2018-07-15 07:38:52,025 INFO : 120negativos main.main(C:\xampp\htdocs\sailsiadco\admin\cotizacion\up_cotizacion.php:96)
2018-07-15 07:38:52,025 ERROR: Error guardando lista check:  main.main(C:\xampp\htdocs\sailsiadco\admin\cotizacion\up_cotizacion.php:97)
2018-07-15 07:38:52,026 INFO : Editó lista check #20 main.main(C:\xampp\htdocs\sailsiadco\admin\cotizacion\up_cotizacion.php:100)
2018-07-15 07:38:52,026 INFO : 120color_key main.main(C:\xampp\htdocs\sailsiadco\admin\cotizacion\up_cotizacion.php:96)
2018-07-15 07:38:52,026 ERROR: Error guardando lista check:  main.main(C:\xampp\htdocs\sailsiadco\admin\cotizacion\up_cotizacion.php:97)
2018-07-15 07:38:52,027 INFO : Editó lista check #20 main.main(C:\xampp\htdocs\sailsiadco\admin\cotizacion\up_cotizacion.php:100)
2018-07-15 07:38:52,027 INFO : Editó detalle cotización #20 main.main(C:\xampp\htdocs\sailsiadco\admin\cotizacion\up_cotizacion.php:107)
2018-07-15 07:39:11,752 INFO : Va consultar20 main.main(C:\xampp\htdocs\sailsiadco\admin\cotizacion\alta_cotizacion.php:27)
2018-07-15 07:39:11,754 INFO : valor del $molde_ancho 3 main.main(C:\xampp\htdocs\sailsiadco\admin\cotizacion\alta_cotizacion.php:48)
2018-07-15 07:39:11,759 INFO : 0 main.main(C:\xampp\htdocs\sailsiadco\admin\cotizacion\alta_cotizacion.php:146)
2018-07-15 07:39:16,563 INFO : 2 main.main(C:\xampp\htdocs\sailsiadco\admin\cotizacion\up_cotizacion.php:22)
2018-07-15 07:39:16,568 INFO : Antes de consulta en cotización #20 main.main(C:\xampp\htdocs\sailsiadco\admin\cotizacion\up_cotizacion.php:26)
2018-07-15 07:39:16,569 INFO : Actualizó cotización #20 main.main(C:\xampp\htdocs\sailsiadco\admin\cotizacion\up_cotizacion.php:32)
2018-07-15 07:39:16,587 INFO : Actualizó cotización #20 main.main(C:\xampp\htdocs\sailsiadco\admin\cotizacion\up_cotizacion.php:39)
2018-07-15 07:39:16,590 INFO : Editó detalle cotización #20 main.main(C:\xampp\htdocs\sailsiadco\admin\cotizacion\up_cotizacion.php:107)
2018-07-15 07:43:21,109 INFO : Va consultar20 main.main(C:\xampp\htdocs\sailsiadco\admin\cotizacion\alta_cotizacion.php:27)
2018-07-15 07:43:21,112 INFO : valor del $molde_ancho 3 main.main(C:\xampp\htdocs\sailsiadco\admin\cotizacion\alta_cotizacion.php:48)
2018-07-15 07:43:21,114 INFO : 0 main.main(C:\xampp\htdocs\sailsiadco\admin\cotizacion\alta_cotizacion.php:146)
2018-07-15 07:43:41,711 INFO : 3 main.main(C:\xampp\htdocs\sailsiadco\admin\cotizacion\up_cotizacion.php:22)
2018-07-15 07:43:41,713 INFO : Antes de consulta en cotización #20 main.main(C:\xampp\htdocs\sailsiadco\admin\cotizacion\up_cotizacion.php:26)
2018-07-15 07:43:41,714 INFO : Actualizó cotización #20 main.main(C:\xampp\htdocs\sailsiadco\admin\cotizacion\up_cotizacion.php:32)
2018-07-15 07:43:41,763 INFO : Actualizó cotización #20 main.main(C:\xampp\htdocs\sailsiadco\admin\cotizacion\up_cotizacion.php:39)
2018-07-15 07:43:41,793 INFO : 120color_key main.main(C:\xampp\htdocs\sailsiadco\admin\cotizacion\up_cotizacion.php:96)
2018-07-15 07:43:41,793 ERROR: Error guardando lista check:  main.main(C:\xampp\htdocs\sailsiadco\admin\cotizacion\up_cotizacion.php:97)
2018-07-15 07:43:41,804 INFO : Editó lista check #20 main.main(C:\xampp\htdocs\sailsiadco\admin\cotizacion\up_cotizacion.php:100)
2018-07-15 07:43:41,812 INFO : 120papel main.main(C:\xampp\htdocs\sailsiadco\admin\cotizacion\up_cotizacion.php:96)
2018-07-15 07:43:41,812 ERROR: Error guardando lista check:  main.main(C:\xampp\htdocs\sailsiadco\admin\cotizacion\up_cotizacion.php:97)
2018-07-15 07:43:41,812 INFO : Editó lista check #20 main.main(C:\xampp\htdocs\sailsiadco\admin\cotizacion\up_cotizacion.php:100)
2018-07-15 07:43:41,813 INFO : 120clisse main.main(C:\xampp\htdocs\sailsiadco\admin\cotizacion\up_cotizacion.php:96)
2018-07-15 07:43:41,813 ERROR: Error guardando lista check:  main.main(C:\xampp\htdocs\sailsiadco\admin\cotizacion\up_cotizacion.php:97)
2018-07-15 07:43:41,814 INFO : Editó lista check #20 main.main(C:\xampp\htdocs\sailsiadco\admin\cotizacion\up_cotizacion.php:100)
2018-07-15 07:43:41,814 INFO : Editó detalle cotización #20 main.main(C:\xampp\htdocs\sailsiadco\admin\cotizacion\up_cotizacion.php:107)
2018-07-15 07:43:53,586 INFO : Va consultar20 main.main(C:\xampp\htdocs\sailsiadco\admin\cotizacion\alta_cotizacion.php:27)
2018-07-15 07:43:53,587 INFO : valor del $molde_ancho 3 main.main(C:\xampp\htdocs\sailsiadco\admin\cotizacion\alta_cotizacion.php:48)
2018-07-15 07:43:53,589 INFO : 0 main.main(C:\xampp\htdocs\sailsiadco\admin\cotizacion\alta_cotizacion.php:146)
2018-07-15 07:46:34,512 INFO : Editó lista check #20 main.main(C:\xampp\htdocs\sailsiadco\admin\cotizacion\up_cotizacion.php:93)
2018-07-15 07:46:34,670 INFO : Editó lista check #20 main.main(C:\xampp\htdocs\sailsiadco\admin\cotizacion\up_cotizacion.php:93)
2018-07-15 07:46:34,672 INFO : Editó lista check #20 main.main(C:\xampp\htdocs\sailsiadco\admin\cotizacion\up_cotizacion.php:93)
2018-07-15 07:46:34,672 INFO : Editó detalle cotización #20 main.main(C:\xampp\htdocs\sailsiadco\admin\cotizacion\up_cotizacion.php:96)
2018-07-15 07:46:57,511 INFO : Va consultar20 main.main(C:\xampp\htdocs\sailsiadco\admin\cotizacion\alta_cotizacion.php:27)
2018-07-15 07:46:57,513 INFO : valor del $molde_ancho 3 main.main(C:\xampp\htdocs\sailsiadco\admin\cotizacion\alta_cotizacion.php:48)
2018-07-15 07:46:57,514 INFO : 0 main.main(C:\xampp\htdocs\sailsiadco\admin\cotizacion\alta_cotizacion.php:146)
2018-07-15 07:56:03,215 INFO : Editó lista check #20 main.main(C:\xampp\htdocs\sailsiadco\admin\cotizacion\up_cotizacion.php:110)
2018-07-15 07:56:03,353 INFO : Editó lista check #20 main.main(C:\xampp\htdocs\sailsiadco\admin\cotizacion\up_cotizacion.php:110)
2018-07-15 07:56:03,358 INFO : Editó lista check #20 main.main(C:\xampp\htdocs\sailsiadco\admin\cotizacion\up_cotizacion.php:110)
2018-07-15 07:56:03,359 INFO : Editó lista check #20 main.main(C:\xampp\htdocs\sailsiadco\admin\cotizacion\up_cotizacion.php:110)
2018-07-15 07:56:03,360 INFO : Editó lista check #20 main.main(C:\xampp\htdocs\sailsiadco\admin\cotizacion\up_cotizacion.php:110)
2018-07-15 07:56:03,361 INFO : Editó lista check #20 main.main(C:\xampp\htdocs\sailsiadco\admin\cotizacion\up_cotizacion.php:110)
2018-07-15 07:56:03,362 INFO : Editó lista check #20 main.main(C:\xampp\htdocs\sailsiadco\admin\cotizacion\up_cotizacion.php:110)
2018-07-15 07:56:03,362 INFO : Editó lista check #20 main.main(C:\xampp\htdocs\sailsiadco\admin\cotizacion\up_cotizacion.php:110)
2018-07-15 07:56:03,363 INFO : Editó lista check #20 main.main(C:\xampp\htdocs\sailsiadco\admin\cotizacion\up_cotizacion.php:110)
2018-07-15 07:56:03,364 INFO : Editó lista check #20 main.main(C:\xampp\htdocs\sailsiadco\admin\cotizacion\up_cotizacion.php:110)
2018-07-15 07:56:03,364 INFO : Editó lista check #20 main.main(C:\xampp\htdocs\sailsiadco\admin\cotizacion\up_cotizacion.php:110)
2018-07-15 07:56:03,365 INFO : Editó lista check #20 main.main(C:\xampp\htdocs\sailsiadco\admin\cotizacion\up_cotizacion.php:110)
2018-07-15 07:56:03,366 INFO : Editó lista check #20 main.main(C:\xampp\htdocs\sailsiadco\admin\cotizacion\up_cotizacion.php:110)
2018-07-15 07:56:03,366 INFO : Editó lista check #20 main.main(C:\xampp\htdocs\sailsiadco\admin\cotizacion\up_cotizacion.php:110)
2018-07-15 07:56:03,371 INFO : Editó lista check #20 main.main(C:\xampp\htdocs\sailsiadco\admin\cotizacion\up_cotizacion.php:110)
2018-07-15 07:56:03,372 INFO : Editó lista check #20 main.main(C:\xampp\htdocs\sailsiadco\admin\cotizacion\up_cotizacion.php:110)
2018-07-15 07:56:03,372 INFO : Editó lista check #20 main.main(C:\xampp\htdocs\sailsiadco\admin\cotizacion\up_cotizacion.php:110)
2018-07-15 07:56:03,373 INFO : Editó lista check #20 main.main(C:\xampp\htdocs\sailsiadco\admin\cotizacion\up_cotizacion.php:110)
2018-07-15 07:56:03,374 INFO : Editó lista check #20 main.main(C:\xampp\htdocs\sailsiadco\admin\cotizacion\up_cotizacion.php:110)
2018-07-15 07:56:03,374 INFO : Editó lista check #20 main.main(C:\xampp\htdocs\sailsiadco\admin\cotizacion\up_cotizacion.php:110)
2018-07-15 07:56:03,375 INFO : Editó lista check #20 main.main(C:\xampp\htdocs\sailsiadco\admin\cotizacion\up_cotizacion.php:110)
2018-07-15 07:56:03,376 INFO : Editó lista check #20 main.main(C:\xampp\htdocs\sailsiadco\admin\cotizacion\up_cotizacion.php:110)
2018-07-15 07:56:03,376 INFO : Editó lista check #20 main.main(C:\xampp\htdocs\sailsiadco\admin\cotizacion\up_cotizacion.php:110)
2018-07-15 07:56:03,377 INFO : Editó lista check #20 main.main(C:\xampp\htdocs\sailsiadco\admin\cotizacion\up_cotizacion.php:110)
2018-07-15 07:56:03,378 INFO : Editó lista check #20 main.main(C:\xampp\htdocs\sailsiadco\admin\cotizacion\up_cotizacion.php:110)
2018-07-15 07:56:03,378 INFO : Editó lista check #20 main.main(C:\xampp\htdocs\sailsiadco\admin\cotizacion\up_cotizacion.php:110)
2018-07-15 07:56:03,379 INFO : Editó lista check #20 main.main(C:\xampp\htdocs\sailsiadco\admin\cotizacion\up_cotizacion.php:110)
2018-07-15 07:56:03,380 INFO : Editó lista check #20 main.main(C:\xampp\htdocs\sailsiadco\admin\cotizacion\up_cotizacion.php:110)
2018-07-15 07:56:03,380 INFO : Editó lista check #20 main.main(C:\xampp\htdocs\sailsiadco\admin\cotizacion\up_cotizacion.php:110)
2018-07-15 07:56:03,381 INFO : Editó detalle cotización #20 main.main(C:\xampp\htdocs\sailsiadco\admin\cotizacion\up_cotizacion.php:113)
2018-07-15 08:11:54,111 INFO : Va consultar20 main.main(C:\xampp\htdocs\sailsiadco\admin\cotizacion\alta_cotizacion.php:27)
2018-07-15 08:11:54,113 INFO : valor del $molde_ancho 3 main.main(C:\xampp\htdocs\sailsiadco\admin\cotizacion\alta_cotizacion.php:48)
2018-07-15 08:11:54,127 INFO : 0 main.main(C:\xampp\htdocs\sailsiadco\admin\cotizacion\alta_cotizacion.php:146)
2018-07-15 08:23:47,111 INFO : Va consultar20 main.main(C:\xampp\htdocs\sailsiadco\admin\cotizacion\alta_cotizacion.php:27)
2018-07-15 08:23:47,114 INFO : valor del $molde_ancho 3 main.main(C:\xampp\htdocs\sailsiadco\admin\cotizacion\alta_cotizacion.php:48)
2018-07-15 08:23:47,119 INFO : 0 main.main(C:\xampp\htdocs\sailsiadco\admin\cotizacion\alta_cotizacion.php:146)
2018-07-15 08:24:23,939 INFO : Va consultar20 main.main(C:\xampp\htdocs\sailsiadco\admin\cotizacion\alta_cotizacion.php:27)
2018-07-15 08:24:23,942 INFO : valor del $molde_ancho 3 main.main(C:\xampp\htdocs\sailsiadco\admin\cotizacion\alta_cotizacion.php:48)
2018-07-15 08:24:24,014 INFO : 0 main.main(C:\xampp\htdocs\sailsiadco\admin\cotizacion\alta_cotizacion.php:146)
2018-07-15 08:27:51,387 INFO : Va consultar20 main.main(C:\xampp\htdocs\sailsiadco\admin\cotizacion\alta_cotizacion.php:27)
2018-07-15 08:27:51,396 INFO : valor del $molde_ancho 3 main.main(C:\xampp\htdocs\sailsiadco\admin\cotizacion\alta_cotizacion.php:48)
2018-07-15 08:27:51,400 INFO : 0 main.main(C:\xampp\htdocs\sailsiadco\admin\cotizacion\alta_cotizacion.php:146)
2018-07-15 08:28:53,787 INFO : Editó lista check #20 main.main(C:\xampp\htdocs\sailsiadco\admin\cotizacion\up_cotizacion.php:110)
2018-07-15 08:28:53,945 INFO : Editó lista check #20 main.main(C:\xampp\htdocs\sailsiadco\admin\cotizacion\up_cotizacion.php:110)
2018-07-15 08:28:53,949 INFO : Editó lista check #20 main.main(C:\xampp\htdocs\sailsiadco\admin\cotizacion\up_cotizacion.php:110)
2018-07-15 08:28:53,950 INFO : Editó lista check #20 main.main(C:\xampp\htdocs\sailsiadco\admin\cotizacion\up_cotizacion.php:110)
2018-07-15 08:28:53,954 INFO : Editó lista check #20 main.main(C:\xampp\htdocs\sailsiadco\admin\cotizacion\up_cotizacion.php:110)
2018-07-15 08:28:53,955 INFO : Editó lista check #20 main.main(C:\xampp\htdocs\sailsiadco\admin\cotizacion\up_cotizacion.php:110)
2018-07-15 08:28:53,956 INFO : Editó lista check #20 main.main(C:\xampp\htdocs\sailsiadco\admin\cotizacion\up_cotizacion.php:110)
2018-07-15 08:28:53,956 INFO : Editó lista check #20 main.main(C:\xampp\htdocs\sailsiadco\admin\cotizacion\up_cotizacion.php:110)
2018-07-15 08:28:53,957 INFO : Editó lista check #20 main.main(C:\xampp\htdocs\sailsiadco\admin\cotizacion\up_cotizacion.php:110)
2018-07-15 08:28:53,958 INFO : Editó lista check #20 main.main(C:\xampp\htdocs\sailsiadco\admin\cotizacion\up_cotizacion.php:110)
2018-07-15 08:28:53,959 INFO : Editó lista check #20 main.main(C:\xampp\htdocs\sailsiadco\admin\cotizacion\up_cotizacion.php:110)
2018-07-15 08:28:53,960 INFO : Editó lista check #20 main.main(C:\xampp\htdocs\sailsiadco\admin\cotizacion\up_cotizacion.php:110)
2018-07-15 08:28:53,961 INFO : Editó lista check #20 main.main(C:\xampp\htdocs\sailsiadco\admin\cotizacion\up_cotizacion.php:110)
2018-07-15 08:28:53,962 INFO : Editó lista check #20 main.main(C:\xampp\htdocs\sailsiadco\admin\cotizacion\up_cotizacion.php:110)
2018-07-15 08:28:53,963 INFO : Editó lista check #20 main.main(C:\xampp\htdocs\sailsiadco\admin\cotizacion\up_cotizacion.php:110)
2018-07-15 08:28:53,963 INFO : Editó lista check #20 main.main(C:\xampp\htdocs\sailsiadco\admin\cotizacion\up_cotizacion.php:110)
2018-07-15 08:28:53,964 INFO : Editó lista check #20 main.main(C:\xampp\htdocs\sailsiadco\admin\cotizacion\up_cotizacion.php:110)
2018-07-15 08:28:53,965 INFO : Editó lista check #20 main.main(C:\xampp\htdocs\sailsiadco\admin\cotizacion\up_cotizacion.php:110)
2018-07-15 08:28:53,966 INFO : Editó lista check #20 main.main(C:\xampp\htdocs\sailsiadco\admin\cotizacion\up_cotizacion.php:110)
2018-07-15 08:28:53,967 INFO : Editó lista check #20 main.main(C:\xampp\htdocs\sailsiadco\admin\cotizacion\up_cotizacion.php:110)
2018-07-15 08:28:53,969 INFO : Editó lista check #20 main.main(C:\xampp\htdocs\sailsiadco\admin\cotizacion\up_cotizacion.php:110)
2018-07-15 08:28:53,971 INFO : Editó lista check #20 main.main(C:\xampp\htdocs\sailsiadco\admin\cotizacion\up_cotizacion.php:110)
2018-07-15 08:28:53,972 INFO : Editó lista check #20 main.main(C:\xampp\htdocs\sailsiadco\admin\cotizacion\up_cotizacion.php:110)
2018-07-15 08:28:53,973 INFO : Editó lista check #20 main.main(C:\xampp\htdocs\sailsiadco\admin\cotizacion\up_cotizacion.php:110)
2018-07-15 08:28:53,975 INFO : Editó lista check #20 main.main(C:\xampp\htdocs\sailsiadco\admin\cotizacion\up_cotizacion.php:110)
2018-07-15 08:28:53,976 INFO : Editó lista check #20 main.main(C:\xampp\htdocs\sailsiadco\admin\cotizacion\up_cotizacion.php:110)
2018-07-15 08:28:53,982 INFO : Editó lista check #20 main.main(C:\xampp\htdocs\sailsiadco\admin\cotizacion\up_cotizacion.php:110)
2018-07-15 08:28:53,983 INFO : Editó lista check #20 main.main(C:\xampp\htdocs\sailsiadco\admin\cotizacion\up_cotizacion.php:110)
2018-07-15 08:28:53,984 INFO : Editó lista check #20 main.main(C:\xampp\htdocs\sailsiadco\admin\cotizacion\up_cotizacion.php:110)
2018-07-15 08:28:53,984 INFO : Editó lista check #20 main.main(C:\xampp\htdocs\sailsiadco\admin\cotizacion\up_cotizacion.php:110)
2018-07-15 08:28:53,986 INFO : Editó lista check #20 main.main(C:\xampp\htdocs\sailsiadco\admin\cotizacion\up_cotizacion.php:110)
2018-07-15 08:28:53,986 INFO : Editó detalle cotización #20 main.main(C:\xampp\htdocs\sailsiadco\admin\cotizacion\up_cotizacion.php:113)
2018-07-15 08:29:06,266 INFO : Va consultar20 main.main(C:\xampp\htdocs\sailsiadco\admin\cotizacion\alta_cotizacion.php:27)
2018-07-15 08:29:06,268 INFO : valor del $molde_ancho 3 main.main(C:\xampp\htdocs\sailsiadco\admin\cotizacion\alta_cotizacion.php:48)
2018-07-15 08:29:06,269 INFO : 0 main.main(C:\xampp\htdocs\sailsiadco\admin\cotizacion\alta_cotizacion.php:146)
2018-07-15 08:32:39,718 INFO : Va consultar20 main.main(C:\xampp\htdocs\sailsiadco\admin\cotizacion\alta_cotizacion.php:27)
2018-07-15 08:32:39,720 INFO : valor del $molde_ancho 3 main.main(C:\xampp\htdocs\sailsiadco\admin\cotizacion\alta_cotizacion.php:48)
2018-07-15 08:32:39,722 INFO : 0 main.main(C:\xampp\htdocs\sailsiadco\admin\cotizacion\alta_cotizacion.php:146)
2018-07-15 08:32:49,544 INFO : Editó lista check #20 main.main(C:\xampp\htdocs\sailsiadco\admin\cotizacion\up_cotizacion.php:110)
2018-07-15 08:32:49,622 INFO : Editó lista check #20 main.main(C:\xampp\htdocs\sailsiadco\admin\cotizacion\up_cotizacion.php:110)
2018-07-15 08:32:49,623 INFO : Editó lista check #20 main.main(C:\xampp\htdocs\sailsiadco\admin\cotizacion\up_cotizacion.php:110)
2018-07-15 08:32:49,627 INFO : Editó lista check #20 main.main(C:\xampp\htdocs\sailsiadco\admin\cotizacion\up_cotizacion.php:110)
2018-07-15 08:32:49,628 INFO : Editó lista check #20 main.main(C:\xampp\htdocs\sailsiadco\admin\cotizacion\up_cotizacion.php:110)
2018-07-15 08:32:49,629 INFO : Editó lista check #20 main.main(C:\xampp\htdocs\sailsiadco\admin\cotizacion\up_cotizacion.php:110)
2018-07-15 08:32:49,630 INFO : Editó lista check #20 main.main(C:\xampp\htdocs\sailsiadco\admin\cotizacion\up_cotizacion.php:110)
2018-07-15 08:32:49,631 INFO : Editó lista check #20 main.main(C:\xampp\htdocs\sailsiadco\admin\cotizacion\up_cotizacion.php:110)
2018-07-15 08:32:49,632 INFO : Editó lista check #20 main.main(C:\xampp\htdocs\sailsiadco\admin\cotizacion\up_cotizacion.php:110)
2018-07-15 08:32:49,633 INFO : Editó lista check #20 main.main(C:\xampp\htdocs\sailsiadco\admin\cotizacion\up_cotizacion.php:110)
2018-07-15 08:32:49,634 INFO : Editó lista check #20 main.main(C:\xampp\htdocs\sailsiadco\admin\cotizacion\up_cotizacion.php:110)
2018-07-15 08:32:49,634 INFO : Editó lista check #20 main.main(C:\xampp\htdocs\sailsiadco\admin\cotizacion\up_cotizacion.php:110)
2018-07-15 08:32:49,635 INFO : Editó lista check #20 main.main(C:\xampp\htdocs\sailsiadco\admin\cotizacion\up_cotizacion.php:110)
2018-07-15 08:32:49,636 INFO : Editó lista check #20 main.main(C:\xampp\htdocs\sailsiadco\admin\cotizacion\up_cotizacion.php:110)
2018-07-15 08:32:49,637 INFO : Editó lista check #20 main.main(C:\xampp\htdocs\sailsiadco\admin\cotizacion\up_cotizacion.php:110)
2018-07-15 08:32:49,638 INFO : Editó lista check #20 main.main(C:\xampp\htdocs\sailsiadco\admin\cotizacion\up_cotizacion.php:110)
2018-07-15 08:32:49,638 INFO : Editó lista check #20 main.main(C:\xampp\htdocs\sailsiadco\admin\cotizacion\up_cotizacion.php:110)
2018-07-15 08:32:49,639 INFO : Editó lista check #20 main.main(C:\xampp\htdocs\sailsiadco\admin\cotizacion\up_cotizacion.php:110)
2018-07-15 08:32:49,641 INFO : Editó lista check #20 main.main(C:\xampp\htdocs\sailsiadco\admin\cotizacion\up_cotizacion.php:110)
2018-07-15 08:32:49,642 INFO : Editó lista check #20 main.main(C:\xampp\htdocs\sailsiadco\admin\cotizacion\up_cotizacion.php:110)
2018-07-15 08:32:49,643 INFO : Editó lista check #20 main.main(C:\xampp\htdocs\sailsiadco\admin\cotizacion\up_cotizacion.php:110)
2018-07-15 08:32:49,644 INFO : Editó lista check #20 main.main(C:\xampp\htdocs\sailsiadco\admin\cotizacion\up_cotizacion.php:110)
2018-07-15 08:32:49,645 INFO : Editó lista check #20 main.main(C:\xampp\htdocs\sailsiadco\admin\cotizacion\up_cotizacion.php:110)
2018-07-15 08:32:49,645 INFO : Editó lista check #20 main.main(C:\xampp\htdocs\sailsiadco\admin\cotizacion\up_cotizacion.php:110)
2018-07-15 08:32:49,646 INFO : Editó lista check #20 main.main(C:\xampp\htdocs\sailsiadco\admin\cotizacion\up_cotizacion.php:110)
2018-07-15 08:32:49,647 INFO : Editó lista check #20 main.main(C:\xampp\htdocs\sailsiadco\admin\cotizacion\up_cotizacion.php:110)
2018-07-15 08:32:49,648 INFO : Editó lista check #20 main.main(C:\xampp\htdocs\sailsiadco\admin\cotizacion\up_cotizacion.php:110)
2018-07-15 08:32:49,649 INFO : Editó lista check #20 main.main(C:\xampp\htdocs\sailsiadco\admin\cotizacion\up_cotizacion.php:110)
2018-07-15 08:32:49,650 INFO : Editó lista check #20 main.main(C:\xampp\htdocs\sailsiadco\admin\cotizacion\up_cotizacion.php:110)
2018-07-15 08:32:49,650 INFO : Editó lista check #20 main.main(C:\xampp\htdocs\sailsiadco\admin\cotizacion\up_cotizacion.php:110)
2018-07-15 08:32:49,651 INFO : Editó lista check #20 main.main(C:\xampp\htdocs\sailsiadco\admin\cotizacion\up_cotizacion.php:110)
2018-07-15 08:32:49,652 INFO : Editó lista check #20 main.main(C:\xampp\htdocs\sailsiadco\admin\cotizacion\up_cotizacion.php:110)
2018-07-15 08:32:49,652 INFO : Editó detalle cotización #20 main.main(C:\xampp\htdocs\sailsiadco\admin\cotizacion\up_cotizacion.php:113)
2018-07-15 08:32:57,611 INFO : Va consultar20 main.main(C:\xampp\htdocs\sailsiadco\admin\cotizacion\alta_cotizacion.php:27)
2018-07-15 08:32:57,613 INFO : valor del $molde_ancho 3 main.main(C:\xampp\htdocs\sailsiadco\admin\cotizacion\alta_cotizacion.php:48)
2018-07-15 08:32:57,614 INFO : 0 main.main(C:\xampp\htdocs\sailsiadco\admin\cotizacion\alta_cotizacion.php:146)
2018-07-15 08:33:12,802 INFO : Editó lista check #20 main.main(C:\xampp\htdocs\sailsiadco\admin\cotizacion\up_cotizacion.php:110)
2018-07-15 08:33:12,945 INFO : Editó lista check #20 main.main(C:\xampp\htdocs\sailsiadco\admin\cotizacion\up_cotizacion.php:110)
2018-07-15 08:33:12,946 INFO : Editó lista check #20 main.main(C:\xampp\htdocs\sailsiadco\admin\cotizacion\up_cotizacion.php:110)
2018-07-15 08:33:12,946 INFO : Editó lista check #20 main.main(C:\xampp\htdocs\sailsiadco\admin\cotizacion\up_cotizacion.php:110)
2018-07-15 08:33:12,947 INFO : Editó lista check #20 main.main(C:\xampp\htdocs\sailsiadco\admin\cotizacion\up_cotizacion.php:110)
2018-07-15 08:33:12,951 INFO : Editó lista check #20 main.main(C:\xampp\htdocs\sailsiadco\admin\cotizacion\up_cotizacion.php:110)
2018-07-15 08:33:12,952 INFO : Editó lista check #20 main.main(C:\xampp\htdocs\sailsiadco\admin\cotizacion\up_cotizacion.php:110)
2018-07-15 08:33:12,952 INFO : Editó lista check #20 main.main(C:\xampp\htdocs\sailsiadco\admin\cotizacion\up_cotizacion.php:110)
2018-07-15 08:33:12,953 INFO : Editó lista check #20 main.main(C:\xampp\htdocs\sailsiadco\admin\cotizacion\up_cotizacion.php:110)
2018-07-15 08:33:12,954 INFO : Editó lista check #20 main.main(C:\xampp\htdocs\sailsiadco\admin\cotizacion\up_cotizacion.php:110)
2018-07-15 08:33:12,955 INFO : Editó lista check #20 main.main(C:\xampp\htdocs\sailsiadco\admin\cotizacion\up_cotizacion.php:110)
2018-07-15 08:33:12,955 INFO : Editó lista check #20 main.main(C:\xampp\htdocs\sailsiadco\admin\cotizacion\up_cotizacion.php:110)
2018-07-15 08:33:12,956 INFO : Editó lista check #20 main.main(C:\xampp\htdocs\sailsiadco\admin\cotizacion\up_cotizacion.php:110)
2018-07-15 08:33:12,957 INFO : Editó lista check #20 main.main(C:\xampp\htdocs\sailsiadco\admin\cotizacion\up_cotizacion.php:110)
2018-07-15 08:33:12,958 INFO : Editó lista check #20 main.main(C:\xampp\htdocs\sailsiadco\admin\cotizacion\up_cotizacion.php:110)
2018-07-15 08:33:12,958 INFO : Editó lista check #20 main.main(C:\xampp\htdocs\sailsiadco\admin\cotizacion\up_cotizacion.php:110)
2018-07-15 08:33:12,959 INFO : Editó lista check #20 main.main(C:\xampp\htdocs\sailsiadco\admin\cotizacion\up_cotizacion.php:110)
2018-07-15 08:33:12,960 INFO : Editó lista check #20 main.main(C:\xampp\htdocs\sailsiadco\admin\cotizacion\up_cotizacion.php:110)
2018-07-15 08:33:12,961 INFO : Editó lista check #20 main.main(C:\xampp\htdocs\sailsiadco\admin\cotizacion\up_cotizacion.php:110)
2018-07-15 08:33:12,962 INFO : Editó lista check #20 main.main(C:\xampp\htdocs\sailsiadco\admin\cotizacion\up_cotizacion.php:110)
2018-07-15 08:33:12,963 INFO : Editó lista check #20 main.main(C:\xampp\htdocs\sailsiadco\admin\cotizacion\up_cotizacion.php:110)
2018-07-15 08:33:12,966 INFO : Editó lista check #20 main.main(C:\xampp\htdocs\sailsiadco\admin\cotizacion\up_cotizacion.php:110)
2018-07-15 08:33:12,967 INFO : Editó lista check #20 main.main(C:\xampp\htdocs\sailsiadco\admin\cotizacion\up_cotizacion.php:110)
2018-07-15 08:33:12,968 INFO : Editó lista check #20 main.main(C:\xampp\htdocs\sailsiadco\admin\cotizacion\up_cotizacion.php:110)
2018-07-15 08:33:12,969 INFO : Editó lista check #20 main.main(C:\xampp\htdocs\sailsiadco\admin\cotizacion\up_cotizacion.php:110)
2018-07-15 08:33:12,970 INFO : Editó lista check #20 main.main(C:\xampp\htdocs\sailsiadco\admin\cotizacion\up_cotizacion.php:110)
2018-07-15 08:33:12,970 INFO : Editó lista check #20 main.main(C:\xampp\htdocs\sailsiadco\admin\cotizacion\up_cotizacion.php:110)
2018-07-15 08:33:12,971 INFO : Editó lista check #20 main.main(C:\xampp\htdocs\sailsiadco\admin\cotizacion\up_cotizacion.php:110)
2018-07-15 08:33:12,972 INFO : Editó lista check #20 main.main(C:\xampp\htdocs\sailsiadco\admin\cotizacion\up_cotizacion.php:110)
2018-07-15 08:33:12,972 INFO : Editó detalle cotización #20 main.main(C:\xampp\htdocs\sailsiadco\admin\cotizacion\up_cotizacion.php:113)
2018-07-15 08:33:20,675 INFO : Va consultar20 main.main(C:\xampp\htdocs\sailsiadco\admin\cotizacion\alta_cotizacion.php:27)
2018-07-15 08:33:20,677 INFO : valor del $molde_ancho 3 main.main(C:\xampp\htdocs\sailsiadco\admin\cotizacion\alta_cotizacion.php:48)
2018-07-15 08:33:20,678 INFO : 0 main.main(C:\xampp\htdocs\sailsiadco\admin\cotizacion\alta_cotizacion.php:146)
2018-07-15 08:33:38,021 INFO : Editó lista check #20 main.main(C:\xampp\htdocs\sailsiadco\admin\cotizacion\up_cotizacion.php:110)
2018-07-15 08:33:38,197 INFO : Editó lista check #20 main.main(C:\xampp\htdocs\sailsiadco\admin\cotizacion\up_cotizacion.php:110)
2018-07-15 08:33:38,198 INFO : Editó lista check #20 main.main(C:\xampp\htdocs\sailsiadco\admin\cotizacion\up_cotizacion.php:110)
2018-07-15 08:33:38,199 INFO : Editó lista check #20 main.main(C:\xampp\htdocs\sailsiadco\admin\cotizacion\up_cotizacion.php:110)
2018-07-15 08:33:38,199 INFO : Editó lista check #20 main.main(C:\xampp\htdocs\sailsiadco\admin\cotizacion\up_cotizacion.php:110)
2018-07-15 08:33:38,200 INFO : Editó lista check #20 main.main(C:\xampp\htdocs\sailsiadco\admin\cotizacion\up_cotizacion.php:110)
2018-07-15 08:33:38,201 INFO : Editó lista check #20 main.main(C:\xampp\htdocs\sailsiadco\admin\cotizacion\up_cotizacion.php:110)
2018-07-15 08:33:38,202 INFO : Editó lista check #20 main.main(C:\xampp\htdocs\sailsiadco\admin\cotizacion\up_cotizacion.php:110)
2018-07-15 08:33:38,202 INFO : Editó lista check #20 main.main(C:\xampp\htdocs\sailsiadco\admin\cotizacion\up_cotizacion.php:110)
2018-07-15 08:33:38,203 INFO : Editó lista check #20 main.main(C:\xampp\htdocs\sailsiadco\admin\cotizacion\up_cotizacion.php:110)
2018-07-15 08:33:38,204 INFO : Editó lista check #20 main.main(C:\xampp\htdocs\sailsiadco\admin\cotizacion\up_cotizacion.php:110)
2018-07-15 08:33:38,205 INFO : Editó lista check #20 main.main(C:\xampp\htdocs\sailsiadco\admin\cotizacion\up_cotizacion.php:110)
2018-07-15 08:33:38,205 INFO : Editó lista check #20 main.main(C:\xampp\htdocs\sailsiadco\admin\cotizacion\up_cotizacion.php:110)
2018-07-15 08:33:38,207 INFO : Editó lista check #20 main.main(C:\xampp\htdocs\sailsiadco\admin\cotizacion\up_cotizacion.php:110)
2018-07-15 08:33:38,209 INFO : Editó lista check #20 main.main(C:\xampp\htdocs\sailsiadco\admin\cotizacion\up_cotizacion.php:110)
2018-07-15 08:33:38,210 INFO : Editó lista check #20 main.main(C:\xampp\htdocs\sailsiadco\admin\cotizacion\up_cotizacion.php:110)
2018-07-15 08:33:38,210 INFO : Editó lista check #20 main.main(C:\xampp\htdocs\sailsiadco\admin\cotizacion\up_cotizacion.php:110)
2018-07-15 08:33:38,211 INFO : Editó lista check #20 main.main(C:\xampp\htdocs\sailsiadco\admin\cotizacion\up_cotizacion.php:110)
2018-07-15 08:33:38,212 INFO : Editó lista check #20 main.main(C:\xampp\htdocs\sailsiadco\admin\cotizacion\up_cotizacion.php:110)
2018-07-15 08:33:38,213 INFO : Editó lista check #20 main.main(C:\xampp\htdocs\sailsiadco\admin\cotizacion\up_cotizacion.php:110)
2018-07-15 08:33:38,213 INFO : Editó lista check #20 main.main(C:\xampp\htdocs\sailsiadco\admin\cotizacion\up_cotizacion.php:110)
2018-07-15 08:33:38,214 INFO : Editó lista check #20 main.main(C:\xampp\htdocs\sailsiadco\admin\cotizacion\up_cotizacion.php:110)
2018-07-15 08:33:38,215 INFO : Editó lista check #20 main.main(C:\xampp\htdocs\sailsiadco\admin\cotizacion\up_cotizacion.php:110)
2018-07-15 08:33:38,215 INFO : Editó lista check #20 main.main(C:\xampp\htdocs\sailsiadco\admin\cotizacion\up_cotizacion.php:110)
2018-07-15 08:33:38,216 INFO : Editó lista check #20 main.main(C:\xampp\htdocs\sailsiadco\admin\cotizacion\up_cotizacion.php:110)
2018-07-15 08:33:38,216 INFO : Editó lista check #20 main.main(C:\xampp\htdocs\sailsiadco\admin\cotizacion\up_cotizacion.php:110)
2018-07-15 08:33:38,217 INFO : Editó lista check #20 main.main(C:\xampp\htdocs\sailsiadco\admin\cotizacion\up_cotizacion.php:110)
2018-07-15 08:33:38,218 INFO : Editó lista check #20 main.main(C:\xampp\htdocs\sailsiadco\admin\cotizacion\up_cotizacion.php:110)
2018-07-15 08:33:38,218 INFO : Editó lista check #20 main.main(C:\xampp\htdocs\sailsiadco\admin\cotizacion\up_cotizacion.php:110)
2018-07-15 08:33:38,219 INFO : Editó detalle cotización #20 main.main(C:\xampp\htdocs\sailsiadco\admin\cotizacion\up_cotizacion.php:113)
2018-07-15 08:33:45,641 INFO : Va consultar20 main.main(C:\xampp\htdocs\sailsiadco\admin\cotizacion\alta_cotizacion.php:27)
2018-07-15 08:33:45,643 INFO : valor del $molde_ancho 3 main.main(C:\xampp\htdocs\sailsiadco\admin\cotizacion\alta_cotizacion.php:48)
2018-07-15 08:33:45,645 INFO : 0 main.main(C:\xampp\htdocs\sailsiadco\admin\cotizacion\alta_cotizacion.php:146)
