2018-08-06 04:21:02,835 INFO : Va consultar20 main.main(C:\xampp\htdocs\sailsiadco\admin\cotizacion\alta_cotizacion.php:31)
2018-08-06 04:21:02,844 INFO : valor del $molde_ancho 3 main.main(C:\xampp\htdocs\sailsiadco\admin\cotizacion\alta_cotizacion.php:52)
2018-08-06 04:21:02,846 INFO : 0 main.main(C:\xampp\htdocs\sailsiadco\admin\cotizacion\alta_cotizacion.php:148)
2018-08-06 04:25:51,784 INFO : Va consultar20 main.main(C:\xampp\htdocs\sailsiadco\admin\cotizacion\alta_cotizacion.php:31)
2018-08-06 04:25:51,787 INFO : valor del $molde_ancho 3 main.main(C:\xampp\htdocs\sailsiadco\admin\cotizacion\alta_cotizacion.php:52)
2018-08-06 04:25:51,789 INFO : 0 main.main(C:\xampp\htdocs\sailsiadco\admin\cotizacion\alta_cotizacion.php:148)
2018-08-06 04:26:55,097 INFO : Va consultar20 main.main(C:\xampp\htdocs\sailsiadco\admin\cotizacion\alta_cotizacion.php:31)
2018-08-06 04:26:55,099 INFO : valor del $molde_ancho 3 main.main(C:\xampp\htdocs\sailsiadco\admin\cotizacion\alta_cotizacion.php:52)
2018-08-06 04:26:55,100 INFO : 0 main.main(C:\xampp\htdocs\sailsiadco\admin\cotizacion\alta_cotizacion.php:148)
2018-08-06 04:37:52,891 INFO : Va consultar20 main.main(C:\xampp\htdocs\sailsiadco\admin\cotizacion\alta_cotizacion.php:31)
2018-08-06 04:37:52,894 INFO : valor del $molde_ancho 3 main.main(C:\xampp\htdocs\sailsiadco\admin\cotizacion\alta_cotizacion.php:52)
2018-08-06 04:37:52,895 INFO : 0 main.main(C:\xampp\htdocs\sailsiadco\admin\cotizacion\alta_cotizacion.php:148)
2018-08-06 04:43:44,498 INFO : Va consultar20 main.main(C:\xampp\htdocs\sailsiadco\admin\cotizacion\alta_cotizacion.php:31)
2018-08-06 04:43:44,503 INFO : valor del $molde_ancho 3 main.main(C:\xampp\htdocs\sailsiadco\admin\cotizacion\alta_cotizacion.php:52)
2018-08-06 04:43:44,504 INFO : 0 main.main(C:\xampp\htdocs\sailsiadco\admin\cotizacion\alta_cotizacion.php:148)
2018-08-06 05:08:36,476 INFO : Agregó colores de #20 main.main(C:\xampp\htdocs\sailsiadco\admin\cotizacion\up_cotizacion.php:105)
2018-08-06 05:10:57,316 INFO : Agregó colores de #20 main.main(C:\xampp\htdocs\sailsiadco\admin\cotizacion\up_cotizacion.php:106)
2018-08-06 05:11:45,042 INFO : Agregó colores de #20 main.main(C:\xampp\htdocs\sailsiadco\admin\cotizacion\up_cotizacion.php:106)
2018-08-06 05:21:24,258 INFO : Va consultar20 main.main(C:\xampp\htdocs\sailsiadco\admin\cotizacion\alta_cotizacion.php:31)
2018-08-06 05:21:24,260 INFO : valor del $molde_ancho 3 main.main(C:\xampp\htdocs\sailsiadco\admin\cotizacion\alta_cotizacion.php:52)
2018-08-06 05:21:24,262 INFO : 0 main.main(C:\xampp\htdocs\sailsiadco\admin\cotizacion\alta_cotizacion.php:148)
2018-08-06 05:23:48,813 INFO : Va consultar20 main.main(C:\xampp\htdocs\sailsiadco\admin\cotizacion\alta_cotizacion.php:31)
2018-08-06 05:23:48,816 INFO : valor del $molde_ancho 3 main.main(C:\xampp\htdocs\sailsiadco\admin\cotizacion\alta_cotizacion.php:52)
2018-08-06 05:23:48,818 INFO : 0 main.main(C:\xampp\htdocs\sailsiadco\admin\cotizacion\alta_cotizacion.php:148)
2018-08-06 05:24:01,890 INFO : Agregó colores de #20 main.main(C:\xampp\htdocs\sailsiadco\admin\cotizacion\up_cotizacion.php:106)
2018-08-06 05:24:01,912 ERROR: No se agregó maquinas de #20\n main.main(C:\xampp\htdocs\sailsiadco\admin\cotizacion\up_cotizacion.php:114)
2018-08-06 05:25:45,433 INFO : Va consultar20 main.main(C:\xampp\htdocs\sailsiadco\admin\cotizacion\alta_cotizacion.php:31)
2018-08-06 05:25:45,436 INFO : valor del $molde_ancho 3 main.main(C:\xampp\htdocs\sailsiadco\admin\cotizacion\alta_cotizacion.php:52)
2018-08-06 05:25:45,438 INFO : 0 main.main(C:\xampp\htdocs\sailsiadco\admin\cotizacion\alta_cotizacion.php:148)
2018-08-06 05:25:55,120 INFO : Agregó colores de #20 main.main(C:\xampp\htdocs\sailsiadco\admin\cotizacion\up_cotizacion.php:106)
2018-08-06 05:25:55,130 ERROR: No se agregó maquinas de #20\n main.main(C:\xampp\htdocs\sailsiadco\admin\cotizacion\up_cotizacion.php:114)
2018-08-06 05:27:03,467 INFO : Va consultar20 main.main(C:\xampp\htdocs\sailsiadco\admin\cotizacion\alta_cotizacion.php:31)
2018-08-06 05:27:03,469 INFO : valor del $molde_ancho 3 main.main(C:\xampp\htdocs\sailsiadco\admin\cotizacion\alta_cotizacion.php:52)
2018-08-06 05:27:03,470 INFO : 0 main.main(C:\xampp\htdocs\sailsiadco\admin\cotizacion\alta_cotizacion.php:148)
2018-08-06 05:27:15,510 INFO : Agregó colores de #20 main.main(C:\xampp\htdocs\sailsiadco\admin\cotizacion\up_cotizacion.php:106)
2018-08-06 05:27:15,518 ERROR: No se agregó maquinas de #20\n*,*3*,*3*,*3*,*3*,*3*,*3*,*3*,*3*,*3*,*3*,*on*,*on*,*on0*;**,*3*,*3*,*3*,*3*,*3*,*3*,*3*,*3*,*3*,*3*,*on*,*on*,*on0 main.main(C:\xampp\htdocs\sailsiadco\admin\cotizacion\up_cotizacion.php:114)
2018-08-06 05:28:42,035 INFO : Va consultar20 main.main(C:\xampp\htdocs\sailsiadco\admin\cotizacion\alta_cotizacion.php:31)
2018-08-06 05:28:42,037 INFO : valor del $molde_ancho 3 main.main(C:\xampp\htdocs\sailsiadco\admin\cotizacion\alta_cotizacion.php:52)
2018-08-06 05:28:42,038 INFO : 0 main.main(C:\xampp\htdocs\sailsiadco\admin\cotizacion\alta_cotizacion.php:148)
2018-08-06 05:28:53,013 INFO : Agregó colores de #20 main.main(C:\xampp\htdocs\sailsiadco\admin\cotizacion\up_cotizacion.php:106)
2018-08-06 05:28:53,021 ERROR: No se agregó maquinas de #20\n3*,*3*,*3*,*3*,*3*,*3*,*3*,*3*,*3*,*3*,*on*,*on*,*on0*;*3*,*3*,*3*,*3*,*3*,*3*,*3*,*3*,*3*,*3*,*on*,*on*,*on0 main.main(C:\xampp\htdocs\sailsiadco\admin\cotizacion\up_cotizacion.php:114)
2018-08-06 05:30:04,947 INFO : Va consultar20 main.main(C:\xampp\htdocs\sailsiadco\admin\cotizacion\alta_cotizacion.php:31)
2018-08-06 05:30:04,950 INFO : valor del $molde_ancho 3 main.main(C:\xampp\htdocs\sailsiadco\admin\cotizacion\alta_cotizacion.php:52)
2018-08-06 05:30:04,951 INFO : 0 main.main(C:\xampp\htdocs\sailsiadco\admin\cotizacion\alta_cotizacion.php:148)
2018-08-06 05:30:14,629 INFO : Agregó colores de #20 main.main(C:\xampp\htdocs\sailsiadco\admin\cotizacion\up_cotizacion.php:106)
2018-08-06 05:30:14,645 ERROR: No se agregó maquinas de #20\n3*,*3*,*3*,*3*,*3*,*3*,*3*,*3*,*3*,*3*,*on*,*on*,*on*,*0*;*3*,*3*,*3*,*3*,*3*,*3*,*3*,*3*,*3*,*3*,*on*,*on*,*on*,*0 main.main(C:\xampp\htdocs\sailsiadco\admin\cotizacion\up_cotizacion.php:114)
2018-08-06 05:32:51,494 INFO : Va consultar20 main.main(C:\xampp\htdocs\sailsiadco\admin\cotizacion\alta_cotizacion.php:31)
2018-08-06 05:32:51,496 INFO : valor del $molde_ancho 3 main.main(C:\xampp\htdocs\sailsiadco\admin\cotizacion\alta_cotizacion.php:52)
2018-08-06 05:32:51,497 INFO : 0 main.main(C:\xampp\htdocs\sailsiadco\admin\cotizacion\alta_cotizacion.php:148)
2018-08-06 05:33:03,548 INFO : Agregó colores de #20 main.main(C:\xampp\htdocs\sailsiadco\admin\cotizacion\up_cotizacion.php:106)
2018-08-06 05:37:24,514 INFO : Agregó colores de #20 main.main(C:\xampp\htdocs\sailsiadco\admin\cotizacion\up_cotizacion.php:106)
2018-08-06 05:37:24,550 INFO : Agregó maquinas de #20 main.main(C:\xampp\htdocs\sailsiadco\admin\cotizacion\up_cotizacion.php:112)
2018-08-06 05:38:43,953 INFO : Va consultar20 main.main(C:\xampp\htdocs\sailsiadco\admin\cotizacion\alta_cotizacion.php:31)
2018-08-06 05:38:43,957 INFO : valor del $molde_ancho 3 main.main(C:\xampp\htdocs\sailsiadco\admin\cotizacion\alta_cotizacion.php:52)
2018-08-06 05:38:43,960 INFO : 0 main.main(C:\xampp\htdocs\sailsiadco\admin\cotizacion\alta_cotizacion.php:148)
2018-08-06 05:39:21,017 INFO : Agregó colores de #20 main.main(C:\xampp\htdocs\sailsiadco\admin\cotizacion\up_cotizacion.php:106)
2018-08-06 05:39:21,022 INFO : Agregó maquinas de #20 main.main(C:\xampp\htdocs\sailsiadco\admin\cotizacion\up_cotizacion.php:112)
2018-08-06 05:39:28,249 INFO : Va consultar20 main.main(C:\xampp\htdocs\sailsiadco\admin\cotizacion\alta_cotizacion.php:31)
2018-08-06 05:39:28,252 INFO : valor del $molde_ancho 3 main.main(C:\xampp\htdocs\sailsiadco\admin\cotizacion\alta_cotizacion.php:52)
2018-08-06 05:39:28,257 INFO : 0 main.main(C:\xampp\htdocs\sailsiadco\admin\cotizacion\alta_cotizacion.php:148)
2018-08-06 05:46:02,400 INFO : Va consultar20 main.main(C:\xampp\htdocs\sailsiadco\admin\cotizacion\alta_cotizacion.php:31)
2018-08-06 05:46:02,403 INFO : valor del $molde_ancho 3 main.main(C:\xampp\htdocs\sailsiadco\admin\cotizacion\alta_cotizacion.php:52)
2018-08-06 05:46:02,431 INFO : 0 main.main(C:\xampp\htdocs\sailsiadco\admin\cotizacion\alta_cotizacion.php:148)
2018-08-06 05:48:15,290 INFO : Agregó colores de #20 main.main(C:\xampp\htdocs\sailsiadco\admin\cotizacion\up_cotizacion.php:106)
2018-08-06 05:48:15,296 ERROR: No se agregó maquinas de #20\n main.main(C:\xampp\htdocs\sailsiadco\admin\cotizacion\up_cotizacion.php:114)
2018-08-06 05:49:38,073 INFO : Va consultar20 main.main(C:\xampp\htdocs\sailsiadco\admin\cotizacion\alta_cotizacion.php:31)
2018-08-06 05:49:38,076 INFO : valor del $molde_ancho 3 main.main(C:\xampp\htdocs\sailsiadco\admin\cotizacion\alta_cotizacion.php:52)
2018-08-06 05:49:38,077 INFO : 0 main.main(C:\xampp\htdocs\sailsiadco\admin\cotizacion\alta_cotizacion.php:148)
2018-08-06 05:50:53,247 INFO : Va consultar20 main.main(C:\xampp\htdocs\sailsiadco\admin\cotizacion\alta_cotizacion.php:31)
2018-08-06 05:50:53,250 INFO : valor del $molde_ancho 3 main.main(C:\xampp\htdocs\sailsiadco\admin\cotizacion\alta_cotizacion.php:52)
2018-08-06 05:50:53,270 INFO : 0 main.main(C:\xampp\htdocs\sailsiadco\admin\cotizacion\alta_cotizacion.php:148)
2018-08-06 05:51:09,730 INFO : Agregó colores de #20 main.main(C:\xampp\htdocs\sailsiadco\admin\cotizacion\up_cotizacion.php:106)
2018-08-06 05:51:09,737 INFO : Agregó maquinas de #20 main.main(C:\xampp\htdocs\sailsiadco\admin\cotizacion\up_cotizacion.php:112)
