2018-07-12 07:04:24,079 INFO : 2 main.main(C:\xampp\htdocs\sailsiadco\admin\cotizacion\up_cotizacion.php:22)
2018-07-12 07:04:24,085 INFO : Antes de consulta en cotización #20 main.main(C:\xampp\htdocs\sailsiadco\admin\cotizacion\up_cotizacion.php:26)
2018-07-12 07:04:24,092 INFO : Actualizó cotización #20 main.main(C:\xampp\htdocs\sailsiadco\admin\cotizacion\up_cotizacion.php:32)
2018-07-12 07:04:24,112 INFO : Actualizó cotización #20 main.main(C:\xampp\htdocs\sailsiadco\admin\cotizacion\up_cotizacion.php:39)
2018-07-12 07:04:24,128 INFO : $manusc='manusc'; main.main(C:\xampp\htdocs\sailsiadco\admin\cotizacion\up_cotizacion.php:94)
2018-07-12 07:04:24,128 INFO : $muestras='muestras'; main.main(C:\xampp\htdocs\sailsiadco\admin\cotizacion\up_cotizacion.php:94)
2018-07-12 07:04:24,128 INFO : $arte_final='arte_final'; main.main(C:\xampp\htdocs\sailsiadco\admin\cotizacion\up_cotizacion.php:94)
2018-07-12 07:04:24,129 INFO : $textos='textos'; main.main(C:\xampp\htdocs\sailsiadco\admin\cotizacion\up_cotizacion.php:94)
2018-07-12 07:04:24,129 INFO : $fotos='fotos'; main.main(C:\xampp\htdocs\sailsiadco\admin\cotizacion\up_cotizacion.php:94)
2018-07-12 07:04:24,130 INFO : $ilustrac.='ilustrac.'; main.main(C:\xampp\htdocs\sailsiadco\admin\cotizacion\up_cotizacion.php:94)
2018-07-12 07:04:24,130 INFO : $negativos='negativos'; main.main(C:\xampp\htdocs\sailsiadco\admin\cotizacion\up_cotizacion.php:94)
2018-07-12 07:04:24,131 INFO : $montajes='montajes'; main.main(C:\xampp\htdocs\sailsiadco\admin\cotizacion\up_cotizacion.php:94)
2018-07-12 07:04:24,131 INFO : $cromalin='cromalin'; main.main(C:\xampp\htdocs\sailsiadco\admin\cotizacion\up_cotizacion.php:94)
2018-07-12 07:04:24,131 INFO : $color_key='color_key'; main.main(C:\xampp\htdocs\sailsiadco\admin\cotizacion\up_cotizacion.php:94)
2018-07-12 07:04:24,131 INFO : $espec_escr='espec_escr'; main.main(C:\xampp\htdocs\sailsiadco\admin\cotizacion\up_cotizacion.php:94)
2018-07-12 07:04:24,131 INFO : $planchas='planchas'; main.main(C:\xampp\htdocs\sailsiadco\admin\cotizacion\up_cotizacion.php:94)
2018-07-12 07:04:24,131 INFO : $troquel='troquel'; main.main(C:\xampp\htdocs\sailsiadco\admin\cotizacion\up_cotizacion.php:94)
2018-07-12 07:04:24,132 INFO : $papel='papel'; main.main(C:\xampp\htdocs\sailsiadco\admin\cotizacion\up_cotizacion.php:94)
2018-07-12 07:04:24,132 INFO : $clisse='clisse'; main.main(C:\xampp\htdocs\sailsiadco\admin\cotizacion\up_cotizacion.php:94)
2018-07-12 07:04:24,132 INFO : Editó detalle cotización #20 main.main(C:\xampp\htdocs\sailsiadco\admin\cotizacion\up_cotizacion.php:97)
2018-07-12 07:09:29,057 INFO : Va consultar20 main.main(C:\xampp\htdocs\sailsiadco\admin\cotizacion\alta_cotizacion.php:27)
2018-07-12 07:09:29,060 INFO : valor del $molde_ancho 3 main.main(C:\xampp\htdocs\sailsiadco\admin\cotizacion\alta_cotizacion.php:48)
2018-07-12 07:09:29,061 INFO : 0 main.main(C:\xampp\htdocs\sailsiadco\admin\cotizacion\alta_cotizacion.php:146)
2018-07-12 07:09:38,203 INFO : 2 main.main(C:\xampp\htdocs\sailsiadco\admin\cotizacion\up_cotizacion.php:22)
2018-07-12 07:09:38,207 INFO : Antes de consulta en cotización #20 main.main(C:\xampp\htdocs\sailsiadco\admin\cotizacion\up_cotizacion.php:26)
2018-07-12 07:09:38,209 INFO : Actualizó cotización #20 main.main(C:\xampp\htdocs\sailsiadco\admin\cotizacion\up_cotizacion.php:32)
2018-07-12 07:09:38,272 INFO : Actualizó cotización #20 main.main(C:\xampp\htdocs\sailsiadco\admin\cotizacion\up_cotizacion.php:39)
2018-07-12 07:09:38,277 INFO : $manusc=NULL; main.main(C:\xampp\htdocs\sailsiadco\admin\cotizacion\up_cotizacion.php:94)
2018-07-12 07:09:38,277 INFO : $muestras=NULL; main.main(C:\xampp\htdocs\sailsiadco\admin\cotizacion\up_cotizacion.php:94)
2018-07-12 07:09:38,277 INFO : $arte_final=NULL; main.main(C:\xampp\htdocs\sailsiadco\admin\cotizacion\up_cotizacion.php:94)
2018-07-12 07:09:38,278 INFO : $textos=NULL; main.main(C:\xampp\htdocs\sailsiadco\admin\cotizacion\up_cotizacion.php:94)
2018-07-12 07:09:38,278 INFO : $fotos=NULL; main.main(C:\xampp\htdocs\sailsiadco\admin\cotizacion\up_cotizacion.php:94)
2018-07-12 07:11:21,653 INFO : 2 main.main(C:\xampp\htdocs\sailsiadco\admin\cotizacion\up_cotizacion.php:22)
2018-07-12 07:11:21,659 INFO : Antes de consulta en cotización #20 main.main(C:\xampp\htdocs\sailsiadco\admin\cotizacion\up_cotizacion.php:26)
2018-07-12 07:11:21,660 INFO : Actualizó cotización #20 main.main(C:\xampp\htdocs\sailsiadco\admin\cotizacion\up_cotizacion.php:32)
2018-07-12 07:11:21,727 INFO : Actualizó cotización #20 main.main(C:\xampp\htdocs\sailsiadco\admin\cotizacion\up_cotizacion.php:39)
2018-07-12 07:11:21,734 INFO : $manusc=NULL; main.main(C:\xampp\htdocs\sailsiadco\admin\cotizacion\up_cotizacion.php:94)
2018-07-12 07:11:21,735 INFO : $muestras=NULL; main.main(C:\xampp\htdocs\sailsiadco\admin\cotizacion\up_cotizacion.php:94)
2018-07-12 07:11:21,735 INFO : $arte_final=NULL; main.main(C:\xampp\htdocs\sailsiadco\admin\cotizacion\up_cotizacion.php:94)
2018-07-12 07:11:21,735 INFO : $textos=NULL; main.main(C:\xampp\htdocs\sailsiadco\admin\cotizacion\up_cotizacion.php:94)
2018-07-12 07:11:21,735 INFO : $fotos=NULL; main.main(C:\xampp\htdocs\sailsiadco\admin\cotizacion\up_cotizacion.php:94)
2018-07-12 07:20:41,506 INFO : 2 main.main(C:\xampp\htdocs\sailsiadco\admin\cotizacion\up_cotizacion.php:22)
2018-07-12 07:20:41,512 INFO : Antes de consulta en cotización #20 main.main(C:\xampp\htdocs\sailsiadco\admin\cotizacion\up_cotizacion.php:26)
2018-07-12 07:20:41,513 INFO : Actualizó cotización #20 main.main(C:\xampp\htdocs\sailsiadco\admin\cotizacion\up_cotizacion.php:32)
2018-07-12 07:20:41,546 INFO : Actualizó cotización #20 main.main(C:\xampp\htdocs\sailsiadco\admin\cotizacion\up_cotizacion.php:39)
2018-07-12 07:20:41,550 INFO :  main.main(C:\xampp\htdocs\sailsiadco\admin\cotizacion\up_cotizacion.php:94)
2018-07-12 07:20:41,550 INFO :  main.main(C:\xampp\htdocs\sailsiadco\admin\cotizacion\up_cotizacion.php:94)
2018-07-12 07:20:41,550 INFO :  main.main(C:\xampp\htdocs\sailsiadco\admin\cotizacion\up_cotizacion.php:94)
2018-07-12 07:20:41,551 INFO :  main.main(C:\xampp\htdocs\sailsiadco\admin\cotizacion\up_cotizacion.php:94)
2018-07-12 07:20:41,551 INFO :  main.main(C:\xampp\htdocs\sailsiadco\admin\cotizacion\up_cotizacion.php:94)
2018-07-12 07:20:41,551 INFO :  main.main(C:\xampp\htdocs\sailsiadco\admin\cotizacion\up_cotizacion.php:94)
2018-07-12 07:20:41,551 INFO :  main.main(C:\xampp\htdocs\sailsiadco\admin\cotizacion\up_cotizacion.php:94)
2018-07-12 07:20:41,551 INFO :  main.main(C:\xampp\htdocs\sailsiadco\admin\cotizacion\up_cotizacion.php:94)
2018-07-12 07:20:41,551 INFO :  main.main(C:\xampp\htdocs\sailsiadco\admin\cotizacion\up_cotizacion.php:94)
2018-07-12 07:20:41,551 INFO :  main.main(C:\xampp\htdocs\sailsiadco\admin\cotizacion\up_cotizacion.php:94)
2018-07-12 07:20:41,551 INFO :  main.main(C:\xampp\htdocs\sailsiadco\admin\cotizacion\up_cotizacion.php:94)
2018-07-12 07:20:41,552 INFO :  main.main(C:\xampp\htdocs\sailsiadco\admin\cotizacion\up_cotizacion.php:94)
2018-07-12 07:20:41,552 INFO :  main.main(C:\xampp\htdocs\sailsiadco\admin\cotizacion\up_cotizacion.php:94)
2018-07-12 07:20:41,552 INFO :  main.main(C:\xampp\htdocs\sailsiadco\admin\cotizacion\up_cotizacion.php:94)
2018-07-12 07:20:41,552 INFO :  main.main(C:\xampp\htdocs\sailsiadco\admin\cotizacion\up_cotizacion.php:94)
2018-07-12 07:20:41,552 INFO : Editó detalle cotización #20 main.main(C:\xampp\htdocs\sailsiadco\admin\cotizacion\up_cotizacion.php:97)
2018-07-12 07:23:21,705 INFO : Va consultar20 main.main(C:\xampp\htdocs\sailsiadco\admin\cotizacion\alta_cotizacion.php:27)
2018-07-12 07:23:21,709 INFO : valor del $molde_ancho 3 main.main(C:\xampp\htdocs\sailsiadco\admin\cotizacion\alta_cotizacion.php:48)
2018-07-12 07:23:21,712 INFO : 0 main.main(C:\xampp\htdocs\sailsiadco\admin\cotizacion\alta_cotizacion.php:146)
2018-07-12 07:23:26,314 INFO : 2 main.main(C:\xampp\htdocs\sailsiadco\admin\cotizacion\up_cotizacion.php:22)
2018-07-12 07:23:26,347 INFO : Antes de consulta en cotización #20 main.main(C:\xampp\htdocs\sailsiadco\admin\cotizacion\up_cotizacion.php:26)
2018-07-12 07:23:26,367 INFO : Actualizó cotización #20 main.main(C:\xampp\htdocs\sailsiadco\admin\cotizacion\up_cotizacion.php:32)
2018-07-12 07:23:26,535 INFO : Actualizó cotización #20 main.main(C:\xampp\htdocs\sailsiadco\admin\cotizacion\up_cotizacion.php:39)
