2018-07-24 00:37:11,835 INFO : Va consultar20 main.main(C:\xampp\htdocs\sailsiadco\admin\cotizacion\alta_cotizacion.php:28)
2018-07-24 00:37:11,841 INFO : valor del $molde_ancho 3 main.main(C:\xampp\htdocs\sailsiadco\admin\cotizacion\alta_cotizacion.php:49)
2018-07-24 00:37:11,896 INFO : 0 main.main(C:\xampp\htdocs\sailsiadco\admin\cotizacion\alta_cotizacion.php:147)
2018-07-24 06:04:17,376 INFO : Va consultar20 main.main(C:\xampp\htdocs\sailsiadco\admin\cotizacion\alta_cotizacion.php:29)
2018-07-24 06:04:17,382 INFO : valor del $molde_ancho 3 main.main(C:\xampp\htdocs\sailsiadco\admin\cotizacion\alta_cotizacion.php:50)
2018-07-24 06:04:17,425 INFO : 0 main.main(C:\xampp\htdocs\sailsiadco\admin\cotizacion\alta_cotizacion.php:146)
2018-07-24 06:05:09,348 INFO : Va consultar20 main.main(C:\xampp\htdocs\sailsiadco\admin\cotizacion\alta_cotizacion.php:29)
2018-07-24 06:05:09,350 INFO : valor del $molde_ancho 3 main.main(C:\xampp\htdocs\sailsiadco\admin\cotizacion\alta_cotizacion.php:50)
2018-07-24 06:05:09,351 INFO : 0 main.main(C:\xampp\htdocs\sailsiadco\admin\cotizacion\alta_cotizacion.php:146)
2018-07-24 06:12:41,511 INFO : Va consultar20 main.main(C:\xampp\htdocs\sailsiadco\admin\cotizacion\alta_cotizacion.php:29)
2018-07-24 06:12:41,513 INFO : valor del $molde_ancho 3 main.main(C:\xampp\htdocs\sailsiadco\admin\cotizacion\alta_cotizacion.php:50)
2018-07-24 06:12:41,514 INFO : 0 main.main(C:\xampp\htdocs\sailsiadco\admin\cotizacion\alta_cotizacion.php:146)
2018-07-24 06:12:52,096 INFO : Va consultar20 main.main(C:\xampp\htdocs\sailsiadco\admin\cotizacion\alta_cotizacion.php:29)
2018-07-24 06:12:52,108 INFO : valor del $molde_ancho 3 main.main(C:\xampp\htdocs\sailsiadco\admin\cotizacion\alta_cotizacion.php:50)
2018-07-24 06:12:52,112 INFO : 0 main.main(C:\xampp\htdocs\sailsiadco\admin\cotizacion\alta_cotizacion.php:146)
2018-07-24 06:14:39,999 INFO : Va consultar20 main.main(C:\xampp\htdocs\sailsiadco\admin\cotizacion\alta_cotizacion.php:29)
2018-07-24 06:14:40,001 INFO : valor del $molde_ancho 3 main.main(C:\xampp\htdocs\sailsiadco\admin\cotizacion\alta_cotizacion.php:50)
2018-07-24 06:14:40,004 INFO : 0 main.main(C:\xampp\htdocs\sailsiadco\admin\cotizacion\alta_cotizacion.php:146)
2018-07-24 06:17:08,181 INFO : Va consultar20 main.main(C:\xampp\htdocs\sailsiadco\admin\cotizacion\alta_cotizacion.php:29)
2018-07-24 06:17:08,183 INFO : valor del $molde_ancho 3 main.main(C:\xampp\htdocs\sailsiadco\admin\cotizacion\alta_cotizacion.php:50)
2018-07-24 06:17:08,187 INFO : 0 main.main(C:\xampp\htdocs\sailsiadco\admin\cotizacion\alta_cotizacion.php:146)
2018-07-24 06:17:54,252 INFO : Va consultar20 main.main(C:\xampp\htdocs\sailsiadco\admin\cotizacion\alta_cotizacion.php:29)
2018-07-24 06:17:54,253 INFO : valor del $molde_ancho 3 main.main(C:\xampp\htdocs\sailsiadco\admin\cotizacion\alta_cotizacion.php:50)
2018-07-24 06:17:54,254 INFO : 0 main.main(C:\xampp\htdocs\sailsiadco\admin\cotizacion\alta_cotizacion.php:146)
2018-07-24 06:18:23,825 INFO : Va consultar20 main.main(C:\xampp\htdocs\sailsiadco\admin\cotizacion\alta_cotizacion.php:29)
2018-07-24 06:18:23,827 INFO : valor del $molde_ancho 3 main.main(C:\xampp\htdocs\sailsiadco\admin\cotizacion\alta_cotizacion.php:50)
2018-07-24 06:18:23,828 INFO : 0 main.main(C:\xampp\htdocs\sailsiadco\admin\cotizacion\alta_cotizacion.php:146)
2018-07-24 06:18:32,587 INFO : Va consultar20 main.main(C:\xampp\htdocs\sailsiadco\admin\cotizacion\alta_cotizacion.php:29)
2018-07-24 06:18:32,589 INFO : valor del $molde_ancho 3 main.main(C:\xampp\htdocs\sailsiadco\admin\cotizacion\alta_cotizacion.php:50)
2018-07-24 06:18:32,590 INFO : 0 main.main(C:\xampp\htdocs\sailsiadco\admin\cotizacion\alta_cotizacion.php:146)
2018-07-24 06:19:31,070 INFO : Va consultar20 main.main(C:\xampp\htdocs\sailsiadco\admin\cotizacion\alta_cotizacion.php:29)
2018-07-24 06:19:31,072 INFO : valor del $molde_ancho 3 main.main(C:\xampp\htdocs\sailsiadco\admin\cotizacion\alta_cotizacion.php:50)
2018-07-24 06:19:31,073 INFO : 0 main.main(C:\xampp\htdocs\sailsiadco\admin\cotizacion\alta_cotizacion.php:146)
2018-07-24 06:19:57,732 ERROR: No se agregó colores de #20\n main.main(C:\xampp\htdocs\sailsiadco\admin\cotizacion\up_cotizacion.php:111)
2018-07-24 06:20:04,350 INFO : Va consultar20 main.main(C:\xampp\htdocs\sailsiadco\admin\cotizacion\alta_cotizacion.php:29)
2018-07-24 06:20:04,351 INFO : valor del $molde_ancho 3 main.main(C:\xampp\htdocs\sailsiadco\admin\cotizacion\alta_cotizacion.php:50)
2018-07-24 06:20:04,357 INFO : 0 main.main(C:\xampp\htdocs\sailsiadco\admin\cotizacion\alta_cotizacion.php:146)
2018-07-24 06:20:34,797 INFO : Agregó colores de #20 main.main(C:\xampp\htdocs\sailsiadco\admin\cotizacion\up_cotizacion.php:109)
2018-07-24 06:21:05,421 INFO : Va consultar20 main.main(C:\xampp\htdocs\sailsiadco\admin\cotizacion\alta_cotizacion.php:29)
2018-07-24 06:21:05,423 INFO : valor del $molde_ancho 3 main.main(C:\xampp\htdocs\sailsiadco\admin\cotizacion\alta_cotizacion.php:50)
2018-07-24 06:21:05,427 INFO : 0 main.main(C:\xampp\htdocs\sailsiadco\admin\cotizacion\alta_cotizacion.php:146)
2018-07-24 06:22:01,988 INFO : Agregó colores de #20 main.main(C:\xampp\htdocs\sailsiadco\admin\cotizacion\up_cotizacion.php:109)
2018-07-24 06:22:08,364 INFO : Va consultar20 main.main(C:\xampp\htdocs\sailsiadco\admin\cotizacion\alta_cotizacion.php:29)
2018-07-24 06:22:08,365 INFO : valor del $molde_ancho 3 main.main(C:\xampp\htdocs\sailsiadco\admin\cotizacion\alta_cotizacion.php:50)
2018-07-24 06:22:08,373 INFO : 0 main.main(C:\xampp\htdocs\sailsiadco\admin\cotizacion\alta_cotizacion.php:146)
2018-07-24 06:25:07,422 INFO : Va consultar20 main.main(C:\xampp\htdocs\sailsiadco\admin\cotizacion\alta_cotizacion.php:29)
2018-07-24 06:25:07,424 INFO : valor del $molde_ancho 3 main.main(C:\xampp\htdocs\sailsiadco\admin\cotizacion\alta_cotizacion.php:50)
2018-07-24 06:25:07,426 INFO : 0 main.main(C:\xampp\htdocs\sailsiadco\admin\cotizacion\alta_cotizacion.php:146)
2018-07-24 06:25:39,440 INFO : Va consultar20 main.main(C:\xampp\htdocs\sailsiadco\admin\cotizacion\alta_cotizacion.php:29)
2018-07-24 06:25:39,442 INFO : valor del $molde_ancho 3 main.main(C:\xampp\htdocs\sailsiadco\admin\cotizacion\alta_cotizacion.php:50)
2018-07-24 06:25:39,443 INFO : 0 main.main(C:\xampp\htdocs\sailsiadco\admin\cotizacion\alta_cotizacion.php:146)
2018-07-24 06:28:33,117 INFO : Va consultar20 main.main(C:\xampp\htdocs\sailsiadco\admin\cotizacion\alta_cotizacion.php:29)
2018-07-24 06:28:33,120 INFO : valor del $molde_ancho 3 main.main(C:\xampp\htdocs\sailsiadco\admin\cotizacion\alta_cotizacion.php:50)
2018-07-24 06:28:33,121 INFO : 0 main.main(C:\xampp\htdocs\sailsiadco\admin\cotizacion\alta_cotizacion.php:146)
2018-07-24 06:32:29,436 INFO : Agregó colores de #20 main.main(C:\xampp\htdocs\sailsiadco\admin\cotizacion\up_cotizacion.php:109)
2018-07-24 06:43:00,038 INFO : Va consultar20 main.main(C:\xampp\htdocs\sailsiadco\admin\cotizacion\alta_cotizacion.php:29)
2018-07-24 06:43:00,040 INFO : valor del $molde_ancho 3 main.main(C:\xampp\htdocs\sailsiadco\admin\cotizacion\alta_cotizacion.php:50)
2018-07-24 06:43:00,041 INFO : 0 main.main(C:\xampp\htdocs\sailsiadco\admin\cotizacion\alta_cotizacion.php:146)
2018-07-24 06:43:19,830 INFO : Agregó colores de #20 main.main(C:\xampp\htdocs\sailsiadco\admin\cotizacion\up_cotizacion.php:105)
2018-07-24 06:52:24,052 INFO : Va consultar20 main.main(C:\xampp\htdocs\sailsiadco\admin\cotizacion\alta_cotizacion.php:29)
2018-07-24 06:52:24,054 INFO : valor del $molde_ancho 3 main.main(C:\xampp\htdocs\sailsiadco\admin\cotizacion\alta_cotizacion.php:50)
2018-07-24 06:52:24,061 INFO : 0 main.main(C:\xampp\htdocs\sailsiadco\admin\cotizacion\alta_cotizacion.php:146)
2018-07-24 06:52:57,226 INFO : Agregó colores de #20 main.main(C:\xampp\htdocs\sailsiadco\admin\cotizacion\up_cotizacion.php:105)
2018-07-24 06:55:51,495 INFO : Va consultar20 main.main(C:\xampp\htdocs\sailsiadco\admin\cotizacion\alta_cotizacion.php:29)
2018-07-24 06:55:51,497 INFO : valor del $molde_ancho 3 main.main(C:\xampp\htdocs\sailsiadco\admin\cotizacion\alta_cotizacion.php:50)
2018-07-24 06:55:51,520 INFO : 0 main.main(C:\xampp\htdocs\sailsiadco\admin\cotizacion\alta_cotizacion.php:146)
2018-07-24 06:56:13,759 INFO : Agregó colores de #20 main.main(C:\xampp\htdocs\sailsiadco\admin\cotizacion\up_cotizacion.php:105)
2018-07-24 07:02:09,513 INFO : Va consultar20 main.main(C:\xampp\htdocs\sailsiadco\admin\cotizacion\alta_cotizacion.php:29)
2018-07-24 07:02:09,515 INFO : valor del $molde_ancho 3 main.main(C:\xampp\htdocs\sailsiadco\admin\cotizacion\alta_cotizacion.php:50)
2018-07-24 07:02:09,518 INFO : 0 main.main(C:\xampp\htdocs\sailsiadco\admin\cotizacion\alta_cotizacion.php:146)
2018-07-24 07:02:40,889 INFO : Agregó colores de #20 main.main(C:\xampp\htdocs\sailsiadco\admin\cotizacion\up_cotizacion.php:105)
2018-07-24 07:03:43,594 INFO : Va consultar20 main.main(C:\xampp\htdocs\sailsiadco\admin\cotizacion\alta_cotizacion.php:29)
2018-07-24 07:03:43,598 INFO : valor del $molde_ancho 3 main.main(C:\xampp\htdocs\sailsiadco\admin\cotizacion\alta_cotizacion.php:50)
2018-07-24 07:03:43,602 INFO : 0 main.main(C:\xampp\htdocs\sailsiadco\admin\cotizacion\alta_cotizacion.php:146)
2018-07-24 07:04:36,337 INFO : Va consultar20 main.main(C:\xampp\htdocs\sailsiadco\admin\cotizacion\alta_cotizacion.php:29)
2018-07-24 07:04:36,339 INFO : valor del $molde_ancho 3 main.main(C:\xampp\htdocs\sailsiadco\admin\cotizacion\alta_cotizacion.php:50)
2018-07-24 07:04:36,340 INFO : 0 main.main(C:\xampp\htdocs\sailsiadco\admin\cotizacion\alta_cotizacion.php:146)
2018-07-24 07:14:17,673 INFO : Va consultar20 main.main(C:\xampp\htdocs\sailsiadco\admin\cotizacion\alta_cotizacion.php:29)
2018-07-24 07:14:17,676 INFO : valor del $molde_ancho 3 main.main(C:\xampp\htdocs\sailsiadco\admin\cotizacion\alta_cotizacion.php:50)
2018-07-24 07:14:17,680 INFO : 0 main.main(C:\xampp\htdocs\sailsiadco\admin\cotizacion\alta_cotizacion.php:146)
2018-07-24 07:15:37,026 INFO : Va consultar20 main.main(C:\xampp\htdocs\sailsiadco\admin\cotizacion\alta_cotizacion.php:29)
2018-07-24 07:15:37,028 INFO : valor del $molde_ancho 3 main.main(C:\xampp\htdocs\sailsiadco\admin\cotizacion\alta_cotizacion.php:50)
2018-07-24 07:15:37,030 INFO : 0 main.main(C:\xampp\htdocs\sailsiadco\admin\cotizacion\alta_cotizacion.php:146)
