2018-07-19 03:36:43,911 INFO : Va consultar20 main.main(C:\xampp\htdocs\sailsiadco\admin\cotizacion\alta_cotizacion.php:27)
2018-07-19 03:36:43,915 INFO : valor del $molde_ancho 3 main.main(C:\xampp\htdocs\sailsiadco\admin\cotizacion\alta_cotizacion.php:48)
2018-07-19 03:36:43,917 INFO : 0 main.main(C:\xampp\htdocs\sailsiadco\admin\cotizacion\alta_cotizacion.php:146)
2018-07-19 03:37:19,572 INFO : Va consultar20 main.main(C:\xampp\htdocs\sailsiadco\admin\cotizacion\alta_cotizacion.php:27)
2018-07-19 03:37:19,575 INFO : valor del $molde_ancho 3 main.main(C:\xampp\htdocs\sailsiadco\admin\cotizacion\alta_cotizacion.php:48)
2018-07-19 03:37:19,576 INFO : 0 main.main(C:\xampp\htdocs\sailsiadco\admin\cotizacion\alta_cotizacion.php:146)
2018-07-19 03:40:02,991 INFO : Va consultar20 main.main(C:\xampp\htdocs\sailsiadco\admin\cotizacion\alta_cotizacion.php:27)
2018-07-19 03:40:02,993 INFO : valor del $molde_ancho 3 main.main(C:\xampp\htdocs\sailsiadco\admin\cotizacion\alta_cotizacion.php:48)
2018-07-19 03:40:02,995 INFO : 0 main.main(C:\xampp\htdocs\sailsiadco\admin\cotizacion\alta_cotizacion.php:146)
2018-07-19 03:48:50,973 INFO : Va consultar20 main.main(C:\xampp\htdocs\sailsiadco\admin\cotizacion\alta_cotizacion.php:27)
2018-07-19 03:48:50,975 INFO : valor del $molde_ancho 3 main.main(C:\xampp\htdocs\sailsiadco\admin\cotizacion\alta_cotizacion.php:48)
2018-07-19 03:48:50,978 INFO : 0 main.main(C:\xampp\htdocs\sailsiadco\admin\cotizacion\alta_cotizacion.php:146)
2018-07-19 03:51:09,416 INFO : Va consultar20 main.main(C:\xampp\htdocs\sailsiadco\admin\cotizacion\alta_cotizacion.php:27)
2018-07-19 03:51:09,419 INFO : valor del $molde_ancho 3 main.main(C:\xampp\htdocs\sailsiadco\admin\cotizacion\alta_cotizacion.php:48)
2018-07-19 03:51:09,421 INFO : 0 main.main(C:\xampp\htdocs\sailsiadco\admin\cotizacion\alta_cotizacion.php:146)
2018-07-19 04:09:41,242 INFO : Va consultar20 main.main(C:\xampp\htdocs\sailsiadco\admin\cotizacion\alta_cotizacion.php:27)
2018-07-19 04:09:41,245 INFO : valor del $molde_ancho 3 main.main(C:\xampp\htdocs\sailsiadco\admin\cotizacion\alta_cotizacion.php:48)
2018-07-19 04:09:41,246 INFO : 0 main.main(C:\xampp\htdocs\sailsiadco\admin\cotizacion\alta_cotizacion.php:146)
2018-07-19 04:12:00,837 INFO : Va consultar20 main.main(C:\xampp\htdocs\sailsiadco\admin\cotizacion\alta_cotizacion.php:27)
2018-07-19 04:12:00,840 INFO : valor del $molde_ancho 3 main.main(C:\xampp\htdocs\sailsiadco\admin\cotizacion\alta_cotizacion.php:48)
2018-07-19 04:12:00,841 INFO : 0 main.main(C:\xampp\htdocs\sailsiadco\admin\cotizacion\alta_cotizacion.php:146)
2018-07-19 04:12:03,406 INFO : Va consultar20 main.main(C:\xampp\htdocs\sailsiadco\admin\cotizacion\alta_cotizacion.php:27)
2018-07-19 04:12:03,408 INFO : valor del $molde_ancho 3 main.main(C:\xampp\htdocs\sailsiadco\admin\cotizacion\alta_cotizacion.php:48)
2018-07-19 04:12:03,409 INFO : 0 main.main(C:\xampp\htdocs\sailsiadco\admin\cotizacion\alta_cotizacion.php:146)
2018-07-19 04:13:56,656 INFO : Va consultar20 main.main(C:\xampp\htdocs\sailsiadco\admin\cotizacion\alta_cotizacion.php:27)
2018-07-19 04:13:56,658 INFO : valor del $molde_ancho 3 main.main(C:\xampp\htdocs\sailsiadco\admin\cotizacion\alta_cotizacion.php:48)
2018-07-19 04:13:56,659 INFO : 0 main.main(C:\xampp\htdocs\sailsiadco\admin\cotizacion\alta_cotizacion.php:146)
2018-07-19 04:14:32,986 INFO : Editó lista check #20 main.main(C:\xampp\htdocs\sailsiadco\admin\cotizacion\up_cotizacion.php:110)
2018-07-19 04:14:33,005 INFO : Editó lista check #20 main.main(C:\xampp\htdocs\sailsiadco\admin\cotizacion\up_cotizacion.php:110)
2018-07-19 04:14:33,110 INFO : Editó lista check #20 main.main(C:\xampp\htdocs\sailsiadco\admin\cotizacion\up_cotizacion.php:110)
2018-07-19 04:14:33,111 INFO : Editó lista check #20 main.main(C:\xampp\htdocs\sailsiadco\admin\cotizacion\up_cotizacion.php:110)
2018-07-19 04:14:33,112 INFO : Editó lista check #20 main.main(C:\xampp\htdocs\sailsiadco\admin\cotizacion\up_cotizacion.php:110)
2018-07-19 04:14:33,115 INFO : Editó lista check #20 main.main(C:\xampp\htdocs\sailsiadco\admin\cotizacion\up_cotizacion.php:110)
2018-07-19 04:14:33,116 INFO : Editó lista check #20 main.main(C:\xampp\htdocs\sailsiadco\admin\cotizacion\up_cotizacion.php:110)
2018-07-19 04:14:33,117 INFO : Editó lista check #20 main.main(C:\xampp\htdocs\sailsiadco\admin\cotizacion\up_cotizacion.php:110)
2018-07-19 04:14:33,118 INFO : Editó lista check #20 main.main(C:\xampp\htdocs\sailsiadco\admin\cotizacion\up_cotizacion.php:110)
2018-07-19 04:14:33,118 INFO : Editó lista check #20 main.main(C:\xampp\htdocs\sailsiadco\admin\cotizacion\up_cotizacion.php:110)
2018-07-19 04:14:33,119 INFO : Editó lista check #20 main.main(C:\xampp\htdocs\sailsiadco\admin\cotizacion\up_cotizacion.php:110)
2018-07-19 04:14:33,120 INFO : Editó lista check #20 main.main(C:\xampp\htdocs\sailsiadco\admin\cotizacion\up_cotizacion.php:110)
2018-07-19 04:14:33,120 INFO : Editó lista check #20 main.main(C:\xampp\htdocs\sailsiadco\admin\cotizacion\up_cotizacion.php:110)
2018-07-19 04:14:33,121 INFO : Editó lista check #20 main.main(C:\xampp\htdocs\sailsiadco\admin\cotizacion\up_cotizacion.php:110)
2018-07-19 04:14:33,122 INFO : Editó lista check #20 main.main(C:\xampp\htdocs\sailsiadco\admin\cotizacion\up_cotizacion.php:110)
2018-07-19 04:14:33,122 INFO : Editó lista check #20 main.main(C:\xampp\htdocs\sailsiadco\admin\cotizacion\up_cotizacion.php:110)
2018-07-19 04:14:33,123 INFO : Editó lista check #20 main.main(C:\xampp\htdocs\sailsiadco\admin\cotizacion\up_cotizacion.php:110)
2018-07-19 04:14:33,124 INFO : Editó lista check #20 main.main(C:\xampp\htdocs\sailsiadco\admin\cotizacion\up_cotizacion.php:110)
2018-07-19 04:14:33,124 INFO : Editó lista check #20 main.main(C:\xampp\htdocs\sailsiadco\admin\cotizacion\up_cotizacion.php:110)
2018-07-19 04:14:33,125 INFO : Editó lista check #20 main.main(C:\xampp\htdocs\sailsiadco\admin\cotizacion\up_cotizacion.php:110)
2018-07-19 04:14:33,126 INFO : Editó lista check #20 main.main(C:\xampp\htdocs\sailsiadco\admin\cotizacion\up_cotizacion.php:110)
2018-07-19 04:14:33,126 INFO : Editó lista check #20 main.main(C:\xampp\htdocs\sailsiadco\admin\cotizacion\up_cotizacion.php:110)
2018-07-19 04:14:33,127 INFO : Editó lista check #20 main.main(C:\xampp\htdocs\sailsiadco\admin\cotizacion\up_cotizacion.php:110)
2018-07-19 04:14:33,128 INFO : Editó lista check #20 main.main(C:\xampp\htdocs\sailsiadco\admin\cotizacion\up_cotizacion.php:110)
2018-07-19 04:14:33,128 INFO : Editó lista check #20 main.main(C:\xampp\htdocs\sailsiadco\admin\cotizacion\up_cotizacion.php:110)
2018-07-19 04:14:33,131 INFO : Editó lista check #20 main.main(C:\xampp\htdocs\sailsiadco\admin\cotizacion\up_cotizacion.php:110)
2018-07-19 04:14:33,132 INFO : Editó lista check #20 main.main(C:\xampp\htdocs\sailsiadco\admin\cotizacion\up_cotizacion.php:110)
2018-07-19 04:14:33,133 INFO : Editó lista check #20 main.main(C:\xampp\htdocs\sailsiadco\admin\cotizacion\up_cotizacion.php:110)
2018-07-19 04:14:33,133 INFO : Editó lista check #20 main.main(C:\xampp\htdocs\sailsiadco\admin\cotizacion\up_cotizacion.php:110)
2018-07-19 04:14:33,134 INFO : Editó cotización descripción #20 main.main(C:\xampp\htdocs\sailsiadco\admin\cotizacion\up_cotizacion.php:117)
2018-07-19 04:14:33,134 INFO : Editó detalle cotización #20 main.main(C:\xampp\htdocs\sailsiadco\admin\cotizacion\up_cotizacion.php:120)
2018-07-19 04:18:14,939 INFO : Va consultar20 main.main(C:\xampp\htdocs\sailsiadco\admin\cotizacion\alta_cotizacion.php:27)
2018-07-19 04:18:14,941 INFO : valor del $molde_ancho 3 main.main(C:\xampp\htdocs\sailsiadco\admin\cotizacion\alta_cotizacion.php:48)
2018-07-19 04:18:14,943 INFO : 0 main.main(C:\xampp\htdocs\sailsiadco\admin\cotizacion\alta_cotizacion.php:146)
2018-07-19 04:19:19,821 INFO : Editó lista check #20 main.main(C:\xampp\htdocs\sailsiadco\admin\cotizacion\up_cotizacion.php:110)
2018-07-19 04:19:19,826 INFO : Editó lista check #20 main.main(C:\xampp\htdocs\sailsiadco\admin\cotizacion\up_cotizacion.php:110)
2018-07-19 04:19:19,827 INFO : Editó lista check #20 main.main(C:\xampp\htdocs\sailsiadco\admin\cotizacion\up_cotizacion.php:110)
2018-07-19 04:19:19,829 INFO : Editó lista check #20 main.main(C:\xampp\htdocs\sailsiadco\admin\cotizacion\up_cotizacion.php:110)
2018-07-19 04:19:19,830 INFO : Editó lista check #20 main.main(C:\xampp\htdocs\sailsiadco\admin\cotizacion\up_cotizacion.php:110)
2018-07-19 04:19:19,832 INFO : Editó lista check #20 main.main(C:\xampp\htdocs\sailsiadco\admin\cotizacion\up_cotizacion.php:110)
2018-07-19 04:19:19,834 INFO : Editó lista check #20 main.main(C:\xampp\htdocs\sailsiadco\admin\cotizacion\up_cotizacion.php:110)
2018-07-19 04:19:19,839 INFO : Editó lista check #20 main.main(C:\xampp\htdocs\sailsiadco\admin\cotizacion\up_cotizacion.php:110)
2018-07-19 04:19:19,841 INFO : Editó lista check #20 main.main(C:\xampp\htdocs\sailsiadco\admin\cotizacion\up_cotizacion.php:110)
2018-07-19 04:19:19,844 INFO : Editó lista check #20 main.main(C:\xampp\htdocs\sailsiadco\admin\cotizacion\up_cotizacion.php:110)
2018-07-19 04:19:19,845 INFO : Editó lista check #20 main.main(C:\xampp\htdocs\sailsiadco\admin\cotizacion\up_cotizacion.php:110)
2018-07-19 04:19:19,846 INFO : Editó lista check #20 main.main(C:\xampp\htdocs\sailsiadco\admin\cotizacion\up_cotizacion.php:110)
2018-07-19 04:19:19,848 INFO : Editó lista check #20 main.main(C:\xampp\htdocs\sailsiadco\admin\cotizacion\up_cotizacion.php:110)
2018-07-19 04:19:19,849 INFO : Editó lista check #20 main.main(C:\xampp\htdocs\sailsiadco\admin\cotizacion\up_cotizacion.php:110)
2018-07-19 04:19:19,850 INFO : Editó lista check #20 main.main(C:\xampp\htdocs\sailsiadco\admin\cotizacion\up_cotizacion.php:110)
2018-07-19 04:19:19,855 INFO : Editó lista check #20 main.main(C:\xampp\htdocs\sailsiadco\admin\cotizacion\up_cotizacion.php:110)
2018-07-19 04:19:19,856 INFO : Editó lista check #20 main.main(C:\xampp\htdocs\sailsiadco\admin\cotizacion\up_cotizacion.php:110)
2018-07-19 04:19:19,858 INFO : Editó lista check #20 main.main(C:\xampp\htdocs\sailsiadco\admin\cotizacion\up_cotizacion.php:110)
2018-07-19 04:19:19,860 INFO : Editó lista check #20 main.main(C:\xampp\htdocs\sailsiadco\admin\cotizacion\up_cotizacion.php:110)
2018-07-19 04:19:19,861 INFO : Editó lista check #20 main.main(C:\xampp\htdocs\sailsiadco\admin\cotizacion\up_cotizacion.php:110)
2018-07-19 04:19:19,862 INFO : Editó lista check #20 main.main(C:\xampp\htdocs\sailsiadco\admin\cotizacion\up_cotizacion.php:110)
2018-07-19 04:19:19,863 INFO : Editó lista check #20 main.main(C:\xampp\htdocs\sailsiadco\admin\cotizacion\up_cotizacion.php:110)
2018-07-19 04:19:19,864 INFO : Editó lista check #20 main.main(C:\xampp\htdocs\sailsiadco\admin\cotizacion\up_cotizacion.php:110)
2018-07-19 04:19:19,864 INFO : Editó lista check #20 main.main(C:\xampp\htdocs\sailsiadco\admin\cotizacion\up_cotizacion.php:110)
2018-07-19 04:19:19,865 INFO : Editó lista check #20 main.main(C:\xampp\htdocs\sailsiadco\admin\cotizacion\up_cotizacion.php:110)
2018-07-19 04:19:19,866 INFO : Editó lista check #20 main.main(C:\xampp\htdocs\sailsiadco\admin\cotizacion\up_cotizacion.php:110)
2018-07-19 04:19:19,866 INFO : Editó lista check #20 main.main(C:\xampp\htdocs\sailsiadco\admin\cotizacion\up_cotizacion.php:110)
2018-07-19 04:19:19,869 INFO : Editó lista check #20 main.main(C:\xampp\htdocs\sailsiadco\admin\cotizacion\up_cotizacion.php:110)
2018-07-19 04:19:19,870 INFO : Editó lista check #20 main.main(C:\xampp\htdocs\sailsiadco\admin\cotizacion\up_cotizacion.php:110)
2018-07-19 04:19:19,871 INFO : Editó cotización descripción #20 main.main(C:\xampp\htdocs\sailsiadco\admin\cotizacion\up_cotizacion.php:117)
2018-07-19 04:19:19,871 INFO : Editó detalle cotización #20 main.main(C:\xampp\htdocs\sailsiadco\admin\cotizacion\up_cotizacion.php:120)
2018-07-19 04:21:38,842 INFO : Va consultar20 main.main(C:\xampp\htdocs\sailsiadco\admin\cotizacion\alta_cotizacion.php:27)
2018-07-19 04:21:38,845 INFO : valor del $molde_ancho 3 main.main(C:\xampp\htdocs\sailsiadco\admin\cotizacion\alta_cotizacion.php:48)
2018-07-19 04:21:38,849 INFO : 0 main.main(C:\xampp\htdocs\sailsiadco\admin\cotizacion\alta_cotizacion.php:146)
2018-07-19 04:25:19,345 INFO : Va consultar20 main.main(C:\xampp\htdocs\sailsiadco\admin\cotizacion\alta_cotizacion.php:27)
2018-07-19 04:25:19,348 INFO : valor del $molde_ancho 3 main.main(C:\xampp\htdocs\sailsiadco\admin\cotizacion\alta_cotizacion.php:48)
2018-07-19 04:25:19,349 INFO : 0 main.main(C:\xampp\htdocs\sailsiadco\admin\cotizacion\alta_cotizacion.php:146)
2018-07-19 04:26:24,904 INFO : Editó lista check #20 main.main(C:\xampp\htdocs\sailsiadco\admin\cotizacion\up_cotizacion.php:110)
2018-07-19 04:26:24,907 INFO : Editó lista check #20 main.main(C:\xampp\htdocs\sailsiadco\admin\cotizacion\up_cotizacion.php:110)
2018-07-19 04:26:24,908 INFO : Editó lista check #20 main.main(C:\xampp\htdocs\sailsiadco\admin\cotizacion\up_cotizacion.php:110)
2018-07-19 04:26:24,909 INFO : Editó lista check #20 main.main(C:\xampp\htdocs\sailsiadco\admin\cotizacion\up_cotizacion.php:110)
2018-07-19 04:26:24,909 INFO : Editó lista check #20 main.main(C:\xampp\htdocs\sailsiadco\admin\cotizacion\up_cotizacion.php:110)
2018-07-19 04:26:24,910 INFO : Editó lista check #20 main.main(C:\xampp\htdocs\sailsiadco\admin\cotizacion\up_cotizacion.php:110)
2018-07-19 04:26:24,911 INFO : Editó lista check #20 main.main(C:\xampp\htdocs\sailsiadco\admin\cotizacion\up_cotizacion.php:110)
2018-07-19 04:26:24,911 INFO : Editó lista check #20 main.main(C:\xampp\htdocs\sailsiadco\admin\cotizacion\up_cotizacion.php:110)
2018-07-19 04:26:24,912 INFO : Editó lista check #20 main.main(C:\xampp\htdocs\sailsiadco\admin\cotizacion\up_cotizacion.php:110)
2018-07-19 04:26:24,913 INFO : Editó lista check #20 main.main(C:\xampp\htdocs\sailsiadco\admin\cotizacion\up_cotizacion.php:110)
2018-07-19 04:26:24,915 INFO : Editó lista check #20 main.main(C:\xampp\htdocs\sailsiadco\admin\cotizacion\up_cotizacion.php:110)
2018-07-19 04:26:24,916 INFO : Editó lista check #20 main.main(C:\xampp\htdocs\sailsiadco\admin\cotizacion\up_cotizacion.php:110)
2018-07-19 04:26:24,917 INFO : Editó lista check #20 main.main(C:\xampp\htdocs\sailsiadco\admin\cotizacion\up_cotizacion.php:110)
2018-07-19 04:26:24,918 INFO : Editó lista check #20 main.main(C:\xampp\htdocs\sailsiadco\admin\cotizacion\up_cotizacion.php:110)
2018-07-19 04:26:24,919 INFO : Editó lista check #20 main.main(C:\xampp\htdocs\sailsiadco\admin\cotizacion\up_cotizacion.php:110)
2018-07-19 04:26:24,919 INFO : Editó lista check #20 main.main(C:\xampp\htdocs\sailsiadco\admin\cotizacion\up_cotizacion.php:110)
2018-07-19 04:26:24,920 INFO : Editó lista check #20 main.main(C:\xampp\htdocs\sailsiadco\admin\cotizacion\up_cotizacion.php:110)
2018-07-19 04:26:24,921 INFO : Editó lista check #20 main.main(C:\xampp\htdocs\sailsiadco\admin\cotizacion\up_cotizacion.php:110)
2018-07-19 04:26:24,921 INFO : Editó lista check #20 main.main(C:\xampp\htdocs\sailsiadco\admin\cotizacion\up_cotizacion.php:110)
2018-07-19 04:26:24,922 INFO : Editó lista check #20 main.main(C:\xampp\htdocs\sailsiadco\admin\cotizacion\up_cotizacion.php:110)
2018-07-19 04:26:24,923 INFO : Editó lista check #20 main.main(C:\xampp\htdocs\sailsiadco\admin\cotizacion\up_cotizacion.php:110)
2018-07-19 04:26:24,923 INFO : Editó lista check #20 main.main(C:\xampp\htdocs\sailsiadco\admin\cotizacion\up_cotizacion.php:110)
2018-07-19 04:26:24,924 INFO : Editó lista check #20 main.main(C:\xampp\htdocs\sailsiadco\admin\cotizacion\up_cotizacion.php:110)
2018-07-19 04:26:24,925 INFO : Editó lista check #20 main.main(C:\xampp\htdocs\sailsiadco\admin\cotizacion\up_cotizacion.php:110)
2018-07-19 04:26:24,926 INFO : Editó lista check #20 main.main(C:\xampp\htdocs\sailsiadco\admin\cotizacion\up_cotizacion.php:110)
2018-07-19 04:26:24,926 INFO : Editó lista check #20 main.main(C:\xampp\htdocs\sailsiadco\admin\cotizacion\up_cotizacion.php:110)
2018-07-19 04:26:24,927 INFO : Editó lista check #20 main.main(C:\xampp\htdocs\sailsiadco\admin\cotizacion\up_cotizacion.php:110)
2018-07-19 04:26:24,928 INFO : Editó lista check #20 main.main(C:\xampp\htdocs\sailsiadco\admin\cotizacion\up_cotizacion.php:110)
2018-07-19 04:26:24,929 INFO : Editó lista check #20 main.main(C:\xampp\htdocs\sailsiadco\admin\cotizacion\up_cotizacion.php:110)
2018-07-19 04:26:24,929 INFO : Editó cotización descripción #20 main.main(C:\xampp\htdocs\sailsiadco\admin\cotizacion\up_cotizacion.php:117)
2018-07-19 04:26:24,931 INFO : Editó cotización descripción #20 main.main(C:\xampp\htdocs\sailsiadco\admin\cotizacion\up_cotizacion.php:117)
2018-07-19 04:26:24,931 INFO : Editó detalle cotización #20 main.main(C:\xampp\htdocs\sailsiadco\admin\cotizacion\up_cotizacion.php:120)
2018-07-19 04:37:19,157 INFO : Va consultar20 main.main(C:\xampp\htdocs\sailsiadco\admin\cotizacion\alta_cotizacion.php:27)
2018-07-19 04:37:19,164 INFO : valor del $molde_ancho 3 main.main(C:\xampp\htdocs\sailsiadco\admin\cotizacion\alta_cotizacion.php:48)
2018-07-19 04:37:19,170 INFO : 0 main.main(C:\xampp\htdocs\sailsiadco\admin\cotizacion\alta_cotizacion.php:146)
2018-07-19 04:37:36,450 INFO : Editó lista check #20 main.main(C:\xampp\htdocs\sailsiadco\admin\cotizacion\up_cotizacion.php:98)
2018-07-19 04:37:36,455 INFO : Editó lista check #20 main.main(C:\xampp\htdocs\sailsiadco\admin\cotizacion\up_cotizacion.php:98)
2018-07-19 04:37:36,456 INFO : Editó lista check #20 main.main(C:\xampp\htdocs\sailsiadco\admin\cotizacion\up_cotizacion.php:98)
2018-07-19 04:37:36,456 INFO : Editó lista check #20 main.main(C:\xampp\htdocs\sailsiadco\admin\cotizacion\up_cotizacion.php:98)
2018-07-19 04:37:36,457 INFO : Editó lista check #20 main.main(C:\xampp\htdocs\sailsiadco\admin\cotizacion\up_cotizacion.php:98)
2018-07-19 04:37:36,458 INFO : Editó lista check #20 main.main(C:\xampp\htdocs\sailsiadco\admin\cotizacion\up_cotizacion.php:98)
2018-07-19 04:37:36,459 INFO : Editó lista check #20 main.main(C:\xampp\htdocs\sailsiadco\admin\cotizacion\up_cotizacion.php:98)
2018-07-19 04:37:36,460 INFO : Editó lista check #20 main.main(C:\xampp\htdocs\sailsiadco\admin\cotizacion\up_cotizacion.php:98)
2018-07-19 04:37:36,461 INFO : Editó lista check #20 main.main(C:\xampp\htdocs\sailsiadco\admin\cotizacion\up_cotizacion.php:98)
2018-07-19 04:37:36,461 INFO : Editó lista check #20 main.main(C:\xampp\htdocs\sailsiadco\admin\cotizacion\up_cotizacion.php:98)
2018-07-19 04:37:36,462 INFO : Editó lista check #20 main.main(C:\xampp\htdocs\sailsiadco\admin\cotizacion\up_cotizacion.php:98)
2018-07-19 04:37:36,463 INFO : Editó lista check #20 main.main(C:\xampp\htdocs\sailsiadco\admin\cotizacion\up_cotizacion.php:98)
2018-07-19 04:37:36,463 INFO : Editó lista check #20 main.main(C:\xampp\htdocs\sailsiadco\admin\cotizacion\up_cotizacion.php:98)
2018-07-19 04:37:36,464 INFO : Editó lista check #20 main.main(C:\xampp\htdocs\sailsiadco\admin\cotizacion\up_cotizacion.php:98)
2018-07-19 04:37:36,465 INFO : Editó lista check #20 main.main(C:\xampp\htdocs\sailsiadco\admin\cotizacion\up_cotizacion.php:98)
2018-07-19 04:37:36,466 INFO : Editó lista check #20 main.main(C:\xampp\htdocs\sailsiadco\admin\cotizacion\up_cotizacion.php:98)
2018-07-19 04:37:36,466 INFO : Editó lista check #20 main.main(C:\xampp\htdocs\sailsiadco\admin\cotizacion\up_cotizacion.php:98)
2018-07-19 04:37:36,467 INFO : Editó lista check #20 main.main(C:\xampp\htdocs\sailsiadco\admin\cotizacion\up_cotizacion.php:98)
2018-07-19 04:37:36,468 INFO : Editó lista check #20 main.main(C:\xampp\htdocs\sailsiadco\admin\cotizacion\up_cotizacion.php:98)
2018-07-19 04:37:36,469 INFO : Editó lista check #20 main.main(C:\xampp\htdocs\sailsiadco\admin\cotizacion\up_cotizacion.php:98)
2018-07-19 04:37:36,470 INFO : Editó lista check #20 main.main(C:\xampp\htdocs\sailsiadco\admin\cotizacion\up_cotizacion.php:98)
2018-07-19 04:37:36,471 INFO : Editó lista check #20 main.main(C:\xampp\htdocs\sailsiadco\admin\cotizacion\up_cotizacion.php:98)
2018-07-19 04:37:36,472 INFO : Editó lista check #20 main.main(C:\xampp\htdocs\sailsiadco\admin\cotizacion\up_cotizacion.php:98)
2018-07-19 04:37:36,473 INFO : Editó lista check #20 main.main(C:\xampp\htdocs\sailsiadco\admin\cotizacion\up_cotizacion.php:98)
2018-07-19 04:37:36,473 INFO : Editó lista check #20 main.main(C:\xampp\htdocs\sailsiadco\admin\cotizacion\up_cotizacion.php:98)
2018-07-19 04:37:36,474 INFO : Editó lista check #20 main.main(C:\xampp\htdocs\sailsiadco\admin\cotizacion\up_cotizacion.php:98)
2018-07-19 04:37:36,475 INFO : Editó lista check #20 main.main(C:\xampp\htdocs\sailsiadco\admin\cotizacion\up_cotizacion.php:98)
2018-07-19 04:37:36,476 INFO : Editó lista check #20 main.main(C:\xampp\htdocs\sailsiadco\admin\cotizacion\up_cotizacion.php:98)
2018-07-19 04:37:36,477 INFO : Editó lista check #20 main.main(C:\xampp\htdocs\sailsiadco\admin\cotizacion\up_cotizacion.php:98)
2018-07-19 04:41:18,126 INFO : Editó lista check #20 main.main(C:\xampp\htdocs\sailsiadco\admin\cotizacion\up_cotizacion.php:98)
2018-07-19 04:41:18,131 INFO : Editó lista check #20 main.main(C:\xampp\htdocs\sailsiadco\admin\cotizacion\up_cotizacion.php:98)
2018-07-19 04:41:18,132 INFO : Editó lista check #20 main.main(C:\xampp\htdocs\sailsiadco\admin\cotizacion\up_cotizacion.php:98)
2018-07-19 04:41:18,133 INFO : Editó lista check #20 main.main(C:\xampp\htdocs\sailsiadco\admin\cotizacion\up_cotizacion.php:98)
2018-07-19 04:41:18,134 INFO : Editó lista check #20 main.main(C:\xampp\htdocs\sailsiadco\admin\cotizacion\up_cotizacion.php:98)
2018-07-19 04:41:18,135 INFO : Editó lista check #20 main.main(C:\xampp\htdocs\sailsiadco\admin\cotizacion\up_cotizacion.php:98)
2018-07-19 04:41:18,136 INFO : Editó lista check #20 main.main(C:\xampp\htdocs\sailsiadco\admin\cotizacion\up_cotizacion.php:98)
2018-07-19 04:41:18,138 INFO : Editó lista check #20 main.main(C:\xampp\htdocs\sailsiadco\admin\cotizacion\up_cotizacion.php:98)
2018-07-19 04:41:18,139 INFO : Editó lista check #20 main.main(C:\xampp\htdocs\sailsiadco\admin\cotizacion\up_cotizacion.php:98)
2018-07-19 04:41:18,140 INFO : Editó lista check #20 main.main(C:\xampp\htdocs\sailsiadco\admin\cotizacion\up_cotizacion.php:98)
2018-07-19 04:41:18,141 INFO : Editó lista check #20 main.main(C:\xampp\htdocs\sailsiadco\admin\cotizacion\up_cotizacion.php:98)
2018-07-19 04:41:18,142 INFO : Editó lista check #20 main.main(C:\xampp\htdocs\sailsiadco\admin\cotizacion\up_cotizacion.php:98)
2018-07-19 04:41:18,143 INFO : Editó lista check #20 main.main(C:\xampp\htdocs\sailsiadco\admin\cotizacion\up_cotizacion.php:98)
2018-07-19 04:41:18,143 INFO : Editó lista check #20 main.main(C:\xampp\htdocs\sailsiadco\admin\cotizacion\up_cotizacion.php:98)
2018-07-19 04:41:18,145 INFO : Editó lista check #20 main.main(C:\xampp\htdocs\sailsiadco\admin\cotizacion\up_cotizacion.php:98)
2018-07-19 04:41:18,145 INFO : Editó lista check #20 main.main(C:\xampp\htdocs\sailsiadco\admin\cotizacion\up_cotizacion.php:98)
2018-07-19 04:41:18,146 INFO : Editó lista check #20 main.main(C:\xampp\htdocs\sailsiadco\admin\cotizacion\up_cotizacion.php:98)
2018-07-19 04:41:18,147 INFO : Editó lista check #20 main.main(C:\xampp\htdocs\sailsiadco\admin\cotizacion\up_cotizacion.php:98)
2018-07-19 04:41:18,148 INFO : Editó lista check #20 main.main(C:\xampp\htdocs\sailsiadco\admin\cotizacion\up_cotizacion.php:98)
2018-07-19 04:41:18,148 INFO : Editó lista check #20 main.main(C:\xampp\htdocs\sailsiadco\admin\cotizacion\up_cotizacion.php:98)
2018-07-19 04:41:18,149 INFO : Editó lista check #20 main.main(C:\xampp\htdocs\sailsiadco\admin\cotizacion\up_cotizacion.php:98)
2018-07-19 04:41:18,150 INFO : Editó lista check #20 main.main(C:\xampp\htdocs\sailsiadco\admin\cotizacion\up_cotizacion.php:98)
2018-07-19 04:41:18,151 INFO : Editó lista check #20 main.main(C:\xampp\htdocs\sailsiadco\admin\cotizacion\up_cotizacion.php:98)
2018-07-19 04:41:18,151 INFO : Editó lista check #20 main.main(C:\xampp\htdocs\sailsiadco\admin\cotizacion\up_cotizacion.php:98)
2018-07-19 04:41:18,152 INFO : Editó lista check #20 main.main(C:\xampp\htdocs\sailsiadco\admin\cotizacion\up_cotizacion.php:98)
2018-07-19 04:41:18,153 INFO : Editó lista check #20 main.main(C:\xampp\htdocs\sailsiadco\admin\cotizacion\up_cotizacion.php:98)
2018-07-19 04:41:18,155 INFO : Editó lista check #20 main.main(C:\xampp\htdocs\sailsiadco\admin\cotizacion\up_cotizacion.php:98)
2018-07-19 04:41:18,173 INFO : Editó lista check #20 main.main(C:\xampp\htdocs\sailsiadco\admin\cotizacion\up_cotizacion.php:98)
2018-07-19 04:41:18,174 INFO : Editó lista check #20 main.main(C:\xampp\htdocs\sailsiadco\admin\cotizacion\up_cotizacion.php:98)
2018-07-19 04:41:25,325 INFO : Editó lista check #20 main.main(C:\xampp\htdocs\sailsiadco\admin\cotizacion\up_cotizacion.php:98)
2018-07-19 04:41:25,327 INFO : Editó lista check #20 main.main(C:\xampp\htdocs\sailsiadco\admin\cotizacion\up_cotizacion.php:98)
2018-07-19 04:41:25,328 INFO : Editó lista check #20 main.main(C:\xampp\htdocs\sailsiadco\admin\cotizacion\up_cotizacion.php:98)
2018-07-19 04:41:25,329 INFO : Editó lista check #20 main.main(C:\xampp\htdocs\sailsiadco\admin\cotizacion\up_cotizacion.php:98)
2018-07-19 04:41:25,329 INFO : Editó lista check #20 main.main(C:\xampp\htdocs\sailsiadco\admin\cotizacion\up_cotizacion.php:98)
2018-07-19 04:41:25,330 INFO : Editó lista check #20 main.main(C:\xampp\htdocs\sailsiadco\admin\cotizacion\up_cotizacion.php:98)
2018-07-19 04:41:25,331 INFO : Editó lista check #20 main.main(C:\xampp\htdocs\sailsiadco\admin\cotizacion\up_cotizacion.php:98)
2018-07-19 04:41:25,331 INFO : Editó lista check #20 main.main(C:\xampp\htdocs\sailsiadco\admin\cotizacion\up_cotizacion.php:98)
2018-07-19 04:41:25,332 INFO : Editó lista check #20 main.main(C:\xampp\htdocs\sailsiadco\admin\cotizacion\up_cotizacion.php:98)
2018-07-19 04:41:25,333 INFO : Editó lista check #20 main.main(C:\xampp\htdocs\sailsiadco\admin\cotizacion\up_cotizacion.php:98)
2018-07-19 04:41:25,333 INFO : Editó lista check #20 main.main(C:\xampp\htdocs\sailsiadco\admin\cotizacion\up_cotizacion.php:98)
2018-07-19 04:41:25,334 INFO : Editó lista check #20 main.main(C:\xampp\htdocs\sailsiadco\admin\cotizacion\up_cotizacion.php:98)
2018-07-19 04:41:25,335 INFO : Editó lista check #20 main.main(C:\xampp\htdocs\sailsiadco\admin\cotizacion\up_cotizacion.php:98)
2018-07-19 04:41:25,336 INFO : Editó lista check #20 main.main(C:\xampp\htdocs\sailsiadco\admin\cotizacion\up_cotizacion.php:98)
2018-07-19 04:41:25,337 INFO : Editó lista check #20 main.main(C:\xampp\htdocs\sailsiadco\admin\cotizacion\up_cotizacion.php:98)
2018-07-19 04:41:25,337 INFO : Editó lista check #20 main.main(C:\xampp\htdocs\sailsiadco\admin\cotizacion\up_cotizacion.php:98)
2018-07-19 04:41:25,338 INFO : Editó lista check #20 main.main(C:\xampp\htdocs\sailsiadco\admin\cotizacion\up_cotizacion.php:98)
2018-07-19 04:41:25,340 INFO : Editó lista check #20 main.main(C:\xampp\htdocs\sailsiadco\admin\cotizacion\up_cotizacion.php:98)
2018-07-19 04:41:25,341 INFO : Editó lista check #20 main.main(C:\xampp\htdocs\sailsiadco\admin\cotizacion\up_cotizacion.php:98)
2018-07-19 04:41:25,342 INFO : Editó lista check #20 main.main(C:\xampp\htdocs\sailsiadco\admin\cotizacion\up_cotizacion.php:98)
2018-07-19 04:41:25,343 INFO : Editó lista check #20 main.main(C:\xampp\htdocs\sailsiadco\admin\cotizacion\up_cotizacion.php:98)
2018-07-19 04:41:25,343 INFO : Editó lista check #20 main.main(C:\xampp\htdocs\sailsiadco\admin\cotizacion\up_cotizacion.php:98)
2018-07-19 04:41:25,344 INFO : Editó lista check #20 main.main(C:\xampp\htdocs\sailsiadco\admin\cotizacion\up_cotizacion.php:98)
2018-07-19 04:41:25,345 INFO : Editó lista check #20 main.main(C:\xampp\htdocs\sailsiadco\admin\cotizacion\up_cotizacion.php:98)
2018-07-19 04:41:25,346 INFO : Editó lista check #20 main.main(C:\xampp\htdocs\sailsiadco\admin\cotizacion\up_cotizacion.php:98)
2018-07-19 04:41:25,346 INFO : Editó lista check #20 main.main(C:\xampp\htdocs\sailsiadco\admin\cotizacion\up_cotizacion.php:98)
2018-07-19 04:41:25,347 INFO : Editó lista check #20 main.main(C:\xampp\htdocs\sailsiadco\admin\cotizacion\up_cotizacion.php:98)
2018-07-19 04:41:25,348 INFO : Editó lista check #20 main.main(C:\xampp\htdocs\sailsiadco\admin\cotizacion\up_cotizacion.php:98)
2018-07-19 04:41:25,348 INFO : Editó lista check #20 main.main(C:\xampp\htdocs\sailsiadco\admin\cotizacion\up_cotizacion.php:98)
2018-07-19 04:41:47,440 INFO : Editó lista check #20 main.main(C:\xampp\htdocs\sailsiadco\admin\cotizacion\up_cotizacion.php:99)
2018-07-19 04:41:47,445 INFO : Editó lista check #20 main.main(C:\xampp\htdocs\sailsiadco\admin\cotizacion\up_cotizacion.php:99)
2018-07-19 04:41:47,449 INFO : Editó lista check #20 main.main(C:\xampp\htdocs\sailsiadco\admin\cotizacion\up_cotizacion.php:99)
2018-07-19 04:41:47,451 INFO : Editó lista check #20 main.main(C:\xampp\htdocs\sailsiadco\admin\cotizacion\up_cotizacion.php:99)
2018-07-19 04:41:47,453 INFO : Editó lista check #20 main.main(C:\xampp\htdocs\sailsiadco\admin\cotizacion\up_cotizacion.php:99)
2018-07-19 04:41:47,454 INFO : Editó lista check #20 main.main(C:\xampp\htdocs\sailsiadco\admin\cotizacion\up_cotizacion.php:99)
2018-07-19 04:41:47,456 INFO : Editó lista check #20 main.main(C:\xampp\htdocs\sailsiadco\admin\cotizacion\up_cotizacion.php:99)
2018-07-19 04:41:47,457 INFO : Editó lista check #20 main.main(C:\xampp\htdocs\sailsiadco\admin\cotizacion\up_cotizacion.php:99)
2018-07-19 04:41:47,459 INFO : Editó lista check #20 main.main(C:\xampp\htdocs\sailsiadco\admin\cotizacion\up_cotizacion.php:99)
2018-07-19 04:41:47,460 INFO : Editó lista check #20 main.main(C:\xampp\htdocs\sailsiadco\admin\cotizacion\up_cotizacion.php:99)
2018-07-19 04:41:47,461 INFO : Editó lista check #20 main.main(C:\xampp\htdocs\sailsiadco\admin\cotizacion\up_cotizacion.php:99)
2018-07-19 04:41:47,463 INFO : Editó lista check #20 main.main(C:\xampp\htdocs\sailsiadco\admin\cotizacion\up_cotizacion.php:99)
2018-07-19 04:41:47,465 INFO : Editó lista check #20 main.main(C:\xampp\htdocs\sailsiadco\admin\cotizacion\up_cotizacion.php:99)
2018-07-19 04:41:47,466 INFO : Editó lista check #20 main.main(C:\xampp\htdocs\sailsiadco\admin\cotizacion\up_cotizacion.php:99)
2018-07-19 04:41:47,467 INFO : Editó lista check #20 main.main(C:\xampp\htdocs\sailsiadco\admin\cotizacion\up_cotizacion.php:99)
2018-07-19 04:41:47,468 INFO : Editó lista check #20 main.main(C:\xampp\htdocs\sailsiadco\admin\cotizacion\up_cotizacion.php:99)
2018-07-19 04:41:47,469 INFO : Editó lista check #20 main.main(C:\xampp\htdocs\sailsiadco\admin\cotizacion\up_cotizacion.php:99)
2018-07-19 04:41:47,470 INFO : Editó lista check #20 main.main(C:\xampp\htdocs\sailsiadco\admin\cotizacion\up_cotizacion.php:99)
2018-07-19 04:41:47,471 INFO : Editó lista check #20 main.main(C:\xampp\htdocs\sailsiadco\admin\cotizacion\up_cotizacion.php:99)
2018-07-19 04:41:47,472 INFO : Editó lista check #20 main.main(C:\xampp\htdocs\sailsiadco\admin\cotizacion\up_cotizacion.php:99)
2018-07-19 04:41:47,473 INFO : Editó lista check #20 main.main(C:\xampp\htdocs\sailsiadco\admin\cotizacion\up_cotizacion.php:99)
2018-07-19 04:41:47,473 INFO : Editó lista check #20 main.main(C:\xampp\htdocs\sailsiadco\admin\cotizacion\up_cotizacion.php:99)
2018-07-19 04:41:47,474 INFO : Editó lista check #20 main.main(C:\xampp\htdocs\sailsiadco\admin\cotizacion\up_cotizacion.php:99)
2018-07-19 04:41:47,476 INFO : Editó lista check #20 main.main(C:\xampp\htdocs\sailsiadco\admin\cotizacion\up_cotizacion.php:99)
2018-07-19 04:41:47,477 INFO : Editó lista check #20 main.main(C:\xampp\htdocs\sailsiadco\admin\cotizacion\up_cotizacion.php:99)
2018-07-19 04:41:47,478 INFO : Editó lista check #20 main.main(C:\xampp\htdocs\sailsiadco\admin\cotizacion\up_cotizacion.php:99)
2018-07-19 04:41:47,480 INFO : Editó lista check #20 main.main(C:\xampp\htdocs\sailsiadco\admin\cotizacion\up_cotizacion.php:99)
2018-07-19 04:41:47,482 INFO : Editó lista check #20 main.main(C:\xampp\htdocs\sailsiadco\admin\cotizacion\up_cotizacion.php:99)
2018-07-19 04:41:47,483 INFO : Editó lista check #20 main.main(C:\xampp\htdocs\sailsiadco\admin\cotizacion\up_cotizacion.php:99)
2018-07-19 04:46:43,440 INFO : Editó lista check #20 main.main(C:\xampp\htdocs\sailsiadco\admin\cotizacion\up_cotizacion.php:99)
2018-07-19 04:46:43,443 INFO : Editó lista check #20 main.main(C:\xampp\htdocs\sailsiadco\admin\cotizacion\up_cotizacion.php:99)
2018-07-19 04:46:43,444 INFO : Editó lista check #20 main.main(C:\xampp\htdocs\sailsiadco\admin\cotizacion\up_cotizacion.php:99)
2018-07-19 04:46:43,444 INFO : Editó lista check #20 main.main(C:\xampp\htdocs\sailsiadco\admin\cotizacion\up_cotizacion.php:99)
2018-07-19 04:46:43,445 INFO : Editó lista check #20 main.main(C:\xampp\htdocs\sailsiadco\admin\cotizacion\up_cotizacion.php:99)
2018-07-19 04:46:43,446 INFO : Editó lista check #20 main.main(C:\xampp\htdocs\sailsiadco\admin\cotizacion\up_cotizacion.php:99)
2018-07-19 04:46:43,447 INFO : Editó lista check #20 main.main(C:\xampp\htdocs\sailsiadco\admin\cotizacion\up_cotizacion.php:99)
2018-07-19 04:46:43,447 INFO : Editó lista check #20 main.main(C:\xampp\htdocs\sailsiadco\admin\cotizacion\up_cotizacion.php:99)
2018-07-19 04:46:43,448 INFO : Editó lista check #20 main.main(C:\xampp\htdocs\sailsiadco\admin\cotizacion\up_cotizacion.php:99)
2018-07-19 04:46:43,449 INFO : Editó lista check #20 main.main(C:\xampp\htdocs\sailsiadco\admin\cotizacion\up_cotizacion.php:99)
2018-07-19 04:46:43,449 INFO : Editó lista check #20 main.main(C:\xampp\htdocs\sailsiadco\admin\cotizacion\up_cotizacion.php:99)
2018-07-19 04:46:43,450 INFO : Editó lista check #20 main.main(C:\xampp\htdocs\sailsiadco\admin\cotizacion\up_cotizacion.php:99)
2018-07-19 04:46:43,451 INFO : Editó lista check #20 main.main(C:\xampp\htdocs\sailsiadco\admin\cotizacion\up_cotizacion.php:99)
2018-07-19 04:46:43,452 INFO : Editó lista check #20 main.main(C:\xampp\htdocs\sailsiadco\admin\cotizacion\up_cotizacion.php:99)
2018-07-19 04:46:43,454 INFO : Editó lista check #20 main.main(C:\xampp\htdocs\sailsiadco\admin\cotizacion\up_cotizacion.php:99)
2018-07-19 04:46:43,455 INFO : Editó lista check #20 main.main(C:\xampp\htdocs\sailsiadco\admin\cotizacion\up_cotizacion.php:99)
2018-07-19 04:46:43,456 INFO : Editó lista check #20 main.main(C:\xampp\htdocs\sailsiadco\admin\cotizacion\up_cotizacion.php:99)
2018-07-19 04:46:43,457 INFO : Editó lista check #20 main.main(C:\xampp\htdocs\sailsiadco\admin\cotizacion\up_cotizacion.php:99)
2018-07-19 04:46:43,457 INFO : Editó lista check #20 main.main(C:\xampp\htdocs\sailsiadco\admin\cotizacion\up_cotizacion.php:99)
2018-07-19 04:46:43,458 INFO : Editó lista check #20 main.main(C:\xampp\htdocs\sailsiadco\admin\cotizacion\up_cotizacion.php:99)
2018-07-19 04:46:43,459 INFO : Editó lista check #20 main.main(C:\xampp\htdocs\sailsiadco\admin\cotizacion\up_cotizacion.php:99)
2018-07-19 04:46:43,460 INFO : Editó lista check #20 main.main(C:\xampp\htdocs\sailsiadco\admin\cotizacion\up_cotizacion.php:99)
2018-07-19 04:46:43,460 INFO : Editó lista check #20 main.main(C:\xampp\htdocs\sailsiadco\admin\cotizacion\up_cotizacion.php:99)
2018-07-19 04:46:43,461 INFO : Editó lista check #20 main.main(C:\xampp\htdocs\sailsiadco\admin\cotizacion\up_cotizacion.php:99)
2018-07-19 04:46:43,462 INFO : Editó lista check #20 main.main(C:\xampp\htdocs\sailsiadco\admin\cotizacion\up_cotizacion.php:99)
2018-07-19 04:46:43,462 INFO : Editó lista check #20 main.main(C:\xampp\htdocs\sailsiadco\admin\cotizacion\up_cotizacion.php:99)
2018-07-19 04:46:43,463 INFO : Editó lista check #20 main.main(C:\xampp\htdocs\sailsiadco\admin\cotizacion\up_cotizacion.php:99)
2018-07-19 04:46:43,464 INFO : Editó lista check #20 main.main(C:\xampp\htdocs\sailsiadco\admin\cotizacion\up_cotizacion.php:99)
2018-07-19 04:46:43,464 INFO : Editó lista check #20 main.main(C:\xampp\htdocs\sailsiadco\admin\cotizacion\up_cotizacion.php:99)
2018-07-19 04:46:43,466 INFO : Editó cotización descripción #20 main.main(C:\xampp\htdocs\sailsiadco\admin\cotizacion\up_cotizacion.php:110)
2018-07-19 04:46:43,466 INFO : Editó detalle cotización #20 main.main(C:\xampp\htdocs\sailsiadco\admin\cotizacion\up_cotizacion.php:113)
2018-07-19 04:47:14,792 INFO : Va consultar20 main.main(C:\xampp\htdocs\sailsiadco\admin\cotizacion\alta_cotizacion.php:27)
2018-07-19 04:47:14,794 INFO : valor del $molde_ancho 3 main.main(C:\xampp\htdocs\sailsiadco\admin\cotizacion\alta_cotizacion.php:48)
2018-07-19 04:47:14,796 INFO : 0 main.main(C:\xampp\htdocs\sailsiadco\admin\cotizacion\alta_cotizacion.php:146)
2018-07-19 04:47:40,325 INFO : Editó lista check #20 main.main(C:\xampp\htdocs\sailsiadco\admin\cotizacion\up_cotizacion.php:99)
2018-07-19 04:47:40,327 INFO : Editó lista check #20 main.main(C:\xampp\htdocs\sailsiadco\admin\cotizacion\up_cotizacion.php:99)
2018-07-19 04:47:40,328 INFO : Editó lista check #20 main.main(C:\xampp\htdocs\sailsiadco\admin\cotizacion\up_cotizacion.php:99)
2018-07-19 04:47:40,329 INFO : Editó lista check #20 main.main(C:\xampp\htdocs\sailsiadco\admin\cotizacion\up_cotizacion.php:99)
2018-07-19 04:47:40,329 INFO : Editó lista check #20 main.main(C:\xampp\htdocs\sailsiadco\admin\cotizacion\up_cotizacion.php:99)
2018-07-19 04:47:40,330 INFO : Editó lista check #20 main.main(C:\xampp\htdocs\sailsiadco\admin\cotizacion\up_cotizacion.php:99)
2018-07-19 04:47:40,331 INFO : Editó lista check #20 main.main(C:\xampp\htdocs\sailsiadco\admin\cotizacion\up_cotizacion.php:99)
2018-07-19 04:47:40,331 INFO : Editó lista check #20 main.main(C:\xampp\htdocs\sailsiadco\admin\cotizacion\up_cotizacion.php:99)
2018-07-19 04:47:40,332 INFO : Editó lista check #20 main.main(C:\xampp\htdocs\sailsiadco\admin\cotizacion\up_cotizacion.php:99)
2018-07-19 04:47:40,333 INFO : Editó lista check #20 main.main(C:\xampp\htdocs\sailsiadco\admin\cotizacion\up_cotizacion.php:99)
2018-07-19 04:47:40,334 INFO : Editó lista check #20 main.main(C:\xampp\htdocs\sailsiadco\admin\cotizacion\up_cotizacion.php:99)
2018-07-19 04:47:40,334 INFO : Editó lista check #20 main.main(C:\xampp\htdocs\sailsiadco\admin\cotizacion\up_cotizacion.php:99)
2018-07-19 04:47:40,335 INFO : Editó lista check #20 main.main(C:\xampp\htdocs\sailsiadco\admin\cotizacion\up_cotizacion.php:99)
2018-07-19 04:47:40,336 INFO : Editó lista check #20 main.main(C:\xampp\htdocs\sailsiadco\admin\cotizacion\up_cotizacion.php:99)
2018-07-19 04:47:40,338 INFO : Editó lista check #20 main.main(C:\xampp\htdocs\sailsiadco\admin\cotizacion\up_cotizacion.php:99)
2018-07-19 04:47:40,339 INFO : Editó lista check #20 main.main(C:\xampp\htdocs\sailsiadco\admin\cotizacion\up_cotizacion.php:99)
2018-07-19 04:47:40,340 INFO : Editó lista check #20 main.main(C:\xampp\htdocs\sailsiadco\admin\cotizacion\up_cotizacion.php:99)
2018-07-19 04:47:40,341 INFO : Editó lista check #20 main.main(C:\xampp\htdocs\sailsiadco\admin\cotizacion\up_cotizacion.php:99)
2018-07-19 04:47:40,341 INFO : Editó lista check #20 main.main(C:\xampp\htdocs\sailsiadco\admin\cotizacion\up_cotizacion.php:99)
2018-07-19 04:47:40,342 INFO : Editó lista check #20 main.main(C:\xampp\htdocs\sailsiadco\admin\cotizacion\up_cotizacion.php:99)
2018-07-19 04:47:40,343 INFO : Editó lista check #20 main.main(C:\xampp\htdocs\sailsiadco\admin\cotizacion\up_cotizacion.php:99)
2018-07-19 04:47:40,343 INFO : Editó lista check #20 main.main(C:\xampp\htdocs\sailsiadco\admin\cotizacion\up_cotizacion.php:99)
2018-07-19 04:47:40,344 INFO : Editó lista check #20 main.main(C:\xampp\htdocs\sailsiadco\admin\cotizacion\up_cotizacion.php:99)
2018-07-19 04:47:40,345 INFO : Editó lista check #20 main.main(C:\xampp\htdocs\sailsiadco\admin\cotizacion\up_cotizacion.php:99)
2018-07-19 04:47:40,346 INFO : Editó lista check #20 main.main(C:\xampp\htdocs\sailsiadco\admin\cotizacion\up_cotizacion.php:99)
2018-07-19 04:47:40,347 INFO : Editó lista check #20 main.main(C:\xampp\htdocs\sailsiadco\admin\cotizacion\up_cotizacion.php:99)
2018-07-19 04:47:40,347 INFO : Editó lista check #20 main.main(C:\xampp\htdocs\sailsiadco\admin\cotizacion\up_cotizacion.php:99)
2018-07-19 04:47:40,348 INFO : Editó lista check #20 main.main(C:\xampp\htdocs\sailsiadco\admin\cotizacion\up_cotizacion.php:99)
2018-07-19 04:47:40,349 INFO : Editó lista check #20 main.main(C:\xampp\htdocs\sailsiadco\admin\cotizacion\up_cotizacion.php:99)
2018-07-19 04:47:40,351 INFO : Editó cotización descripción #20 main.main(C:\xampp\htdocs\sailsiadco\admin\cotizacion\up_cotizacion.php:110)
2018-07-19 04:47:40,351 INFO : Editó detalle cotización #20 main.main(C:\xampp\htdocs\sailsiadco\admin\cotizacion\up_cotizacion.php:113)
2018-07-19 04:49:31,625 INFO : Va consultar20 main.main(C:\xampp\htdocs\sailsiadco\admin\cotizacion\alta_cotizacion.php:27)
2018-07-19 04:49:31,627 INFO : valor del $molde_ancho 3 main.main(C:\xampp\htdocs\sailsiadco\admin\cotizacion\alta_cotizacion.php:48)
2018-07-19 04:49:31,628 INFO : 0 main.main(C:\xampp\htdocs\sailsiadco\admin\cotizacion\alta_cotizacion.php:146)
2018-07-19 04:49:45,559 INFO : Editó lista check #20 main.main(C:\xampp\htdocs\sailsiadco\admin\cotizacion\up_cotizacion.php:99)
2018-07-19 04:49:45,562 INFO : Editó lista check #20 main.main(C:\xampp\htdocs\sailsiadco\admin\cotizacion\up_cotizacion.php:99)
2018-07-19 04:49:45,563 INFO : Editó lista check #20 main.main(C:\xampp\htdocs\sailsiadco\admin\cotizacion\up_cotizacion.php:99)
2018-07-19 04:49:45,563 INFO : Editó lista check #20 main.main(C:\xampp\htdocs\sailsiadco\admin\cotizacion\up_cotizacion.php:99)
2018-07-19 04:49:45,564 INFO : Editó lista check #20 main.main(C:\xampp\htdocs\sailsiadco\admin\cotizacion\up_cotizacion.php:99)
2018-07-19 04:49:45,565 INFO : Editó lista check #20 main.main(C:\xampp\htdocs\sailsiadco\admin\cotizacion\up_cotizacion.php:99)
2018-07-19 04:49:45,565 INFO : Editó lista check #20 main.main(C:\xampp\htdocs\sailsiadco\admin\cotizacion\up_cotizacion.php:99)
2018-07-19 04:49:45,566 INFO : Editó lista check #20 main.main(C:\xampp\htdocs\sailsiadco\admin\cotizacion\up_cotizacion.php:99)
2018-07-19 04:49:45,567 INFO : Editó lista check #20 main.main(C:\xampp\htdocs\sailsiadco\admin\cotizacion\up_cotizacion.php:99)
2018-07-19 04:49:45,567 INFO : Editó lista check #20 main.main(C:\xampp\htdocs\sailsiadco\admin\cotizacion\up_cotizacion.php:99)
2018-07-19 04:49:45,568 INFO : Editó lista check #20 main.main(C:\xampp\htdocs\sailsiadco\admin\cotizacion\up_cotizacion.php:99)
2018-07-19 04:49:45,569 INFO : Editó lista check #20 main.main(C:\xampp\htdocs\sailsiadco\admin\cotizacion\up_cotizacion.php:99)
2018-07-19 04:49:45,569 INFO : Editó lista check #20 main.main(C:\xampp\htdocs\sailsiadco\admin\cotizacion\up_cotizacion.php:99)
2018-07-19 04:49:45,570 INFO : Editó lista check #20 main.main(C:\xampp\htdocs\sailsiadco\admin\cotizacion\up_cotizacion.php:99)
2018-07-19 04:49:45,571 INFO : Editó lista check #20 main.main(C:\xampp\htdocs\sailsiadco\admin\cotizacion\up_cotizacion.php:99)
2018-07-19 04:49:45,571 INFO : Editó lista check #20 main.main(C:\xampp\htdocs\sailsiadco\admin\cotizacion\up_cotizacion.php:99)
2018-07-19 04:49:45,572 INFO : Editó lista check #20 main.main(C:\xampp\htdocs\sailsiadco\admin\cotizacion\up_cotizacion.php:99)
2018-07-19 04:49:45,573 INFO : Editó lista check #20 main.main(C:\xampp\htdocs\sailsiadco\admin\cotizacion\up_cotizacion.php:99)
2018-07-19 04:49:45,573 INFO : Editó lista check #20 main.main(C:\xampp\htdocs\sailsiadco\admin\cotizacion\up_cotizacion.php:99)
2018-07-19 04:49:45,574 INFO : Editó lista check #20 main.main(C:\xampp\htdocs\sailsiadco\admin\cotizacion\up_cotizacion.php:99)
2018-07-19 04:49:45,576 INFO : Editó lista check #20 main.main(C:\xampp\htdocs\sailsiadco\admin\cotizacion\up_cotizacion.php:99)
2018-07-19 04:49:45,577 INFO : Editó lista check #20 main.main(C:\xampp\htdocs\sailsiadco\admin\cotizacion\up_cotizacion.php:99)
2018-07-19 04:49:45,579 INFO : Editó lista check #20 main.main(C:\xampp\htdocs\sailsiadco\admin\cotizacion\up_cotizacion.php:99)
2018-07-19 04:49:45,579 INFO : Editó lista check #20 main.main(C:\xampp\htdocs\sailsiadco\admin\cotizacion\up_cotizacion.php:99)
2018-07-19 04:49:45,580 INFO : Editó lista check #20 main.main(C:\xampp\htdocs\sailsiadco\admin\cotizacion\up_cotizacion.php:99)
2018-07-19 04:49:45,581 INFO : Editó lista check #20 main.main(C:\xampp\htdocs\sailsiadco\admin\cotizacion\up_cotizacion.php:99)
2018-07-19 04:49:45,582 INFO : Editó lista check #20 main.main(C:\xampp\htdocs\sailsiadco\admin\cotizacion\up_cotizacion.php:99)
2018-07-19 04:49:45,582 INFO : Editó lista check #20 main.main(C:\xampp\htdocs\sailsiadco\admin\cotizacion\up_cotizacion.php:99)
2018-07-19 04:49:45,583 INFO : Editó lista check #20 main.main(C:\xampp\htdocs\sailsiadco\admin\cotizacion\up_cotizacion.php:99)
2018-07-19 04:49:45,584 INFO : Editó cotización descripción #20 main.main(C:\xampp\htdocs\sailsiadco\admin\cotizacion\up_cotizacion.php:110)
2018-07-19 04:49:45,585 INFO : Editó detalle cotización #20 main.main(C:\xampp\htdocs\sailsiadco\admin\cotizacion\up_cotizacion.php:113)
2018-07-19 04:51:01,761 INFO : Va consultar20 main.main(C:\xampp\htdocs\sailsiadco\admin\cotizacion\alta_cotizacion.php:27)
2018-07-19 04:51:01,762 INFO : valor del $molde_ancho 3 main.main(C:\xampp\htdocs\sailsiadco\admin\cotizacion\alta_cotizacion.php:48)
2018-07-19 04:51:01,764 INFO : 0 main.main(C:\xampp\htdocs\sailsiadco\admin\cotizacion\alta_cotizacion.php:146)
2018-07-19 04:51:18,076 INFO : Editó lista check #20 main.main(C:\xampp\htdocs\sailsiadco\admin\cotizacion\up_cotizacion.php:99)
2018-07-19 04:51:18,078 INFO : Editó lista check #20 main.main(C:\xampp\htdocs\sailsiadco\admin\cotizacion\up_cotizacion.php:99)
2018-07-19 04:51:18,079 INFO : Editó lista check #20 main.main(C:\xampp\htdocs\sailsiadco\admin\cotizacion\up_cotizacion.php:99)
2018-07-19 04:51:18,080 INFO : Editó lista check #20 main.main(C:\xampp\htdocs\sailsiadco\admin\cotizacion\up_cotizacion.php:99)
2018-07-19 04:51:18,081 INFO : Editó lista check #20 main.main(C:\xampp\htdocs\sailsiadco\admin\cotizacion\up_cotizacion.php:99)
2018-07-19 04:51:18,082 INFO : Editó lista check #20 main.main(C:\xampp\htdocs\sailsiadco\admin\cotizacion\up_cotizacion.php:99)
2018-07-19 04:51:18,082 INFO : Editó lista check #20 main.main(C:\xampp\htdocs\sailsiadco\admin\cotizacion\up_cotizacion.php:99)
2018-07-19 04:51:18,083 INFO : Editó lista check #20 main.main(C:\xampp\htdocs\sailsiadco\admin\cotizacion\up_cotizacion.php:99)
2018-07-19 04:51:18,084 INFO : Editó lista check #20 main.main(C:\xampp\htdocs\sailsiadco\admin\cotizacion\up_cotizacion.php:99)
2018-07-19 04:51:18,084 INFO : Editó lista check #20 main.main(C:\xampp\htdocs\sailsiadco\admin\cotizacion\up_cotizacion.php:99)
2018-07-19 04:51:18,085 INFO : Editó lista check #20 main.main(C:\xampp\htdocs\sailsiadco\admin\cotizacion\up_cotizacion.php:99)
2018-07-19 04:51:18,086 INFO : Editó lista check #20 main.main(C:\xampp\htdocs\sailsiadco\admin\cotizacion\up_cotizacion.php:99)
2018-07-19 04:51:18,088 INFO : Editó lista check #20 main.main(C:\xampp\htdocs\sailsiadco\admin\cotizacion\up_cotizacion.php:99)
2018-07-19 04:51:18,089 INFO : Editó lista check #20 main.main(C:\xampp\htdocs\sailsiadco\admin\cotizacion\up_cotizacion.php:99)
2018-07-19 04:51:18,090 INFO : Editó lista check #20 main.main(C:\xampp\htdocs\sailsiadco\admin\cotizacion\up_cotizacion.php:99)
2018-07-19 04:51:18,091 INFO : Editó lista check #20 main.main(C:\xampp\htdocs\sailsiadco\admin\cotizacion\up_cotizacion.php:99)
2018-07-19 04:51:18,092 INFO : Editó lista check #20 main.main(C:\xampp\htdocs\sailsiadco\admin\cotizacion\up_cotizacion.php:99)
2018-07-19 04:51:18,092 INFO : Editó lista check #20 main.main(C:\xampp\htdocs\sailsiadco\admin\cotizacion\up_cotizacion.php:99)
2018-07-19 04:51:18,093 INFO : Editó lista check #20 main.main(C:\xampp\htdocs\sailsiadco\admin\cotizacion\up_cotizacion.php:99)
2018-07-19 04:51:18,094 INFO : Editó lista check #20 main.main(C:\xampp\htdocs\sailsiadco\admin\cotizacion\up_cotizacion.php:99)
2018-07-19 04:51:18,094 INFO : Editó lista check #20 main.main(C:\xampp\htdocs\sailsiadco\admin\cotizacion\up_cotizacion.php:99)
2018-07-19 04:51:18,095 INFO : Editó lista check #20 main.main(C:\xampp\htdocs\sailsiadco\admin\cotizacion\up_cotizacion.php:99)
2018-07-19 04:51:18,096 INFO : Editó lista check #20 main.main(C:\xampp\htdocs\sailsiadco\admin\cotizacion\up_cotizacion.php:99)
2018-07-19 04:51:18,097 INFO : Editó lista check #20 main.main(C:\xampp\htdocs\sailsiadco\admin\cotizacion\up_cotizacion.php:99)
2018-07-19 04:51:18,097 INFO : Editó lista check #20 main.main(C:\xampp\htdocs\sailsiadco\admin\cotizacion\up_cotizacion.php:99)
2018-07-19 04:51:18,098 INFO : Editó lista check #20 main.main(C:\xampp\htdocs\sailsiadco\admin\cotizacion\up_cotizacion.php:99)
2018-07-19 04:51:18,099 INFO : Editó lista check #20 main.main(C:\xampp\htdocs\sailsiadco\admin\cotizacion\up_cotizacion.php:99)
2018-07-19 04:51:18,100 INFO : Editó lista check #20 main.main(C:\xampp\htdocs\sailsiadco\admin\cotizacion\up_cotizacion.php:99)
2018-07-19 04:51:18,100 INFO : Editó lista check #20 main.main(C:\xampp\htdocs\sailsiadco\admin\cotizacion\up_cotizacion.php:99)
2018-07-19 04:51:18,101 INFO : Editó cotización descripción #20 main.main(C:\xampp\htdocs\sailsiadco\admin\cotizacion\up_cotizacion.php:110)
2018-07-19 04:51:18,102 INFO : Editó detalle cotización #20 main.main(C:\xampp\htdocs\sailsiadco\admin\cotizacion\up_cotizacion.php:113)
