2018-05-31 04:37:45,492 INFO : 0 main.main(C:\xampp\htdocs\sailsiadco\admin\cotizacion\alta_cotizacion.php:92)
2018-05-31 03:37:19,950 ERROR: Error intentando ingresar sin formulario desde: 192.168.148.1 main.main(C:\xampp\htdocs\sailsiadco\admin\cotizacion\ins_cotizacion.php:42)
2018-05-31 03:37:45,703 INFO : 0 main.main(C:\xampp\htdocs\sailsiadco\admin\cotizacion\alta_cotizacion.php:92)
2018-05-31 03:37:50,102 INFO : Ofrecido main.main(C:\xampp\htdocs\sailsiadco\admin\cotizacion\up_estado.php:9)
2018-05-31 03:37:50,213 ERROR: Error actualizado estado: No data supplied for parameters in prepared statement main.main(C:\xampp\htdocs\sailsiadco\admin\cotizacion\up_estado.php:16)
2018-05-31 03:42:18,627 INFO : 0 main.main(C:\xampp\htdocs\sailsiadco\admin\cotizacion\alta_cotizacion.php:92)
2018-05-31 03:42:21,033 INFO : Ofrecido main.main(C:\xampp\htdocs\sailsiadco\admin\cotizacion\up_estado.php:9)
2018-05-31 03:42:21,036 INFO : Actualizó cotización_id #17 main.main(C:\xampp\htdocs\sailsiadco\admin\cotizacion\up_estado.php:13)
2018-05-31 03:43:11,821 INFO : 1 main.main(C:\xampp\htdocs\sailsiadco\admin\cotizacion\alta_cotizacion.php:92)
2018-05-31 03:43:15,728 INFO : Aprobado main.main(C:\xampp\htdocs\sailsiadco\admin\cotizacion\up_estado.php:9)
2018-05-31 03:43:15,762 INFO : Actualizó cotización #-19 main.main(C:\xampp\htdocs\sailsiadco\admin\cotizacion\up_estado.php:13)
2018-05-31 04:20:33,196 INFO : 1 main.main(C:\xampp\htdocs\sailsiadco\admin\cotizacion\alta_cotizacion.php:92)
2018-05-31 04:23:13,133 INFO : Aprobado main.main(C:\xampp\htdocs\sailsiadco\admin\cotizacion\up_estado.php:13)
2018-05-31 04:23:13,189 INFO : Actualizó cotización #19 main.main(C:\xampp\htdocs\sailsiadco\admin\cotizacion\up_estado.php:17)
2018-05-31 04:23:22,791 INFO : 2 main.main(C:\xampp\htdocs\sailsiadco\admin\cotizacion\alta_cotizacion.php:92)
2018-05-31 04:23:25,313 INFO : Aprobado main.main(C:\xampp\htdocs\sailsiadco\admin\cotizacion\up_estado.php:13)
2018-05-31 04:23:25,338 INFO : Actualizó cotización #19 main.main(C:\xampp\htdocs\sailsiadco\admin\cotizacion\up_estado.php:17)
2018-05-31 04:24:11,994 INFO : 2 main.main(C:\xampp\htdocs\sailsiadco\admin\cotizacion\alta_cotizacion.php:92)
2018-05-31 04:24:18,368 INFO : Facturado main.main(C:\xampp\htdocs\sailsiadco\admin\cotizacion\up_estado.php:13)
2018-05-31 04:24:18,478 INFO : Actualizó cotización #19 main.main(C:\xampp\htdocs\sailsiadco\admin\cotizacion\up_estado.php:17)
2018-05-31 04:24:27,886 INFO : 0 main.main(C:\xampp\htdocs\sailsiadco\admin\cotizacion\alta_cotizacion.php:92)
2018-05-31 04:24:30,200 INFO : Ofrecido main.main(C:\xampp\htdocs\sailsiadco\admin\cotizacion\up_estado.php:13)
2018-05-31 04:24:30,314 INFO : Actualizó cotización #17 main.main(C:\xampp\htdocs\sailsiadco\admin\cotizacion\up_estado.php:17)
2018-05-31 04:24:38,970 INFO : 1 main.main(C:\xampp\htdocs\sailsiadco\admin\cotizacion\alta_cotizacion.php:92)
2018-05-31 04:24:42,435 INFO : Aprobado main.main(C:\xampp\htdocs\sailsiadco\admin\cotizacion\up_estado.php:13)
2018-05-31 04:24:42,464 INFO : Actualizó cotización #17 main.main(C:\xampp\htdocs\sailsiadco\admin\cotizacion\up_estado.php:17)
