2018-07-11 05:16:35,644 INFO : grande main.main(C:\xampp\htdocs\sailsiadco\admin\cotizacion\up_cotizacion.php:22)
2018-07-11 05:16:35,658 INFO : Antes de consulta en cotización #20 main.main(C:\xampp\htdocs\sailsiadco\admin\cotizacion\up_cotizacion.php:26)
2018-07-11 05:16:35,677 INFO : Actualizó cotización #20 main.main(C:\xampp\htdocs\sailsiadco\admin\cotizacion\up_cotizacion.php:32)
2018-07-11 05:16:35,710 INFO : Actualizó cotización #20 main.main(C:\xampp\htdocs\sailsiadco\admin\cotizacion\up_cotizacion.php:39)
2018-07-11 05:16:35,900 INFO : Editó detalle cotización #20 main.main(C:\xampp\htdocs\sailsiadco\admin\cotizacion\up_cotizacion.php:80)
2018-07-11 05:17:19,743 INFO : Va consultar20 main.main(C:\xampp\htdocs\sailsiadco\admin\cotizacion\alta_cotizacion.php:27)
2018-07-11 05:17:19,745 INFO : valor del $molde_ancho 3 main.main(C:\xampp\htdocs\sailsiadco\admin\cotizacion\alta_cotizacion.php:48)
2018-07-11 05:17:19,746 INFO : 0 main.main(C:\xampp\htdocs\sailsiadco\admin\cotizacion\alta_cotizacion.php:146)
2018-07-11 05:17:30,332 INFO : 3 main.main(C:\xampp\htdocs\sailsiadco\admin\cotizacion\up_cotizacion.php:22)
2018-07-11 05:17:30,335 INFO : Antes de consulta en cotización #20 main.main(C:\xampp\htdocs\sailsiadco\admin\cotizacion\up_cotizacion.php:26)
2018-07-11 05:17:30,336 INFO : Actualizó cotización #20 main.main(C:\xampp\htdocs\sailsiadco\admin\cotizacion\up_cotizacion.php:32)
2018-07-11 05:17:30,385 INFO : Actualizó cotización #20 main.main(C:\xampp\htdocs\sailsiadco\admin\cotizacion\up_cotizacion.php:39)
2018-07-11 05:17:30,387 INFO : Editó detalle cotización #20 main.main(C:\xampp\htdocs\sailsiadco\admin\cotizacion\up_cotizacion.php:80)
2018-07-11 05:19:43,946 INFO : Va consultar20 main.main(C:\xampp\htdocs\sailsiadco\admin\cotizacion\alta_cotizacion.php:27)
2018-07-11 05:19:43,949 INFO : valor del $molde_ancho 3 main.main(C:\xampp\htdocs\sailsiadco\admin\cotizacion\alta_cotizacion.php:48)
2018-07-11 05:19:43,972 INFO : 0 main.main(C:\xampp\htdocs\sailsiadco\admin\cotizacion\alta_cotizacion.php:146)
2018-07-11 05:22:30,806 INFO : 1 main.main(C:\xampp\htdocs\sailsiadco\admin\cotizacion\up_cotizacion.php:22)
2018-07-11 05:22:30,811 INFO : Antes de consulta en cotización #20 main.main(C:\xampp\htdocs\sailsiadco\admin\cotizacion\up_cotizacion.php:26)
2018-07-11 05:22:30,814 INFO : Actualizó cotización #20 main.main(C:\xampp\htdocs\sailsiadco\admin\cotizacion\up_cotizacion.php:32)
2018-07-11 05:22:30,816 INFO : Actualizó cotización #20 main.main(C:\xampp\htdocs\sailsiadco\admin\cotizacion\up_cotizacion.php:39)
2018-07-11 05:22:30,832 INFO : Editó detalle cotización #20 main.main(C:\xampp\htdocs\sailsiadco\admin\cotizacion\up_cotizacion.php:80)
2018-07-11 05:24:03,814 INFO : Va consultar20 main.main(C:\xampp\htdocs\sailsiadco\admin\cotizacion\alta_cotizacion.php:27)
2018-07-11 05:24:03,816 INFO : valor del $molde_ancho 3 main.main(C:\xampp\htdocs\sailsiadco\admin\cotizacion\alta_cotizacion.php:48)
2018-07-11 05:24:03,817 INFO : 0 main.main(C:\xampp\htdocs\sailsiadco\admin\cotizacion\alta_cotizacion.php:146)
2018-07-11 05:25:50,978 INFO : Va consultar20 main.main(C:\xampp\htdocs\sailsiadco\admin\cotizacion\alta_cotizacion.php:27)
2018-07-11 05:25:50,980 INFO : valor del $molde_ancho 3 main.main(C:\xampp\htdocs\sailsiadco\admin\cotizacion\alta_cotizacion.php:48)
2018-07-11 05:25:50,982 INFO : 0 main.main(C:\xampp\htdocs\sailsiadco\admin\cotizacion\alta_cotizacion.php:146)
2018-07-11 05:25:57,626 INFO : 1 main.main(C:\xampp\htdocs\sailsiadco\admin\cotizacion\up_cotizacion.php:22)
2018-07-11 05:25:57,632 INFO : Antes de consulta en cotización #20 main.main(C:\xampp\htdocs\sailsiadco\admin\cotizacion\up_cotizacion.php:26)
2018-07-11 05:25:57,633 INFO : Actualizó cotización #20 main.main(C:\xampp\htdocs\sailsiadco\admin\cotizacion\up_cotizacion.php:32)
2018-07-11 05:25:57,749 INFO : Actualizó cotización #20 main.main(C:\xampp\htdocs\sailsiadco\admin\cotizacion\up_cotizacion.php:39)
2018-07-11 05:25:57,784 INFO : Editó detalle cotización #20 main.main(C:\xampp\htdocs\sailsiadco\admin\cotizacion\up_cotizacion.php:80)
2018-07-11 05:26:52,025 INFO : Va consultar20 main.main(C:\xampp\htdocs\sailsiadco\admin\cotizacion\alta_cotizacion.php:27)
2018-07-11 05:26:52,027 INFO : valor del $molde_ancho 3 main.main(C:\xampp\htdocs\sailsiadco\admin\cotizacion\alta_cotizacion.php:48)
2018-07-11 05:26:52,028 INFO : 0 main.main(C:\xampp\htdocs\sailsiadco\admin\cotizacion\alta_cotizacion.php:146)
2018-07-11 05:28:05,966 INFO : 1 main.main(C:\xampp\htdocs\sailsiadco\admin\cotizacion\up_cotizacion.php:22)
2018-07-11 05:28:05,969 INFO : Antes de consulta en cotización #20 main.main(C:\xampp\htdocs\sailsiadco\admin\cotizacion\up_cotizacion.php:26)
2018-07-11 05:28:05,970 INFO : Actualizó cotización #20 main.main(C:\xampp\htdocs\sailsiadco\admin\cotizacion\up_cotizacion.php:32)
2018-07-11 05:28:06,010 INFO : Actualizó cotización #20 main.main(C:\xampp\htdocs\sailsiadco\admin\cotizacion\up_cotizacion.php:39)
2018-07-11 05:28:06,012 INFO : Editó detalle cotización #20 main.main(C:\xampp\htdocs\sailsiadco\admin\cotizacion\up_cotizacion.php:80)
2018-07-11 05:50:08,761 INFO : Va consultar20 main.main(C:\xampp\htdocs\sailsiadco\admin\cotizacion\alta_cotizacion.php:27)
2018-07-11 05:50:08,764 INFO : valor del $molde_ancho 3 main.main(C:\xampp\htdocs\sailsiadco\admin\cotizacion\alta_cotizacion.php:48)
2018-07-11 05:50:08,765 INFO : 0 main.main(C:\xampp\htdocs\sailsiadco\admin\cotizacion\alta_cotizacion.php:146)
2018-07-11 05:54:14,338 INFO : Va consultar20 main.main(C:\xampp\htdocs\sailsiadco\admin\cotizacion\alta_cotizacion.php:27)
2018-07-11 05:54:14,340 INFO : valor del $molde_ancho 3 main.main(C:\xampp\htdocs\sailsiadco\admin\cotizacion\alta_cotizacion.php:48)
2018-07-11 05:54:14,369 INFO : 0 main.main(C:\xampp\htdocs\sailsiadco\admin\cotizacion\alta_cotizacion.php:146)
2018-07-11 06:19:48,521 INFO : Va consultar20 main.main(C:\xampp\htdocs\sailsiadco\admin\cotizacion\alta_cotizacion.php:27)
2018-07-11 06:19:48,523 INFO : valor del $molde_ancho 3 main.main(C:\xampp\htdocs\sailsiadco\admin\cotizacion\alta_cotizacion.php:48)
2018-07-11 06:19:48,525 INFO : 0 main.main(C:\xampp\htdocs\sailsiadco\admin\cotizacion\alta_cotizacion.php:146)
2018-07-11 06:20:31,394 INFO : 1 main.main(C:\xampp\htdocs\sailsiadco\admin\cotizacion\up_cotizacion.php:22)
2018-07-11 06:20:31,397 INFO : Antes de consulta en cotización #20 main.main(C:\xampp\htdocs\sailsiadco\admin\cotizacion\up_cotizacion.php:26)
2018-07-11 06:20:31,398 INFO : Actualizó cotización #20 main.main(C:\xampp\htdocs\sailsiadco\admin\cotizacion\up_cotizacion.php:32)
2018-07-11 06:20:31,460 INFO : Actualizó cotización #20 main.main(C:\xampp\htdocs\sailsiadco\admin\cotizacion\up_cotizacion.php:39)
2018-07-11 06:20:31,507 INFO : Editó detalle cotización #20 main.main(C:\xampp\htdocs\sailsiadco\admin\cotizacion\up_cotizacion.php:80)
2018-07-11 06:20:38,354 INFO : Va consultar20 main.main(C:\xampp\htdocs\sailsiadco\admin\cotizacion\alta_cotizacion.php:27)
2018-07-11 06:20:38,356 INFO : valor del $molde_ancho 3 main.main(C:\xampp\htdocs\sailsiadco\admin\cotizacion\alta_cotizacion.php:48)
2018-07-11 06:20:38,364 INFO : 0 main.main(C:\xampp\htdocs\sailsiadco\admin\cotizacion\alta_cotizacion.php:146)
2018-07-11 06:21:04,388 INFO : Va consultar20 main.main(C:\xampp\htdocs\sailsiadco\admin\cotizacion\alta_cotizacion.php:27)
2018-07-11 06:21:04,390 INFO : valor del $molde_ancho 3 main.main(C:\xampp\htdocs\sailsiadco\admin\cotizacion\alta_cotizacion.php:48)
2018-07-11 06:21:04,394 INFO : 0 main.main(C:\xampp\htdocs\sailsiadco\admin\cotizacion\alta_cotizacion.php:146)
2018-07-11 06:34:04,566 INFO : Va consultar20 main.main(C:\xampp\htdocs\sailsiadco\admin\cotizacion\alta_cotizacion.php:27)
2018-07-11 06:34:04,568 INFO : valor del $molde_ancho 3 main.main(C:\xampp\htdocs\sailsiadco\admin\cotizacion\alta_cotizacion.php:48)
2018-07-11 06:34:04,570 INFO : 0 main.main(C:\xampp\htdocs\sailsiadco\admin\cotizacion\alta_cotizacion.php:146)
2018-07-11 06:34:56,312 INFO : Va consultar20 main.main(C:\xampp\htdocs\sailsiadco\admin\cotizacion\alta_cotizacion.php:27)
2018-07-11 06:34:56,314 INFO : valor del $molde_ancho 3 main.main(C:\xampp\htdocs\sailsiadco\admin\cotizacion\alta_cotizacion.php:48)
2018-07-11 06:34:56,319 INFO : 0 main.main(C:\xampp\htdocs\sailsiadco\admin\cotizacion\alta_cotizacion.php:146)
2018-07-11 06:40:04,600 INFO : Va consultar20 main.main(C:\xampp\htdocs\sailsiadco\admin\cotizacion\alta_cotizacion.php:27)
2018-07-11 06:40:04,603 INFO : valor del $molde_ancho 3 main.main(C:\xampp\htdocs\sailsiadco\admin\cotizacion\alta_cotizacion.php:48)
2018-07-11 06:40:04,604 INFO : 0 main.main(C:\xampp\htdocs\sailsiadco\admin\cotizacion\alta_cotizacion.php:146)
2018-07-11 06:40:17,979 INFO : Va consultar20 main.main(C:\xampp\htdocs\sailsiadco\admin\cotizacion\alta_cotizacion.php:27)
2018-07-11 06:40:17,981 INFO : valor del $molde_ancho 3 main.main(C:\xampp\htdocs\sailsiadco\admin\cotizacion\alta_cotizacion.php:48)
2018-07-11 06:40:17,982 INFO : 0 main.main(C:\xampp\htdocs\sailsiadco\admin\cotizacion\alta_cotizacion.php:146)
2018-07-11 06:41:16,726 INFO : Va consultar20 main.main(C:\xampp\htdocs\sailsiadco\admin\cotizacion\alta_cotizacion.php:27)
2018-07-11 06:41:16,728 INFO : valor del $molde_ancho 3 main.main(C:\xampp\htdocs\sailsiadco\admin\cotizacion\alta_cotizacion.php:48)
2018-07-11 06:41:16,730 INFO : 0 main.main(C:\xampp\htdocs\sailsiadco\admin\cotizacion\alta_cotizacion.php:146)
2018-07-11 06:42:11,350 INFO : Va consultar20 main.main(C:\xampp\htdocs\sailsiadco\admin\cotizacion\alta_cotizacion.php:27)
2018-07-11 06:42:11,352 INFO : valor del $molde_ancho 3 main.main(C:\xampp\htdocs\sailsiadco\admin\cotizacion\alta_cotizacion.php:48)
2018-07-11 06:42:11,354 INFO : 0 main.main(C:\xampp\htdocs\sailsiadco\admin\cotizacion\alta_cotizacion.php:146)
2018-07-11 06:42:29,490 INFO : Va consultar20 main.main(C:\xampp\htdocs\sailsiadco\admin\cotizacion\alta_cotizacion.php:27)
2018-07-11 06:42:29,497 INFO : valor del $molde_ancho 3 main.main(C:\xampp\htdocs\sailsiadco\admin\cotizacion\alta_cotizacion.php:48)
2018-07-11 06:42:29,498 INFO : 0 main.main(C:\xampp\htdocs\sailsiadco\admin\cotizacion\alta_cotizacion.php:146)
2018-07-11 06:43:45,018 INFO : Va consultar20 main.main(C:\xampp\htdocs\sailsiadco\admin\cotizacion\alta_cotizacion.php:27)
2018-07-11 06:43:45,020 INFO : valor del $molde_ancho 3 main.main(C:\xampp\htdocs\sailsiadco\admin\cotizacion\alta_cotizacion.php:48)
2018-07-11 06:43:45,022 INFO : 0 main.main(C:\xampp\htdocs\sailsiadco\admin\cotizacion\alta_cotizacion.php:146)
2018-07-11 06:44:56,341 INFO : Va consultar20 main.main(C:\xampp\htdocs\sailsiadco\admin\cotizacion\alta_cotizacion.php:27)
2018-07-11 06:44:56,344 INFO : valor del $molde_ancho 3 main.main(C:\xampp\htdocs\sailsiadco\admin\cotizacion\alta_cotizacion.php:48)
2018-07-11 06:44:56,345 INFO : 0 main.main(C:\xampp\htdocs\sailsiadco\admin\cotizacion\alta_cotizacion.php:146)
2018-07-11 06:45:06,654 INFO : 2 main.main(C:\xampp\htdocs\sailsiadco\admin\cotizacion\up_cotizacion.php:22)
2018-07-11 06:45:06,681 INFO : Antes de consulta en cotización #20 main.main(C:\xampp\htdocs\sailsiadco\admin\cotizacion\up_cotizacion.php:26)
2018-07-11 06:45:06,684 INFO : Actualizó cotización #20 main.main(C:\xampp\htdocs\sailsiadco\admin\cotizacion\up_cotizacion.php:32)
2018-07-11 06:45:06,755 INFO : Actualizó cotización #20 main.main(C:\xampp\htdocs\sailsiadco\admin\cotizacion\up_cotizacion.php:39)
2018-07-11 06:45:06,771 INFO : Editó detalle cotización #20 main.main(C:\xampp\htdocs\sailsiadco\admin\cotizacion\up_cotizacion.php:80)
2018-07-11 06:45:22,470 INFO : Va consultar20 main.main(C:\xampp\htdocs\sailsiadco\admin\cotizacion\alta_cotizacion.php:27)
2018-07-11 06:45:22,473 INFO : valor del $molde_ancho 3 main.main(C:\xampp\htdocs\sailsiadco\admin\cotizacion\alta_cotizacion.php:48)
2018-07-11 06:45:22,475 INFO : 0 main.main(C:\xampp\htdocs\sailsiadco\admin\cotizacion\alta_cotizacion.php:146)
2018-07-11 06:45:34,977 INFO :  main.main(C:\xampp\htdocs\sailsiadco\admin\cotizacion\alta_cotizacion.php:146)
2018-07-11 06:45:54,610 INFO :  main.main(C:\xampp\htdocs\sailsiadco\admin\cotizacion\alta_cotizacion.php:146)
2018-07-11 06:46:04,721 INFO :  main.main(C:\xampp\htdocs\sailsiadco\admin\cotizacion\alta_cotizacion.php:146)
2018-07-11 06:46:49,706 INFO :  main.main(C:\xampp\htdocs\sailsiadco\admin\cotizacion\alta_cotizacion.php:146)
2018-07-11 06:48:46,768 INFO :  main.main(C:\xampp\htdocs\sailsiadco\admin\cotizacion\alta_cotizacion.php:146)
2018-07-11 06:50:02,373 INFO :  main.main(C:\xampp\htdocs\sailsiadco\admin\cotizacion\alta_cotizacion.php:146)
2018-07-11 06:50:16,611 INFO : Va consultar20 main.main(C:\xampp\htdocs\sailsiadco\admin\cotizacion\alta_cotizacion.php:27)
2018-07-11 06:50:16,620 INFO : valor del $molde_ancho 3 main.main(C:\xampp\htdocs\sailsiadco\admin\cotizacion\alta_cotizacion.php:48)
2018-07-11 06:50:16,627 INFO : 0 main.main(C:\xampp\htdocs\sailsiadco\admin\cotizacion\alta_cotizacion.php:146)
2018-07-11 07:00:51,022 INFO : Va consultar20 main.main(C:\xampp\htdocs\sailsiadco\admin\cotizacion\alta_cotizacion.php:27)
2018-07-11 07:00:51,095 INFO : valor del $molde_ancho 3 main.main(C:\xampp\htdocs\sailsiadco\admin\cotizacion\alta_cotizacion.php:48)
2018-07-11 07:00:51,132 INFO : 0 main.main(C:\xampp\htdocs\sailsiadco\admin\cotizacion\alta_cotizacion.php:146)
2018-07-11 07:15:25,139 INFO : Va consultar20 main.main(C:\xampp\htdocs\sailsiadco\admin\cotizacion\alta_cotizacion.php:27)
2018-07-11 07:15:25,332 INFO : valor del $molde_ancho  main.main(C:\xampp\htdocs\sailsiadco\admin\cotizacion\alta_cotizacion.php:48)
2018-07-11 07:15:25,406 INFO : 0 main.main(C:\xampp\htdocs\sailsiadco\admin\cotizacion\alta_cotizacion.php:146)
2018-07-11 07:16:11,693 INFO : Va consultar20 main.main(C:\xampp\htdocs\sailsiadco\admin\cotizacion\alta_cotizacion.php:27)
2018-07-11 07:16:11,698 INFO : valor del $molde_ancho  main.main(C:\xampp\htdocs\sailsiadco\admin\cotizacion\alta_cotizacion.php:48)
2018-07-11 07:16:11,700 INFO : 0 main.main(C:\xampp\htdocs\sailsiadco\admin\cotizacion\alta_cotizacion.php:146)
2018-07-11 07:17:20,241 INFO : Va consultar20 main.main(C:\xampp\htdocs\sailsiadco\admin\cotizacion\alta_cotizacion.php:27)
2018-07-11 07:17:20,243 INFO : valor del $molde_ancho 3 main.main(C:\xampp\htdocs\sailsiadco\admin\cotizacion\alta_cotizacion.php:48)
2018-07-11 07:17:20,246 INFO : 0 main.main(C:\xampp\htdocs\sailsiadco\admin\cotizacion\alta_cotizacion.php:146)
2018-07-11 07:19:20,490 INFO : 2 main.main(C:\xampp\htdocs\sailsiadco\admin\cotizacion\up_cotizacion.php:22)
2018-07-11 07:19:20,518 INFO : Antes de consulta en cotización #20 main.main(C:\xampp\htdocs\sailsiadco\admin\cotizacion\up_cotizacion.php:26)
2018-07-11 07:19:20,519 INFO : Actualizó cotización #20 main.main(C:\xampp\htdocs\sailsiadco\admin\cotizacion\up_cotizacion.php:32)
2018-07-11 07:19:20,561 INFO : Actualizó cotización #20 main.main(C:\xampp\htdocs\sailsiadco\admin\cotizacion\up_cotizacion.php:39)
2018-07-11 07:19:20,563 INFO : Editó detalle cotización #20 main.main(C:\xampp\htdocs\sailsiadco\admin\cotizacion\up_cotizacion.php:80)
2018-07-11 07:19:31,210 INFO : Va consultar20 main.main(C:\xampp\htdocs\sailsiadco\admin\cotizacion\alta_cotizacion.php:27)
2018-07-11 07:19:31,212 INFO : valor del $molde_ancho 3 main.main(C:\xampp\htdocs\sailsiadco\admin\cotizacion\alta_cotizacion.php:48)
2018-07-11 07:19:31,213 INFO : 0 main.main(C:\xampp\htdocs\sailsiadco\admin\cotizacion\alta_cotizacion.php:146)
2018-07-11 07:19:44,824 INFO :  main.main(C:\xampp\htdocs\sailsiadco\admin\cotizacion\alta_cotizacion.php:146)
2018-07-11 07:21:15,005 INFO :  main.main(C:\xampp\htdocs\sailsiadco\admin\cotizacion\alta_cotizacion.php:146)
2018-07-11 07:22:00,438 INFO : Va consultar20 main.main(C:\xampp\htdocs\sailsiadco\admin\cotizacion\alta_cotizacion.php:27)
2018-07-11 07:22:00,441 INFO : valor del $molde_ancho 3 main.main(C:\xampp\htdocs\sailsiadco\admin\cotizacion\alta_cotizacion.php:48)
2018-07-11 07:22:00,442 INFO : 0 main.main(C:\xampp\htdocs\sailsiadco\admin\cotizacion\alta_cotizacion.php:146)
