2018-06-05 05:15:01,912 ERROR: Error eliminando cliente: Cannot delete or update a parent row: a foreign key constraint fails (`sailsiadco`.`cotizacion`, CONSTRAINT `cotizacion_ibfk_1` FOREIGN KEY (`id_cliente`) REFERENCES `clientes` (`id`)) main.main(C:\xampp\htdocs\sailsiadco\admin\clientes\eliminar_cliente.php:11)
2018-06-05 05:21:46,867 ERROR: Error eliminando cliente: Cannot delete or update a parent row: a foreign key constraint fails (`sailsiadco`.`cotizacion`, CONSTRAINT `cotizacion_ibfk_1` FOREIGN KEY (`id_cliente`) REFERENCES `clientes` (`id`)) main.main(C:\xampp\htdocs\sailsiadco\admin\clientes\eliminar_cliente.php:11)
2018-06-05 05:24:12,260 ERROR: Error eliminando cliente: Cannot delete or update a parent row: a foreign key constraint fails (`sailsiadco`.`cotizacion`, CONSTRAINT `cotizacion_ibfk_1` FOREIGN KEY (`id_cliente`) REFERENCES `clientes` (`id`)) main.main(C:\xampp\htdocs\sailsiadco\admin\clientes\eliminar_cliente.php:11)
2018-06-05 05:29:59,832 ERROR: Error eliminando cliente: 1451Cannot delete or update a parent row: a foreign key constraint fails (`sailsiadco`.`cotizacion`, CONSTRAINT `cotizacion_ibfk_1` FOREIGN KEY (`id_cliente`) REFERENCES `clientes` (`id`)) main.main(C:\xampp\htdocs\sailsiadco\admin\clientes\eliminar_cliente.php:11)
2018-06-05 05:35:46,926 ERROR: 1451 Error eliminando cliente: Cannot delete or update a parent row: a foreign key constraint fails (`sailsiadco`.`cotizacion`, CONSTRAINT `cotizacion_ibfk_1` FOREIGN KEY (`id_cliente`) REFERENCES `clientes` (`id`)) main.main(C:\xampp\htdocs\sailsiadco\admin\clientes\eliminar_cliente.php:11)
2018-06-05 05:36:24,942 ERROR: 1451 Error eliminando cliente: Cannot delete or update a parent row: a foreign key constraint fails (`sailsiadco`.`cotizacion`, CONSTRAINT `cotizacion_ibfk_1` FOREIGN KEY (`id_cliente`) REFERENCES `clientes` (`id`)) main.main(C:\xampp\htdocs\sailsiadco\admin\clientes\eliminar_cliente.php:11)
2018-06-05 05:50:16,852 INFO : 0 main.main(C:\xampp\htdocs\sailsiadco\admin\cotizacion\alta_cotizacion.php:92)
2018-06-05 06:00:05,516 INFO :  main.main(C:\xampp\htdocs\sailsiadco\admin\cotizacion\alta_cotizacion.php:92)
2018-06-05 06:07:16,099 INFO :  main.main(C:\xampp\htdocs\sailsiadco\admin\cotizacion\alta_cotizacion.php:92)
2018-06-05 06:08:26,309 INFO :  main.main(C:\xampp\htdocs\sailsiadco\admin\cotizacion\alta_cotizacion.php:92)
2018-06-05 06:10:42,145 INFO :  main.main(C:\xampp\htdocs\sailsiadco\admin\cotizacion\alta_cotizacion.php:92)
2018-06-05 06:13:38,359 INFO :  main.main(C:\xampp\htdocs\sailsiadco\admin\cotizacion\alta_cotizacion.php:92)
2018-06-05 06:15:43,703 INFO :  main.main(C:\xampp\htdocs\sailsiadco\admin\cotizacion\alta_cotizacion.php:92)
2018-06-05 06:17:17,457 INFO :  main.main(C:\xampp\htdocs\sailsiadco\admin\cotizacion\alta_cotizacion.php:92)
2018-06-05 06:20:12,312 INFO :  main.main(C:\xampp\htdocs\sailsiadco\admin\cotizacion\alta_cotizacion.php:92)
2018-06-05 06:20:24,522 INFO :  main.main(C:\xampp\htdocs\sailsiadco\admin\cotizacion\alta_cotizacion.php:92)
2018-06-05 06:24:32,898 INFO :  main.main(C:\xampp\htdocs\sailsiadco\admin\cotizacion\alta_cotizacion.php:92)
2018-06-05 06:37:30,152 INFO :  main.main(C:\xampp\htdocs\sailsiadco\admin\cotizacion\alta_cotizacion.php:92)
2018-06-05 06:38:06,559 INFO :  main.main(C:\xampp\htdocs\sailsiadco\admin\cotizacion\alta_cotizacion.php:92)
2018-06-05 06:41:43,434 INFO :  main.main(C:\xampp\htdocs\sailsiadco\admin\cotizacion\alta_cotizacion.php:92)
2018-06-05 06:43:07,378 INFO :  main.main(C:\xampp\htdocs\sailsiadco\admin\cotizacion\alta_cotizacion.php:92)
2018-06-05 06:45:22,941 INFO :  main.main(C:\xampp\htdocs\sailsiadco\admin\cotizacion\alta_cotizacion.php:92)
2018-06-05 06:57:23,930 INFO :  main.main(C:\xampp\htdocs\sailsiadco\admin\cotizacion\alta_cotizacion.php:92)
2018-06-05 06:59:18,312 INFO :  main.main(C:\xampp\htdocs\sailsiadco\admin\cotizacion\alta_cotizacion.php:92)
2018-06-05 06:59:26,253 INFO :  main.main(C:\xampp\htdocs\sailsiadco\admin\cotizacion\alta_cotizacion.php:92)
2018-06-05 07:00:16,943 INFO :  main.main(C:\xampp\htdocs\sailsiadco\admin\cotizacion\alta_cotizacion.php:92)
2018-06-05 07:01:24,527 INFO :  main.main(C:\xampp\htdocs\sailsiadco\admin\cotizacion\alta_cotizacion.php:92)
2018-06-05 07:01:35,379 INFO :  main.main(C:\xampp\htdocs\sailsiadco\admin\cotizacion\alta_cotizacion.php:92)
2018-06-05 07:02:54,088 INFO :  main.main(C:\xampp\htdocs\sailsiadco\admin\cotizacion\alta_cotizacion.php:92)
2018-06-05 07:05:56,325 INFO :  main.main(C:\xampp\htdocs\sailsiadco\admin\cotizacion\alta_cotizacion.php:92)
2018-06-05 07:14:14,236 INFO :  main.main(C:\xampp\htdocs\sailsiadco\admin\cotizacion\alta_cotizacion.php:92)
2018-06-05 07:14:33,205 INFO :  main.main(C:\xampp\htdocs\sailsiadco\admin\cotizacion\alta_cotizacion.php:92)
2018-06-05 07:18:45,396 INFO :  main.main(C:\xampp\htdocs\sailsiadco\admin\cotizacion\alta_cotizacion.php:92)
2018-06-05 07:20:41,381 INFO :  main.main(C:\xampp\htdocs\sailsiadco\admin\cotizacion\alta_cotizacion.php:92)
2018-06-05 07:30:30,862 INFO :  main.main(C:\xampp\htdocs\sailsiadco\admin\cotizacion\alta_cotizacion.php:92)
2018-06-05 07:42:23,196 INFO :  main.main(C:\xampp\htdocs\sailsiadco\admin\cotizacion\alta_cotizacion.php:92)
2018-06-05 07:47:39,492 INFO : 3 main.main(C:\xampp\htdocs\sailsiadco\admin\cotizacion\alta_cotizacion.php:92)
