INFO - Actualizó cotización #
INFO - Aprobar
INFO - Actualizó cotización #
INFO - Liquidado
INFO - Actualizó cotización #
INFO - Ofrecido
INFO - Ofrecido
INFO - Ofrecido
INFO - Ofrecido
INFO - Ofrecido
INFO - Ofrecido
INFO - Actualizó cotización #
INFO - Aprobado
INFO - Actualizó cotización_id #20
INFO - Facturado
INFO - Actualizó cotización_id #20
INFO - Liquidado
INFO - Actualizó cotización_id #20
INFO - Actualizó cotización #9
2018-05-28T01:12:43+02:00 myLogger INFO  Ofrecido
2018-05-28T01:12:44+02:00 myLogger INFO  Actualizó cotización_id #19
2018-05-28T01:42:19+02:00 INFO  Actualizó cotización #1
2018-05-28 05:32:44,518 - ERROR - main.main(C:\xampp\htdocs\sailsiadco\admin\cotizacion\ins_cotizacion.php:42) Error intentando ingresar sin formulario desde: Array
2018-05-28 05:34:19,676 ERROR: Error intentando ingresar sin formulario desde: Array
 main.main(C:\xampp\htdocs\sailsiadco\admin\cotizacion\ins_cotizacion.php:42)2018-05-28 05:35:07,926 ERROR: Error intentando ingresar sin formulario desde: 192.168.148.1
 main.main(C:\xampp\htdocs\sailsiadco\admin\cotizacion\ins_cotizacion.php:42)2018-05-28 05:36:17,773 ERROR: Error intentando ingresar sin formulario desde: 192.168.148.1 main.main(C:\xampp\htdocs\sailsiadco\admin\cotizacion\ins_cotizacion.php:42)
2018-05-28 05:38:58,136 ERROR: Error intentando ingresar sin formulario desde: 192.168.148.1 main.main(C:\xampp\htdocs\sailsiadco\admin\cotizacion\ins_cotizacion.php:42)

2018-05-29 04:07:33,809 INFO : 0 main.main(C:\xampp\htdocs\sailsiadco\admin\cotizacion\alta_cotizacion.php:92)

2018-05-29 04:18:35,996 INFO : 0 main.main(C:\xampp\htdocs\sailsiadco\admin\cotizacion\alta_cotizacion.php:92)

2018-05-29 04:19:26,585 INFO : 0 main.main(C:\xampp\htdocs\sailsiadco\admin\cotizacion\alta_cotizacion.php:92)
2018-05-29 04:19:59,476 INFO : 0 main.main(C:\xampp\htdocs\sailsiadco\admin\cotizacion\alta_cotizacion.php:92)
2018-05-29 04:20:08,305 INFO : 0 main.main(C:\xampp\htdocs\sailsiadco\admin\cotizacion\alta_cotizacion.php:92)
2018-05-31 04:21:58,529 INFO : 0 main.main(C:\xampp\htdocs\sailsiadco\admin\cotizacion\alta_cotizacion.php:92)
